                                                                            D-MEM Bus &
Cycle:      IF      |     ID      |     EX      |     MEM     |     WB      Reg Result
    0:    4:lda     |   0:-       |   0:-       |   0:-       |   0:-       BUS_LOAD  MEM[0] accepted 1
    1:    8:nop     |   4:lda     |   0:-       |   0:-       |   0:-       BUS_LOAD  MEM[0] accepted 1
    2:   12:nop     |   8:nop     |   4:lda     |   0:-       |   0:-       BUS_LOAD  MEM[8] accepted 1
    3:   16:nop     |  12:nop     |   8:nop     |   4:lda     |   0:-       BUS_LOAD  MEM[8] accepted 1
    4:   20:nop     |  16:nop     |  12:nop     |   8:nop     |   4:lda     r2=0  BUS_LOAD  MEM[16] accepted 1
    5:   24:lda     |  20:nop     |  16:nop     |  12:nop     |   8:nop     BUS_LOAD  MEM[16] accepted 1
    6:   28:nop     |  24:lda     |  20:nop     |  16:nop     |  12:nop     BUS_LOAD  MEM[24] accepted 1
    7:   32:nop     |  28:nop     |  24:lda     |  20:nop     |  16:nop     BUS_LOAD  MEM[24] accepted 1
    8:   36:nop     |  32:nop     |  28:nop     |  24:lda     |  20:nop     BUS_LOAD  MEM[32] accepted 1
    9:   40:nop     |  36:nop     |  32:nop     |  28:nop     |  24:lda     r3=4096  BUS_LOAD  MEM[32] accepted 1
   10:   44:blbs    |  40:nop     |  36:nop     |  32:nop     |  28:nop     BUS_LOAD  MEM[40] accepted 1
   11:   48:nop     |  44:blbs    |  40:nop     |  36:nop     |  32:nop     BUS_LOAD  MEM[40] accepted 1
   12:   52:nop     |  48:nop     |  44:blbs    |  40:nop     |  36:nop     BUS_LOAD  MEM[48] accepted 1
   13:   56:nop     |  52:nop     |  48:nop     |  44:blbs    |  40:nop     BUS_LOAD  MEM[48] accepted 1
   14:   60:nop     |  56:nop     |  52:nop     |  48:nop     |  44:blbs    BUS_LOAD  MEM[56] accepted 1
   15:   64:stq     |  60:nop     |  56:nop     |  52:nop     |  48:nop     BUS_LOAD  MEM[56] accepted 1
   16:   68:nop     |  64:stq     |  60:nop     |  56:nop     |  52:nop     BUS_LOAD  MEM[64] accepted 1
   17:   72:nop     |  68:nop     |  64:stq     |  60:nop     |  56:nop     BUS_LOAD  MEM[64] accepted 1
   18:    0:-       |  72:nop     |  68:nop     |  64:stq     |  60:nop     BUS_STORE MEM[4096] = 0 accepted 1
   19:   76:nop     |   0:-       |  72:nop     |  68:nop     |  64:stq     BUS_LOAD  MEM[72] accepted 1
   20:   80:nop     |  76:nop     |   0:-       |  72:nop     |  68:nop     BUS_LOAD  MEM[72] accepted 1
   21:   84:addq    |  80:nop     |  76:nop     |   0:-       |  72:nop     BUS_LOAD  MEM[80] accepted 1
   22:   88:nop     |  84:addq    |  80:nop     |  76:nop     |   0:-       BUS_LOAD  MEM[80] accepted 1
   23:   92:nop     |  88:nop     |  84:addq    |  80:nop     |  76:nop     BUS_LOAD  MEM[88] accepted 1
   24:   96:nop     |  92:nop     |  88:nop     |  84:addq    |  80:nop     BUS_LOAD  MEM[88] accepted 1
   25:  100:nop     |  96:nop     |  92:nop     |  88:nop     |  84:addq    r3=4104  BUS_LOAD  MEM[96] accepted 1
   26:  104:addq    | 100:nop     |  96:nop     |  92:nop     |  88:nop     BUS_LOAD  MEM[96] accepted 1
   27:  108:nop     | 104:addq    | 100:nop     |  96:nop     |  92:nop     BUS_LOAD  MEM[104] accepted 1
   28:  112:nop     | 108:nop     | 104:addq    | 100:nop     |  96:nop     BUS_LOAD  MEM[104] accepted 1
   29:  116:nop     | 112:nop     | 108:nop     | 104:addq    | 100:nop     BUS_LOAD  MEM[112] accepted 1
   30:  120:nop     | 116:nop     | 112:nop     | 108:nop     | 104:addq    r2=1  BUS_LOAD  MEM[112] accepted 1
   31:  124:cmple   | 120:nop     | 116:nop     | 112:nop     | 108:nop     BUS_LOAD  MEM[120] accepted 1
   32:  128:nop     | 124:cmple   | 120:nop     | 116:nop     | 112:nop     BUS_LOAD  MEM[120] accepted 1
   33:  132:nop     | 128:nop     | 124:cmple   | 120:nop     | 116:nop     BUS_LOAD  MEM[128] accepted 1
   34:  136:nop     | 132:nop     | 128:nop     | 124:cmple   | 120:nop     BUS_LOAD  MEM[128] accepted 1
   35:  140:nop     | 136:nop     | 132:nop     | 128:nop     | 124:cmple   r1=1  BUS_LOAD  MEM[136] accepted 1
   36:  144:bne     | 140:nop     | 136:nop     | 132:nop     | 128:nop     BUS_LOAD  MEM[136] accepted 1
   37:  148:nop     | 144:bne     | 140:nop     | 136:nop     | 132:nop     BUS_LOAD  MEM[144] accepted 1
   38:  152:nop     | 148:nop     | 144:bne     | 140:nop     | 136:nop     BUS_LOAD  MEM[144] accepted 1
   39:  156:nop     | 152:nop     | 148:nop     | 144:bne     | 140:nop     BUS_LOAD  MEM[152] accepted 1
   40:   44:blbs    |   0:-       |   0:-       |   0:-       | 144:bne     BUS_LOAD  MEM[40] accepted 1
   41:   48:nop     |  44:blbs    |   0:-       |   0:-       |   0:-       BUS_LOAD  MEM[40] accepted 1
   42:   52:nop     |  48:nop     |  44:blbs    |   0:-       |   0:-       BUS_LOAD  MEM[48] accepted 1
   43:   56:nop     |  52:nop     |  48:nop     |  44:blbs    |   0:-       BUS_LOAD  MEM[48] accepted 1
   44:  104:addq    |   0:-       |   0:-       |   0:-       |  44:blbs    BUS_LOAD  MEM[96] accepted 1
   45:  108:nop     | 104:addq    |   0:-       |   0:-       |   0:-       BUS_LOAD  MEM[104] accepted 1
   46:  112:nop     | 108:nop     | 104:addq    |   0:-       |   0:-       BUS_LOAD  MEM[104] accepted 1
   47:  116:nop     | 112:nop     | 108:nop     | 104:addq    |   0:-       BUS_LOAD  MEM[112] accepted 1
   48:  120:nop     | 116:nop     | 112:nop     | 108:nop     | 104:addq    r2=2  BUS_LOAD  MEM[112] accepted 1
   49:  124:cmple   | 120:nop     | 116:nop     | 112:nop     | 108:nop     BUS_LOAD  MEM[120] accepted 1
   50:  128:nop     | 124:cmple   | 120:nop     | 116:nop     | 112:nop     BUS_LOAD  MEM[120] accepted 1
   51:  132:nop     | 128:nop     | 124:cmple   | 120:nop     | 116:nop     BUS_LOAD  MEM[128] accepted 1
   52:  136:nop     | 132:nop     | 128:nop     | 124:cmple   | 120:nop     BUS_LOAD  MEM[128] accepted 1
   53:  140:nop     | 136:nop     | 132:nop     | 128:nop     | 124:cmple   r1=1  BUS_LOAD  MEM[136] accepted 1
   54:  144:bne     | 140:nop     | 136:nop     | 132:nop     | 128:nop     BUS_LOAD  MEM[136] accepted 1
   55:  148:nop     | 144:bne     | 140:nop     | 136:nop     | 132:nop     BUS_LOAD  MEM[144] accepted 1
   56:  152:nop     | 148:nop     | 144:bne     | 140:nop     | 136:nop     BUS_LOAD  MEM[144] accepted 1
   57:  156:nop     | 152:nop     | 148:nop     | 144:bne     | 140:nop     BUS_LOAD  MEM[152] accepted 1
   58:   44:blbs    |   0:-       |   0:-       |   0:-       | 144:bne     BUS_LOAD  MEM[40] accepted 1
   59:   48:nop     |  44:blbs    |   0:-       |   0:-       |   0:-       BUS_LOAD  MEM[40] accepted 1
   60:   52:nop     |  48:nop     |  44:blbs    |   0:-       |   0:-       BUS_LOAD  MEM[48] accepted 1
   61:   56:nop     |  52:nop     |  48:nop     |  44:blbs    |   0:-       BUS_LOAD  MEM[48] accepted 1
   62:   60:nop     |  56:nop     |  52:nop     |  48:nop     |  44:blbs    BUS_LOAD  MEM[56] accepted 1
   63:   64:stq     |  60:nop     |  56:nop     |  52:nop     |  48:nop     BUS_LOAD  MEM[56] accepted 1
   64:   68:nop     |  64:stq     |  60:nop     |  56:nop     |  52:nop     BUS_LOAD  MEM[64] accepted 1
   65:   72:nop     |  68:nop     |  64:stq     |  60:nop     |  56:nop     BUS_LOAD  MEM[64] accepted 1
   66:    0:-       |  72:nop     |  68:nop     |  64:stq     |  60:nop     BUS_STORE MEM[4104] = 2 accepted 1
   67:   76:nop     |   0:-       |  72:nop     |  68:nop     |  64:stq     BUS_LOAD  MEM[72] accepted 1
   68:   80:nop     |  76:nop     |   0:-       |  72:nop     |  68:nop     BUS_LOAD  MEM[72] accepted 1
   69:   84:addq    |  80:nop     |  76:nop     |   0:-       |  72:nop     BUS_LOAD  MEM[80] accepted 1
   70:   88:nop     |  84:addq    |  80:nop     |  76:nop     |   0:-       BUS_LOAD  MEM[80] accepted 1
   71:   92:nop     |  88:nop     |  84:addq    |  80:nop     |  76:nop     BUS_LOAD  MEM[88] accepted 1
   72:   96:nop     |  92:nop     |  88:nop     |  84:addq    |  80:nop     BUS_LOAD  MEM[88] accepted 1
   73:  100:nop     |  96:nop     |  92:nop     |  88:nop     |  84:addq    r3=4112  BUS_LOAD  MEM[96] accepted 1
   74:  104:addq    | 100:nop     |  96:nop     |  92:nop     |  88:nop     BUS_LOAD  MEM[96] accepted 1
   75:  108:nop     | 104:addq    | 100:nop     |  96:nop     |  92:nop     BUS_LOAD  MEM[104] accepted 1
   76:  112:nop     | 108:nop     | 104:addq    | 100:nop     |  96:nop     BUS_LOAD  MEM[104] accepted 1
   77:  116:nop     | 112:nop     | 108:nop     | 104:addq    | 100:nop     BUS_LOAD  MEM[112] accepted 1
   78:  120:nop     | 116:nop     | 112:nop     | 108:nop     | 104:addq    r2=3  BUS_LOAD  MEM[112] accepted 1
   79:  124:cmple   | 120:nop     | 116:nop     | 112:nop     | 108:nop     BUS_LOAD  MEM[120] accepted 1
   80:  128:nop     | 124:cmple   | 120:nop     | 116:nop     | 112:nop     BUS_LOAD  MEM[120] accepted 1
   81:  132:nop     | 128:nop     | 124:cmple   | 120:nop     | 116:nop     BUS_LOAD  MEM[128] accepted 1
   82:  136:nop     | 132:nop     | 128:nop     | 124:cmple   | 120:nop     BUS_LOAD  MEM[128] accepted 1
   83:  140:nop     | 136:nop     | 132:nop     | 128:nop     | 124:cmple   r1=1  BUS_LOAD  MEM[136] accepted 1
   84:  144:bne     | 140:nop     | 136:nop     | 132:nop     | 128:nop     BUS_LOAD  MEM[136] accepted 1
   85:  148:nop     | 144:bne     | 140:nop     | 136:nop     | 132:nop     BUS_LOAD  MEM[144] accepted 1
   86:  152:nop     | 148:nop     | 144:bne     | 140:nop     | 136:nop     BUS_LOAD  MEM[144] accepted 1
   87:  156:nop     | 152:nop     | 148:nop     | 144:bne     | 140:nop     BUS_LOAD  MEM[152] accepted 1
   88:   44:blbs    |   0:-       |   0:-       |   0:-       | 144:bne     BUS_LOAD  MEM[40] accepted 1
   89:   48:nop     |  44:blbs    |   0:-       |   0:-       |   0:-       BUS_LOAD  MEM[40] accepted 1
   90:   52:nop     |  48:nop     |  44:blbs    |   0:-       |   0:-       BUS_LOAD  MEM[48] accepted 1
   91:   56:nop     |  52:nop     |  48:nop     |  44:blbs    |   0:-       BUS_LOAD  MEM[48] accepted 1
   92:  104:addq    |   0:-       |   0:-       |   0:-       |  44:blbs    BUS_LOAD  MEM[96] accepted 1
   93:  108:nop     | 104:addq    |   0:-       |   0:-       |   0:-       BUS_LOAD  MEM[104] accepted 1
   94:  112:nop     | 108:nop     | 104:addq    |   0:-       |   0:-       BUS_LOAD  MEM[104] accepted 1
   95:  116:nop     | 112:nop     | 108:nop     | 104:addq    |   0:-       BUS_LOAD  MEM[112] accepted 1
   96:  120:nop     | 116:nop     | 112:nop     | 108:nop     | 104:addq    r2=4  BUS_LOAD  MEM[112] accepted 1
   97:  124:cmple   | 120:nop     | 116:nop     | 112:nop     | 108:nop     BUS_LOAD  MEM[120] accepted 1
   98:  128:nop     | 124:cmple   | 120:nop     | 116:nop     | 112:nop     BUS_LOAD  MEM[120] accepted 1
   99:  132:nop     | 128:nop     | 124:cmple   | 120:nop     | 116:nop     BUS_LOAD  MEM[128] accepted 1
  100:  136:nop     | 132:nop     | 128:nop     | 124:cmple   | 120:nop     BUS_LOAD  MEM[128] accepted 1
  101:  140:nop     | 136:nop     | 132:nop     | 128:nop     | 124:cmple   r1=1  BUS_LOAD  MEM[136] accepted 1
  102:  144:bne     | 140:nop     | 136:nop     | 132:nop     | 128:nop     BUS_LOAD  MEM[136] accepted 1
  103:  148:nop     | 144:bne     | 140:nop     | 136:nop     | 132:nop     BUS_LOAD  MEM[144] accepted 1
  104:  152:nop     | 148:nop     | 144:bne     | 140:nop     | 136:nop     BUS_LOAD  MEM[144] accepted 1
  105:  156:nop     | 152:nop     | 148:nop     | 144:bne     | 140:nop     BUS_LOAD  MEM[152] accepted 1
  106:   44:blbs    |   0:-       |   0:-       |   0:-       | 144:bne     BUS_LOAD  MEM[40] accepted 1
  107:   48:nop     |  44:blbs    |   0:-       |   0:-       |   0:-       BUS_LOAD  MEM[40] accepted 1
  108:   52:nop     |  48:nop     |  44:blbs    |   0:-       |   0:-       BUS_LOAD  MEM[48] accepted 1
  109:   56:nop     |  52:nop     |  48:nop     |  44:blbs    |   0:-       BUS_LOAD  MEM[48] accepted 1
  110:   60:nop     |  56:nop     |  52:nop     |  48:nop     |  44:blbs    BUS_LOAD  MEM[56] accepted 1
  111:   64:stq     |  60:nop     |  56:nop     |  52:nop     |  48:nop     BUS_LOAD  MEM[56] accepted 1
  112:   68:nop     |  64:stq     |  60:nop     |  56:nop     |  52:nop     BUS_LOAD  MEM[64] accepted 1
  113:   72:nop     |  68:nop     |  64:stq     |  60:nop     |  56:nop     BUS_LOAD  MEM[64] accepted 1
  114:    0:-       |  72:nop     |  68:nop     |  64:stq     |  60:nop     BUS_STORE MEM[4112] = 4 accepted 1
  115:   76:nop     |   0:-       |  72:nop     |  68:nop     |  64:stq     BUS_LOAD  MEM[72] accepted 1
  116:   80:nop     |  76:nop     |   0:-       |  72:nop     |  68:nop     BUS_LOAD  MEM[72] accepted 1
  117:   84:addq    |  80:nop     |  76:nop     |   0:-       |  72:nop     BUS_LOAD  MEM[80] accepted 1
  118:   88:nop     |  84:addq    |  80:nop     |  76:nop     |   0:-       BUS_LOAD  MEM[80] accepted 1
  119:   92:nop     |  88:nop     |  84:addq    |  80:nop     |  76:nop     BUS_LOAD  MEM[88] accepted 1
  120:   96:nop     |  92:nop     |  88:nop     |  84:addq    |  80:nop     BUS_LOAD  MEM[88] accepted 1
  121:  100:nop     |  96:nop     |  92:nop     |  88:nop     |  84:addq    r3=4120  BUS_LOAD  MEM[96] accepted 1
  122:  104:addq    | 100:nop     |  96:nop     |  92:nop     |  88:nop     BUS_LOAD  MEM[96] accepted 1
  123:  108:nop     | 104:addq    | 100:nop     |  96:nop     |  92:nop     BUS_LOAD  MEM[104] accepted 1
  124:  112:nop     | 108:nop     | 104:addq    | 100:nop     |  96:nop     BUS_LOAD  MEM[104] accepted 1
  125:  116:nop     | 112:nop     | 108:nop     | 104:addq    | 100:nop     BUS_LOAD  MEM[112] accepted 1
  126:  120:nop     | 116:nop     | 112:nop     | 108:nop     | 104:addq    r2=5  BUS_LOAD  MEM[112] accepted 1
  127:  124:cmple   | 120:nop     | 116:nop     | 112:nop     | 108:nop     BUS_LOAD  MEM[120] accepted 1
  128:  128:nop     | 124:cmple   | 120:nop     | 116:nop     | 112:nop     BUS_LOAD  MEM[120] accepted 1
  129:  132:nop     | 128:nop     | 124:cmple   | 120:nop     | 116:nop     BUS_LOAD  MEM[128] accepted 1
  130:  136:nop     | 132:nop     | 128:nop     | 124:cmple   | 120:nop     BUS_LOAD  MEM[128] accepted 1
  131:  140:nop     | 136:nop     | 132:nop     | 128:nop     | 124:cmple   r1=1  BUS_LOAD  MEM[136] accepted 1
  132:  144:bne     | 140:nop     | 136:nop     | 132:nop     | 128:nop     BUS_LOAD  MEM[136] accepted 1
  133:  148:nop     | 144:bne     | 140:nop     | 136:nop     | 132:nop     BUS_LOAD  MEM[144] accepted 1
  134:  152:nop     | 148:nop     | 144:bne     | 140:nop     | 136:nop     BUS_LOAD  MEM[144] accepted 1
  135:  156:nop     | 152:nop     | 148:nop     | 144:bne     | 140:nop     BUS_LOAD  MEM[152] accepted 1
  136:   44:blbs    |   0:-       |   0:-       |   0:-       | 144:bne     BUS_LOAD  MEM[40] accepted 1
  137:   48:nop     |  44:blbs    |   0:-       |   0:-       |   0:-       BUS_LOAD  MEM[40] accepted 1
  138:   52:nop     |  48:nop     |  44:blbs    |   0:-       |   0:-       BUS_LOAD  MEM[48] accepted 1
  139:   56:nop     |  52:nop     |  48:nop     |  44:blbs    |   0:-       BUS_LOAD  MEM[48] accepted 1
  140:  104:addq    |   0:-       |   0:-       |   0:-       |  44:blbs    BUS_LOAD  MEM[96] accepted 1
  141:  108:nop     | 104:addq    |   0:-       |   0:-       |   0:-       BUS_LOAD  MEM[104] accepted 1
  142:  112:nop     | 108:nop     | 104:addq    |   0:-       |   0:-       BUS_LOAD  MEM[104] accepted 1
  143:  116:nop     | 112:nop     | 108:nop     | 104:addq    |   0:-       BUS_LOAD  MEM[112] accepted 1
  144:  120:nop     | 116:nop     | 112:nop     | 108:nop     | 104:addq    r2=6  BUS_LOAD  MEM[112] accepted 1
  145:  124:cmple   | 120:nop     | 116:nop     | 112:nop     | 108:nop     BUS_LOAD  MEM[120] accepted 1
  146:  128:nop     | 124:cmple   | 120:nop     | 116:nop     | 112:nop     BUS_LOAD  MEM[120] accepted 1
  147:  132:nop     | 128:nop     | 124:cmple   | 120:nop     | 116:nop     BUS_LOAD  MEM[128] accepted 1
  148:  136:nop     | 132:nop     | 128:nop     | 124:cmple   | 120:nop     BUS_LOAD  MEM[128] accepted 1
  149:  140:nop     | 136:nop     | 132:nop     | 128:nop     | 124:cmple   r1=1  BUS_LOAD  MEM[136] accepted 1
  150:  144:bne     | 140:nop     | 136:nop     | 132:nop     | 128:nop     BUS_LOAD  MEM[136] accepted 1
  151:  148:nop     | 144:bne     | 140:nop     | 136:nop     | 132:nop     BUS_LOAD  MEM[144] accepted 1
  152:  152:nop     | 148:nop     | 144:bne     | 140:nop     | 136:nop     BUS_LOAD  MEM[144] accepted 1
  153:  156:nop     | 152:nop     | 148:nop     | 144:bne     | 140:nop     BUS_LOAD  MEM[152] accepted 1
  154:   44:blbs    |   0:-       |   0:-       |   0:-       | 144:bne     BUS_LOAD  MEM[40] accepted 1
  155:   48:nop     |  44:blbs    |   0:-       |   0:-       |   0:-       BUS_LOAD  MEM[40] accepted 1
  156:   52:nop     |  48:nop     |  44:blbs    |   0:-       |   0:-       BUS_LOAD  MEM[48] accepted 1
  157:   56:nop     |  52:nop     |  48:nop     |  44:blbs    |   0:-       BUS_LOAD  MEM[48] accepted 1
  158:   60:nop     |  56:nop     |  52:nop     |  48:nop     |  44:blbs    BUS_LOAD  MEM[56] accepted 1
  159:   64:stq     |  60:nop     |  56:nop     |  52:nop     |  48:nop     BUS_LOAD  MEM[56] accepted 1
  160:   68:nop     |  64:stq     |  60:nop     |  56:nop     |  52:nop     BUS_LOAD  MEM[64] accepted 1
  161:   72:nop     |  68:nop     |  64:stq     |  60:nop     |  56:nop     BUS_LOAD  MEM[64] accepted 1
  162:    0:-       |  72:nop     |  68:nop     |  64:stq     |  60:nop     BUS_STORE MEM[4120] = 6 accepted 1
  163:   76:nop     |   0:-       |  72:nop     |  68:nop     |  64:stq     BUS_LOAD  MEM[72] accepted 1
  164:   80:nop     |  76:nop     |   0:-       |  72:nop     |  68:nop     BUS_LOAD  MEM[72] accepted 1
  165:   84:addq    |  80:nop     |  76:nop     |   0:-       |  72:nop     BUS_LOAD  MEM[80] accepted 1
  166:   88:nop     |  84:addq    |  80:nop     |  76:nop     |   0:-       BUS_LOAD  MEM[80] accepted 1
  167:   92:nop     |  88:nop     |  84:addq    |  80:nop     |  76:nop     BUS_LOAD  MEM[88] accepted 1
  168:   96:nop     |  92:nop     |  88:nop     |  84:addq    |  80:nop     BUS_LOAD  MEM[88] accepted 1
  169:  100:nop     |  96:nop     |  92:nop     |  88:nop     |  84:addq    r3=4128  BUS_LOAD  MEM[96] accepted 1
  170:  104:addq    | 100:nop     |  96:nop     |  92:nop     |  88:nop     BUS_LOAD  MEM[96] accepted 1
  171:  108:nop     | 104:addq    | 100:nop     |  96:nop     |  92:nop     BUS_LOAD  MEM[104] accepted 1
  172:  112:nop     | 108:nop     | 104:addq    | 100:nop     |  96:nop     BUS_LOAD  MEM[104] accepted 1
  173:  116:nop     | 112:nop     | 108:nop     | 104:addq    | 100:nop     BUS_LOAD  MEM[112] accepted 1
  174:  120:nop     | 116:nop     | 112:nop     | 108:nop     | 104:addq    r2=7  BUS_LOAD  MEM[112] accepted 1
  175:  124:cmple   | 120:nop     | 116:nop     | 112:nop     | 108:nop     BUS_LOAD  MEM[120] accepted 1
  176:  128:nop     | 124:cmple   | 120:nop     | 116:nop     | 112:nop     BUS_LOAD  MEM[120] accepted 1
  177:  132:nop     | 128:nop     | 124:cmple   | 120:nop     | 116:nop     BUS_LOAD  MEM[128] accepted 1
  178:  136:nop     | 132:nop     | 128:nop     | 124:cmple   | 120:nop     BUS_LOAD  MEM[128] accepted 1
  179:  140:nop     | 136:nop     | 132:nop     | 128:nop     | 124:cmple   r1=1  BUS_LOAD  MEM[136] accepted 1
  180:  144:bne     | 140:nop     | 136:nop     | 132:nop     | 128:nop     BUS_LOAD  MEM[136] accepted 1
  181:  148:nop     | 144:bne     | 140:nop     | 136:nop     | 132:nop     BUS_LOAD  MEM[144] accepted 1
  182:  152:nop     | 148:nop     | 144:bne     | 140:nop     | 136:nop     BUS_LOAD  MEM[144] accepted 1
  183:  156:nop     | 152:nop     | 148:nop     | 144:bne     | 140:nop     BUS_LOAD  MEM[152] accepted 1
  184:   44:blbs    |   0:-       |   0:-       |   0:-       | 144:bne     BUS_LOAD  MEM[40] accepted 1
  185:   48:nop     |  44:blbs    |   0:-       |   0:-       |   0:-       BUS_LOAD  MEM[40] accepted 1
  186:   52:nop     |  48:nop     |  44:blbs    |   0:-       |   0:-       BUS_LOAD  MEM[48] accepted 1
  187:   56:nop     |  52:nop     |  48:nop     |  44:blbs    |   0:-       BUS_LOAD  MEM[48] accepted 1
  188:  104:addq    |   0:-       |   0:-       |   0:-       |  44:blbs    BUS_LOAD  MEM[96] accepted 1
  189:  108:nop     | 104:addq    |   0:-       |   0:-       |   0:-       BUS_LOAD  MEM[104] accepted 1
  190:  112:nop     | 108:nop     | 104:addq    |   0:-       |   0:-       BUS_LOAD  MEM[104] accepted 1
  191:  116:nop     | 112:nop     | 108:nop     | 104:addq    |   0:-       BUS_LOAD  MEM[112] accepted 1
  192:  120:nop     | 116:nop     | 112:nop     | 108:nop     | 104:addq    r2=8  BUS_LOAD  MEM[112] accepted 1
  193:  124:cmple   | 120:nop     | 116:nop     | 112:nop     | 108:nop     BUS_LOAD  MEM[120] accepted 1
  194:  128:nop     | 124:cmple   | 120:nop     | 116:nop     | 112:nop     BUS_LOAD  MEM[120] accepted 1
  195:  132:nop     | 128:nop     | 124:cmple   | 120:nop     | 116:nop     BUS_LOAD  MEM[128] accepted 1
  196:  136:nop     | 132:nop     | 128:nop     | 124:cmple   | 120:nop     BUS_LOAD  MEM[128] accepted 1
  197:  140:nop     | 136:nop     | 132:nop     | 128:nop     | 124:cmple   r1=1  BUS_LOAD  MEM[136] accepted 1
  198:  144:bne     | 140:nop     | 136:nop     | 132:nop     | 128:nop     BUS_LOAD  MEM[136] accepted 1
  199:  148:nop     | 144:bne     | 140:nop     | 136:nop     | 132:nop     BUS_LOAD  MEM[144] accepted 1
  200:  152:nop     | 148:nop     | 144:bne     | 140:nop     | 136:nop     BUS_LOAD  MEM[144] accepted 1
  201:  156:nop     | 152:nop     | 148:nop     | 144:bne     | 140:nop     BUS_LOAD  MEM[152] accepted 1
  202:   44:blbs    |   0:-       |   0:-       |   0:-       | 144:bne     BUS_LOAD  MEM[40] accepted 1
  203:   48:nop     |  44:blbs    |   0:-       |   0:-       |   0:-       BUS_LOAD  MEM[40] accepted 1
  204:   52:nop     |  48:nop     |  44:blbs    |   0:-       |   0:-       BUS_LOAD  MEM[48] accepted 1
  205:   56:nop     |  52:nop     |  48:nop     |  44:blbs    |   0:-       BUS_LOAD  MEM[48] accepted 1
  206:   60:nop     |  56:nop     |  52:nop     |  48:nop     |  44:blbs    BUS_LOAD  MEM[56] accepted 1
  207:   64:stq     |  60:nop     |  56:nop     |  52:nop     |  48:nop     BUS_LOAD  MEM[56] accepted 1
  208:   68:nop     |  64:stq     |  60:nop     |  56:nop     |  52:nop     BUS_LOAD  MEM[64] accepted 1
  209:   72:nop     |  68:nop     |  64:stq     |  60:nop     |  56:nop     BUS_LOAD  MEM[64] accepted 1
  210:    0:-       |  72:nop     |  68:nop     |  64:stq     |  60:nop     BUS_STORE MEM[4128] = 8 accepted 1
  211:   76:nop     |   0:-       |  72:nop     |  68:nop     |  64:stq     BUS_LOAD  MEM[72] accepted 1
  212:   80:nop     |  76:nop     |   0:-       |  72:nop     |  68:nop     BUS_LOAD  MEM[72] accepted 1
  213:   84:addq    |  80:nop     |  76:nop     |   0:-       |  72:nop     BUS_LOAD  MEM[80] accepted 1
  214:   88:nop     |  84:addq    |  80:nop     |  76:nop     |   0:-       BUS_LOAD  MEM[80] accepted 1
  215:   92:nop     |  88:nop     |  84:addq    |  80:nop     |  76:nop     BUS_LOAD  MEM[88] accepted 1
  216:   96:nop     |  92:nop     |  88:nop     |  84:addq    |  80:nop     BUS_LOAD  MEM[88] accepted 1
  217:  100:nop     |  96:nop     |  92:nop     |  88:nop     |  84:addq    r3=4136  BUS_LOAD  MEM[96] accepted 1
  218:  104:addq    | 100:nop     |  96:nop     |  92:nop     |  88:nop     BUS_LOAD  MEM[96] accepted 1
  219:  108:nop     | 104:addq    | 100:nop     |  96:nop     |  92:nop     BUS_LOAD  MEM[104] accepted 1
  220:  112:nop     | 108:nop     | 104:addq    | 100:nop     |  96:nop     BUS_LOAD  MEM[104] accepted 1
  221:  116:nop     | 112:nop     | 108:nop     | 104:addq    | 100:nop     BUS_LOAD  MEM[112] accepted 1
  222:  120:nop     | 116:nop     | 112:nop     | 108:nop     | 104:addq    r2=9  BUS_LOAD  MEM[112] accepted 1
  223:  124:cmple   | 120:nop     | 116:nop     | 112:nop     | 108:nop     BUS_LOAD  MEM[120] accepted 1
  224:  128:nop     | 124:cmple   | 120:nop     | 116:nop     | 112:nop     BUS_LOAD  MEM[120] accepted 1
  225:  132:nop     | 128:nop     | 124:cmple   | 120:nop     | 116:nop     BUS_LOAD  MEM[128] accepted 1
  226:  136:nop     | 132:nop     | 128:nop     | 124:cmple   | 120:nop     BUS_LOAD  MEM[128] accepted 1
  227:  140:nop     | 136:nop     | 132:nop     | 128:nop     | 124:cmple   r1=1  BUS_LOAD  MEM[136] accepted 1
  228:  144:bne     | 140:nop     | 136:nop     | 132:nop     | 128:nop     BUS_LOAD  MEM[136] accepted 1
  229:  148:nop     | 144:bne     | 140:nop     | 136:nop     | 132:nop     BUS_LOAD  MEM[144] accepted 1
  230:  152:nop     | 148:nop     | 144:bne     | 140:nop     | 136:nop     BUS_LOAD  MEM[144] accepted 1
  231:  156:nop     | 152:nop     | 148:nop     | 144:bne     | 140:nop     BUS_LOAD  MEM[152] accepted 1
  232:   44:blbs    |   0:-       |   0:-       |   0:-       | 144:bne     BUS_LOAD  MEM[40] accepted 1
  233:   48:nop     |  44:blbs    |   0:-       |   0:-       |   0:-       BUS_LOAD  MEM[40] accepted 1
  234:   52:nop     |  48:nop     |  44:blbs    |   0:-       |   0:-       BUS_LOAD  MEM[48] accepted 1
  235:   56:nop     |  52:nop     |  48:nop     |  44:blbs    |   0:-       BUS_LOAD  MEM[48] accepted 1
  236:  104:addq    |   0:-       |   0:-       |   0:-       |  44:blbs    BUS_LOAD  MEM[96] accepted 1
  237:  108:nop     | 104:addq    |   0:-       |   0:-       |   0:-       BUS_LOAD  MEM[104] accepted 1
  238:  112:nop     | 108:nop     | 104:addq    |   0:-       |   0:-       BUS_LOAD  MEM[104] accepted 1
  239:  116:nop     | 112:nop     | 108:nop     | 104:addq    |   0:-       BUS_LOAD  MEM[112] accepted 1
  240:  120:nop     | 116:nop     | 112:nop     | 108:nop     | 104:addq    r2=10  BUS_LOAD  MEM[112] accepted 1
  241:  124:cmple   | 120:nop     | 116:nop     | 112:nop     | 108:nop     BUS_LOAD  MEM[120] accepted 1
  242:  128:nop     | 124:cmple   | 120:nop     | 116:nop     | 112:nop     BUS_LOAD  MEM[120] accepted 1
  243:  132:nop     | 128:nop     | 124:cmple   | 120:nop     | 116:nop     BUS_LOAD  MEM[128] accepted 1
  244:  136:nop     | 132:nop     | 128:nop     | 124:cmple   | 120:nop     BUS_LOAD  MEM[128] accepted 1
  245:  140:nop     | 136:nop     | 132:nop     | 128:nop     | 124:cmple   r1=1  BUS_LOAD  MEM[136] accepted 1
  246:  144:bne     | 140:nop     | 136:nop     | 132:nop     | 128:nop     BUS_LOAD  MEM[136] accepted 1
  247:  148:nop     | 144:bne     | 140:nop     | 136:nop     | 132:nop     BUS_LOAD  MEM[144] accepted 1
  248:  152:nop     | 148:nop     | 144:bne     | 140:nop     | 136:nop     BUS_LOAD  MEM[144] accepted 1
  249:  156:nop     | 152:nop     | 148:nop     | 144:bne     | 140:nop     BUS_LOAD  MEM[152] accepted 1
  250:   44:blbs    |   0:-       |   0:-       |   0:-       | 144:bne     BUS_LOAD  MEM[40] accepted 1
  251:   48:nop     |  44:blbs    |   0:-       |   0:-       |   0:-       BUS_LOAD  MEM[40] accepted 1
  252:   52:nop     |  48:nop     |  44:blbs    |   0:-       |   0:-       BUS_LOAD  MEM[48] accepted 1
  253:   56:nop     |  52:nop     |  48:nop     |  44:blbs    |   0:-       BUS_LOAD  MEM[48] accepted 1
  254:   60:nop     |  56:nop     |  52:nop     |  48:nop     |  44:blbs    BUS_LOAD  MEM[56] accepted 1
  255:   64:stq     |  60:nop     |  56:nop     |  52:nop     |  48:nop     BUS_LOAD  MEM[56] accepted 1
  256:   68:nop     |  64:stq     |  60:nop     |  56:nop     |  52:nop     BUS_LOAD  MEM[64] accepted 1
  257:   72:nop     |  68:nop     |  64:stq     |  60:nop     |  56:nop     BUS_LOAD  MEM[64] accepted 1
  258:    0:-       |  72:nop     |  68:nop     |  64:stq     |  60:nop     BUS_STORE MEM[4136] = 10 accepted 1
  259:   76:nop     |   0:-       |  72:nop     |  68:nop     |  64:stq     BUS_LOAD  MEM[72] accepted 1
  260:   80:nop     |  76:nop     |   0:-       |  72:nop     |  68:nop     BUS_LOAD  MEM[72] accepted 1
  261:   84:addq    |  80:nop     |  76:nop     |   0:-       |  72:nop     BUS_LOAD  MEM[80] accepted 1
  262:   88:nop     |  84:addq    |  80:nop     |  76:nop     |   0:-       BUS_LOAD  MEM[80] accepted 1
  263:   92:nop     |  88:nop     |  84:addq    |  80:nop     |  76:nop     BUS_LOAD  MEM[88] accepted 1
  264:   96:nop     |  92:nop     |  88:nop     |  84:addq    |  80:nop     BUS_LOAD  MEM[88] accepted 1
  265:  100:nop     |  96:nop     |  92:nop     |  88:nop     |  84:addq    r3=4144  BUS_LOAD  MEM[96] accepted 1
  266:  104:addq    | 100:nop     |  96:nop     |  92:nop     |  88:nop     BUS_LOAD  MEM[96] accepted 1
  267:  108:nop     | 104:addq    | 100:nop     |  96:nop     |  92:nop     BUS_LOAD  MEM[104] accepted 1
  268:  112:nop     | 108:nop     | 104:addq    | 100:nop     |  96:nop     BUS_LOAD  MEM[104] accepted 1
  269:  116:nop     | 112:nop     | 108:nop     | 104:addq    | 100:nop     BUS_LOAD  MEM[112] accepted 1
  270:  120:nop     | 116:nop     | 112:nop     | 108:nop     | 104:addq    r2=11  BUS_LOAD  MEM[112] accepted 1
  271:  124:cmple   | 120:nop     | 116:nop     | 112:nop     | 108:nop     BUS_LOAD  MEM[120] accepted 1
  272:  128:nop     | 124:cmple   | 120:nop     | 116:nop     | 112:nop     BUS_LOAD  MEM[120] accepted 1
  273:  132:nop     | 128:nop     | 124:cmple   | 120:nop     | 116:nop     BUS_LOAD  MEM[128] accepted 1
  274:  136:nop     | 132:nop     | 128:nop     | 124:cmple   | 120:nop     BUS_LOAD  MEM[128] accepted 1
  275:  140:nop     | 136:nop     | 132:nop     | 128:nop     | 124:cmple   r1=1  BUS_LOAD  MEM[136] accepted 1
  276:  144:bne     | 140:nop     | 136:nop     | 132:nop     | 128:nop     BUS_LOAD  MEM[136] accepted 1
  277:  148:nop     | 144:bne     | 140:nop     | 136:nop     | 132:nop     BUS_LOAD  MEM[144] accepted 1
  278:  152:nop     | 148:nop     | 144:bne     | 140:nop     | 136:nop     BUS_LOAD  MEM[144] accepted 1
  279:  156:nop     | 152:nop     | 148:nop     | 144:bne     | 140:nop     BUS_LOAD  MEM[152] accepted 1
  280:   44:blbs    |   0:-       |   0:-       |   0:-       | 144:bne     BUS_LOAD  MEM[40] accepted 1
  281:   48:nop     |  44:blbs    |   0:-       |   0:-       |   0:-       BUS_LOAD  MEM[40] accepted 1
  282:   52:nop     |  48:nop     |  44:blbs    |   0:-       |   0:-       BUS_LOAD  MEM[48] accepted 1
  283:   56:nop     |  52:nop     |  48:nop     |  44:blbs    |   0:-       BUS_LOAD  MEM[48] accepted 1
  284:  104:addq    |   0:-       |   0:-       |   0:-       |  44:blbs    BUS_LOAD  MEM[96] accepted 1
  285:  108:nop     | 104:addq    |   0:-       |   0:-       |   0:-       BUS_LOAD  MEM[104] accepted 1
  286:  112:nop     | 108:nop     | 104:addq    |   0:-       |   0:-       BUS_LOAD  MEM[104] accepted 1
  287:  116:nop     | 112:nop     | 108:nop     | 104:addq    |   0:-       BUS_LOAD  MEM[112] accepted 1
  288:  120:nop     | 116:nop     | 112:nop     | 108:nop     | 104:addq    r2=12  BUS_LOAD  MEM[112] accepted 1
  289:  124:cmple   | 120:nop     | 116:nop     | 112:nop     | 108:nop     BUS_LOAD  MEM[120] accepted 1
  290:  128:nop     | 124:cmple   | 120:nop     | 116:nop     | 112:nop     BUS_LOAD  MEM[120] accepted 1
  291:  132:nop     | 128:nop     | 124:cmple   | 120:nop     | 116:nop     BUS_LOAD  MEM[128] accepted 1
  292:  136:nop     | 132:nop     | 128:nop     | 124:cmple   | 120:nop     BUS_LOAD  MEM[128] accepted 1
  293:  140:nop     | 136:nop     | 132:nop     | 128:nop     | 124:cmple   r1=1  BUS_LOAD  MEM[136] accepted 1
  294:  144:bne     | 140:nop     | 136:nop     | 132:nop     | 128:nop     BUS_LOAD  MEM[136] accepted 1
  295:  148:nop     | 144:bne     | 140:nop     | 136:nop     | 132:nop     BUS_LOAD  MEM[144] accepted 1
  296:  152:nop     | 148:nop     | 144:bne     | 140:nop     | 136:nop     BUS_LOAD  MEM[144] accepted 1
  297:  156:nop     | 152:nop     | 148:nop     | 144:bne     | 140:nop     BUS_LOAD  MEM[152] accepted 1
  298:   44:blbs    |   0:-       |   0:-       |   0:-       | 144:bne     BUS_LOAD  MEM[40] accepted 1
  299:   48:nop     |  44:blbs    |   0:-       |   0:-       |   0:-       BUS_LOAD  MEM[40] accepted 1
  300:   52:nop     |  48:nop     |  44:blbs    |   0:-       |   0:-       BUS_LOAD  MEM[48] accepted 1
  301:   56:nop     |  52:nop     |  48:nop     |  44:blbs    |   0:-       BUS_LOAD  MEM[48] accepted 1
  302:   60:nop     |  56:nop     |  52:nop     |  48:nop     |  44:blbs    BUS_LOAD  MEM[56] accepted 1
  303:   64:stq     |  60:nop     |  56:nop     |  52:nop     |  48:nop     BUS_LOAD  MEM[56] accepted 1
  304:   68:nop     |  64:stq     |  60:nop     |  56:nop     |  52:nop     BUS_LOAD  MEM[64] accepted 1
  305:   72:nop     |  68:nop     |  64:stq     |  60:nop     |  56:nop     BUS_LOAD  MEM[64] accepted 1
  306:    0:-       |  72:nop     |  68:nop     |  64:stq     |  60:nop     BUS_STORE MEM[4144] = 12 accepted 1
  307:   76:nop     |   0:-       |  72:nop     |  68:nop     |  64:stq     BUS_LOAD  MEM[72] accepted 1
  308:   80:nop     |  76:nop     |   0:-       |  72:nop     |  68:nop     BUS_LOAD  MEM[72] accepted 1
  309:   84:addq    |  80:nop     |  76:nop     |   0:-       |  72:nop     BUS_LOAD  MEM[80] accepted 1
  310:   88:nop     |  84:addq    |  80:nop     |  76:nop     |   0:-       BUS_LOAD  MEM[80] accepted 1
  311:   92:nop     |  88:nop     |  84:addq    |  80:nop     |  76:nop     BUS_LOAD  MEM[88] accepted 1
  312:   96:nop     |  92:nop     |  88:nop     |  84:addq    |  80:nop     BUS_LOAD  MEM[88] accepted 1
  313:  100:nop     |  96:nop     |  92:nop     |  88:nop     |  84:addq    r3=4152  BUS_LOAD  MEM[96] accepted 1
  314:  104:addq    | 100:nop     |  96:nop     |  92:nop     |  88:nop     BUS_LOAD  MEM[96] accepted 1
  315:  108:nop     | 104:addq    | 100:nop     |  96:nop     |  92:nop     BUS_LOAD  MEM[104] accepted 1
  316:  112:nop     | 108:nop     | 104:addq    | 100:nop     |  96:nop     BUS_LOAD  MEM[104] accepted 1
  317:  116:nop     | 112:nop     | 108:nop     | 104:addq    | 100:nop     BUS_LOAD  MEM[112] accepted 1
  318:  120:nop     | 116:nop     | 112:nop     | 108:nop     | 104:addq    r2=13  BUS_LOAD  MEM[112] accepted 1
  319:  124:cmple   | 120:nop     | 116:nop     | 112:nop     | 108:nop     BUS_LOAD  MEM[120] accepted 1
  320:  128:nop     | 124:cmple   | 120:nop     | 116:nop     | 112:nop     BUS_LOAD  MEM[120] accepted 1
  321:  132:nop     | 128:nop     | 124:cmple   | 120:nop     | 116:nop     BUS_LOAD  MEM[128] accepted 1
  322:  136:nop     | 132:nop     | 128:nop     | 124:cmple   | 120:nop     BUS_LOAD  MEM[128] accepted 1
  323:  140:nop     | 136:nop     | 132:nop     | 128:nop     | 124:cmple   r1=1  BUS_LOAD  MEM[136] accepted 1
  324:  144:bne     | 140:nop     | 136:nop     | 132:nop     | 128:nop     BUS_LOAD  MEM[136] accepted 1
  325:  148:nop     | 144:bne     | 140:nop     | 136:nop     | 132:nop     BUS_LOAD  MEM[144] accepted 1
  326:  152:nop     | 148:nop     | 144:bne     | 140:nop     | 136:nop     BUS_LOAD  MEM[144] accepted 1
  327:  156:nop     | 152:nop     | 148:nop     | 144:bne     | 140:nop     BUS_LOAD  MEM[152] accepted 1
  328:   44:blbs    |   0:-       |   0:-       |   0:-       | 144:bne     BUS_LOAD  MEM[40] accepted 1
  329:   48:nop     |  44:blbs    |   0:-       |   0:-       |   0:-       BUS_LOAD  MEM[40] accepted 1
  330:   52:nop     |  48:nop     |  44:blbs    |   0:-       |   0:-       BUS_LOAD  MEM[48] accepted 1
  331:   56:nop     |  52:nop     |  48:nop     |  44:blbs    |   0:-       BUS_LOAD  MEM[48] accepted 1
  332:  104:addq    |   0:-       |   0:-       |   0:-       |  44:blbs    BUS_LOAD  MEM[96] accepted 1
  333:  108:nop     | 104:addq    |   0:-       |   0:-       |   0:-       BUS_LOAD  MEM[104] accepted 1
  334:  112:nop     | 108:nop     | 104:addq    |   0:-       |   0:-       BUS_LOAD  MEM[104] accepted 1
  335:  116:nop     | 112:nop     | 108:nop     | 104:addq    |   0:-       BUS_LOAD  MEM[112] accepted 1
  336:  120:nop     | 116:nop     | 112:nop     | 108:nop     | 104:addq    r2=14  BUS_LOAD  MEM[112] accepted 1
  337:  124:cmple   | 120:nop     | 116:nop     | 112:nop     | 108:nop     BUS_LOAD  MEM[120] accepted 1
  338:  128:nop     | 124:cmple   | 120:nop     | 116:nop     | 112:nop     BUS_LOAD  MEM[120] accepted 1
  339:  132:nop     | 128:nop     | 124:cmple   | 120:nop     | 116:nop     BUS_LOAD  MEM[128] accepted 1
  340:  136:nop     | 132:nop     | 128:nop     | 124:cmple   | 120:nop     BUS_LOAD  MEM[128] accepted 1
  341:  140:nop     | 136:nop     | 132:nop     | 128:nop     | 124:cmple   r1=1  BUS_LOAD  MEM[136] accepted 1
  342:  144:bne     | 140:nop     | 136:nop     | 132:nop     | 128:nop     BUS_LOAD  MEM[136] accepted 1
  343:  148:nop     | 144:bne     | 140:nop     | 136:nop     | 132:nop     BUS_LOAD  MEM[144] accepted 1
  344:  152:nop     | 148:nop     | 144:bne     | 140:nop     | 136:nop     BUS_LOAD  MEM[144] accepted 1
  345:  156:nop     | 152:nop     | 148:nop     | 144:bne     | 140:nop     BUS_LOAD  MEM[152] accepted 1
  346:   44:blbs    |   0:-       |   0:-       |   0:-       | 144:bne     BUS_LOAD  MEM[40] accepted 1
  347:   48:nop     |  44:blbs    |   0:-       |   0:-       |   0:-       BUS_LOAD  MEM[40] accepted 1
  348:   52:nop     |  48:nop     |  44:blbs    |   0:-       |   0:-       BUS_LOAD  MEM[48] accepted 1
  349:   56:nop     |  52:nop     |  48:nop     |  44:blbs    |   0:-       BUS_LOAD  MEM[48] accepted 1
  350:   60:nop     |  56:nop     |  52:nop     |  48:nop     |  44:blbs    BUS_LOAD  MEM[56] accepted 1
  351:   64:stq     |  60:nop     |  56:nop     |  52:nop     |  48:nop     BUS_LOAD  MEM[56] accepted 1
  352:   68:nop     |  64:stq     |  60:nop     |  56:nop     |  52:nop     BUS_LOAD  MEM[64] accepted 1
  353:   72:nop     |  68:nop     |  64:stq     |  60:nop     |  56:nop     BUS_LOAD  MEM[64] accepted 1
  354:    0:-       |  72:nop     |  68:nop     |  64:stq     |  60:nop     BUS_STORE MEM[4152] = 14 accepted 1
  355:   76:nop     |   0:-       |  72:nop     |  68:nop     |  64:stq     BUS_LOAD  MEM[72] accepted 1
  356:   80:nop     |  76:nop     |   0:-       |  72:nop     |  68:nop     BUS_LOAD  MEM[72] accepted 1
  357:   84:addq    |  80:nop     |  76:nop     |   0:-       |  72:nop     BUS_LOAD  MEM[80] accepted 1
  358:   88:nop     |  84:addq    |  80:nop     |  76:nop     |   0:-       BUS_LOAD  MEM[80] accepted 1
  359:   92:nop     |  88:nop     |  84:addq    |  80:nop     |  76:nop     BUS_LOAD  MEM[88] accepted 1
  360:   96:nop     |  92:nop     |  88:nop     |  84:addq    |  80:nop     BUS_LOAD  MEM[88] accepted 1
  361:  100:nop     |  96:nop     |  92:nop     |  88:nop     |  84:addq    r3=4160  BUS_LOAD  MEM[96] accepted 1
  362:  104:addq    | 100:nop     |  96:nop     |  92:nop     |  88:nop     BUS_LOAD  MEM[96] accepted 1
  363:  108:nop     | 104:addq    | 100:nop     |  96:nop     |  92:nop     BUS_LOAD  MEM[104] accepted 1
  364:  112:nop     | 108:nop     | 104:addq    | 100:nop     |  96:nop     BUS_LOAD  MEM[104] accepted 1
  365:  116:nop     | 112:nop     | 108:nop     | 104:addq    | 100:nop     BUS_LOAD  MEM[112] accepted 1
  366:  120:nop     | 116:nop     | 112:nop     | 108:nop     | 104:addq    r2=15  BUS_LOAD  MEM[112] accepted 1
  367:  124:cmple   | 120:nop     | 116:nop     | 112:nop     | 108:nop     BUS_LOAD  MEM[120] accepted 1
  368:  128:nop     | 124:cmple   | 120:nop     | 116:nop     | 112:nop     BUS_LOAD  MEM[120] accepted 1
  369:  132:nop     | 128:nop     | 124:cmple   | 120:nop     | 116:nop     BUS_LOAD  MEM[128] accepted 1
  370:  136:nop     | 132:nop     | 128:nop     | 124:cmple   | 120:nop     BUS_LOAD  MEM[128] accepted 1
  371:  140:nop     | 136:nop     | 132:nop     | 128:nop     | 124:cmple   r1=1  BUS_LOAD  MEM[136] accepted 1
  372:  144:bne     | 140:nop     | 136:nop     | 132:nop     | 128:nop     BUS_LOAD  MEM[136] accepted 1
  373:  148:nop     | 144:bne     | 140:nop     | 136:nop     | 132:nop     BUS_LOAD  MEM[144] accepted 1
  374:  152:nop     | 148:nop     | 144:bne     | 140:nop     | 136:nop     BUS_LOAD  MEM[144] accepted 1
  375:  156:nop     | 152:nop     | 148:nop     | 144:bne     | 140:nop     BUS_LOAD  MEM[152] accepted 1
  376:   44:blbs    |   0:-       |   0:-       |   0:-       | 144:bne     BUS_LOAD  MEM[40] accepted 1
  377:   48:nop     |  44:blbs    |   0:-       |   0:-       |   0:-       BUS_LOAD  MEM[40] accepted 1
  378:   52:nop     |  48:nop     |  44:blbs    |   0:-       |   0:-       BUS_LOAD  MEM[48] accepted 1
  379:   56:nop     |  52:nop     |  48:nop     |  44:blbs    |   0:-       BUS_LOAD  MEM[48] accepted 1
  380:  104:addq    |   0:-       |   0:-       |   0:-       |  44:blbs    BUS_LOAD  MEM[96] accepted 1
  381:  108:nop     | 104:addq    |   0:-       |   0:-       |   0:-       BUS_LOAD  MEM[104] accepted 1
  382:  112:nop     | 108:nop     | 104:addq    |   0:-       |   0:-       BUS_LOAD  MEM[104] accepted 1
  383:  116:nop     | 112:nop     | 108:nop     | 104:addq    |   0:-       BUS_LOAD  MEM[112] accepted 1
  384:  120:nop     | 116:nop     | 112:nop     | 108:nop     | 104:addq    r2=16  BUS_LOAD  MEM[112] accepted 1
  385:  124:cmple   | 120:nop     | 116:nop     | 112:nop     | 108:nop     BUS_LOAD  MEM[120] accepted 1
  386:  128:nop     | 124:cmple   | 120:nop     | 116:nop     | 112:nop     BUS_LOAD  MEM[120] accepted 1
  387:  132:nop     | 128:nop     | 124:cmple   | 120:nop     | 116:nop     BUS_LOAD  MEM[128] accepted 1
  388:  136:nop     | 132:nop     | 128:nop     | 124:cmple   | 120:nop     BUS_LOAD  MEM[128] accepted 1
  389:  140:nop     | 136:nop     | 132:nop     | 128:nop     | 124:cmple   r1=0  BUS_LOAD  MEM[136] accepted 1
  390:  144:bne     | 140:nop     | 136:nop     | 132:nop     | 128:nop     BUS_LOAD  MEM[136] accepted 1
  391:  148:nop     | 144:bne     | 140:nop     | 136:nop     | 132:nop     BUS_LOAD  MEM[144] accepted 1
  392:  152:nop     | 148:nop     | 144:bne     | 140:nop     | 136:nop     BUS_LOAD  MEM[144] accepted 1
  393:  156:nop     | 152:nop     | 148:nop     | 144:bne     | 140:nop     BUS_LOAD  MEM[152] accepted 1
  394:  160:nop     | 156:nop     | 152:nop     | 148:nop     | 144:bne     BUS_LOAD  MEM[152] accepted 1
  395:  164:halt    | 160:nop     | 156:nop     | 152:nop     | 148:nop     BUS_LOAD  MEM[160] accepted 1
  396:  168:nop     | 164:halt    | 160:nop     | 156:nop     | 152:nop     BUS_LOAD  MEM[160] accepted 1
  397:  172:nop     | 168:nop     | 164:halt    | 160:nop     | 156:nop     BUS_LOAD  MEM[168] accepted 1
  398:  176:nop     | 172:nop     | 168:nop     | 164:halt    | 160:nop     BUS_LOAD  MEM[168] accepted 1
  399:  180:nop     | 176:nop     | 172:nop     | 168:nop     | 164:halt    BUS_LOAD  MEM[176] accepted 1
