                                                                            D-MEM Bus &
Cycle:      IF      |     ID      |     EX      |     MEM     |     WB      Reg Result
    0:    4:lda     |   0:-       |   0:-       |   0:-       |   0:-       BUS_LOAD  MEM[0] accepted 1
    1:    8:nop     |   4:lda     |   0:-       |   0:-       |   0:-       BUS_LOAD  MEM[0] accepted 1
    2:   12:nop     |   8:nop     |   4:lda     |   0:-       |   0:-       BUS_LOAD  MEM[8] accepted 1
    3:   16:nop     |  12:nop     |   8:nop     |   4:lda     |   0:-       BUS_LOAD  MEM[8] accepted 1
    4:   20:nop     |  16:nop     |  12:nop     |   8:nop     |   4:lda     r3=4096  BUS_LOAD  MEM[16] accepted 1
    5:   24:lda     |  20:nop     |  16:nop     |  12:nop     |   8:nop     BUS_LOAD  MEM[16] accepted 1
    6:   28:nop     |  24:lda     |  20:nop     |  16:nop     |  12:nop     BUS_LOAD  MEM[24] accepted 1
    7:   32:nop     |  28:nop     |  24:lda     |  20:nop     |  16:nop     BUS_LOAD  MEM[24] accepted 1
    8:   36:nop     |  32:nop     |  28:nop     |  24:lda     |  20:nop     BUS_LOAD  MEM[32] accepted 1
    9:   40:nop     |  36:nop     |  32:nop     |  28:nop     |  24:lda     r4=4104  BUS_LOAD  MEM[32] accepted 1
   10:   44:lda     |  40:nop     |  36:nop     |  32:nop     |  28:nop     BUS_LOAD  MEM[40] accepted 1
   11:   48:nop     |  44:lda     |  40:nop     |  36:nop     |  32:nop     BUS_LOAD  MEM[40] accepted 1
   12:   52:nop     |  48:nop     |  44:lda     |  40:nop     |  36:nop     BUS_LOAD  MEM[48] accepted 1
   13:   56:nop     |  52:nop     |  48:nop     |  44:lda     |  40:nop     BUS_LOAD  MEM[48] accepted 1
   14:   60:nop     |  56:nop     |  52:nop     |  48:nop     |  44:lda     r5=4112  BUS_LOAD  MEM[56] accepted 1
   15:   64:lda     |  60:nop     |  56:nop     |  52:nop     |  48:nop     BUS_LOAD  MEM[56] accepted 1
   16:   68:nop     |  64:lda     |  60:nop     |  56:nop     |  52:nop     BUS_LOAD  MEM[64] accepted 1
   17:   72:nop     |  68:nop     |  64:lda     |  60:nop     |  56:nop     BUS_LOAD  MEM[64] accepted 1
   18:   76:nop     |  72:nop     |  68:nop     |  64:lda     |  60:nop     BUS_LOAD  MEM[72] accepted 1
   19:   80:nop     |  76:nop     |  72:nop     |  68:nop     |  64:lda     r9=2  BUS_LOAD  MEM[72] accepted 1
   20:   84:lda     |  80:nop     |  76:nop     |  72:nop     |  68:nop     BUS_LOAD  MEM[80] accepted 1
   21:   88:nop     |  84:lda     |  80:nop     |  76:nop     |  72:nop     BUS_LOAD  MEM[80] accepted 1
   22:   92:nop     |  88:nop     |  84:lda     |  80:nop     |  76:nop     BUS_LOAD  MEM[88] accepted 1
   23:   96:nop     |  92:nop     |  88:nop     |  84:lda     |  80:nop     BUS_LOAD  MEM[88] accepted 1
   24:  100:nop     |  96:nop     |  92:nop     |  88:nop     |  84:lda     r1=1  BUS_LOAD  MEM[96] accepted 1
   25:  104:stq     | 100:nop     |  96:nop     |  92:nop     |  88:nop     BUS_LOAD  MEM[96] accepted 1
   26:  108:nop     | 104:stq     | 100:nop     |  96:nop     |  92:nop     BUS_LOAD  MEM[104] accepted 1
   27:  112:nop     | 108:nop     | 104:stq     | 100:nop     |  96:nop     BUS_LOAD  MEM[104] accepted 1
   28:    0:-       | 112:nop     | 108:nop     | 104:stq     | 100:nop     BUS_STORE MEM[4096] = 1 accepted 1
   29:  116:nop     |   0:-       | 112:nop     | 108:nop     | 104:stq     BUS_LOAD  MEM[112] accepted 1
   30:  120:nop     | 116:nop     |   0:-       | 112:nop     | 108:nop     BUS_LOAD  MEM[112] accepted 1
   31:  124:stq     | 120:nop     | 116:nop     |   0:-       | 112:nop     BUS_LOAD  MEM[120] accepted 1
   32:  128:nop     | 124:stq     | 120:nop     | 116:nop     |   0:-       BUS_LOAD  MEM[120] accepted 1
   33:  132:nop     | 128:nop     | 124:stq     | 120:nop     | 116:nop     BUS_LOAD  MEM[128] accepted 1
   34:    0:-       | 132:nop     | 128:nop     | 124:stq     | 120:nop     BUS_STORE MEM[4104] = 1 accepted 1
   35:  136:nop     |   0:-       | 132:nop     | 128:nop     | 124:stq     BUS_LOAD  MEM[128] accepted 1
   36:  140:nop     | 136:nop     |   0:-       | 132:nop     | 128:nop     BUS_LOAD  MEM[136] accepted 1
   37:  144:ldq     | 140:nop     | 136:nop     |   0:-       | 132:nop     BUS_LOAD  MEM[136] accepted 1
   38:  148:nop     | 144:ldq     | 140:nop     | 136:nop     |   0:-       BUS_LOAD  MEM[144] accepted 1
   39:  152:nop     | 148:nop     | 144:ldq     | 140:nop     | 136:nop     BUS_LOAD  MEM[144] accepted 1
   40:    0:-       | 152:nop     | 148:nop     | 144:ldq     | 140:nop     BUS_LOAD  MEM[4096] accepted 1
   41:  156:nop     |   0:-       | 152:nop     | 148:nop     | 144:ldq     r1=1  BUS_LOAD  MEM[152] accepted 1
   42:  160:nop     | 156:nop     |   0:-       | 152:nop     | 148:nop     BUS_LOAD  MEM[152] accepted 1
   43:  164:ldq     | 160:nop     | 156:nop     |   0:-       | 152:nop     BUS_LOAD  MEM[160] accepted 1
   44:  168:nop     | 164:ldq     | 160:nop     | 156:nop     |   0:-       BUS_LOAD  MEM[160] accepted 1
   45:  172:nop     | 168:nop     | 164:ldq     | 160:nop     | 156:nop     BUS_LOAD  MEM[168] accepted 1
   46:    0:-       | 172:nop     | 168:nop     | 164:ldq     | 160:nop     BUS_LOAD  MEM[4104] accepted 1
   47:  176:nop     |   0:-       | 172:nop     | 168:nop     | 164:ldq     r2=1  BUS_LOAD  MEM[168] accepted 1
   48:  180:nop     | 176:nop     |   0:-       | 172:nop     | 168:nop     BUS_LOAD  MEM[176] accepted 1
   49:  184:addq    | 180:nop     | 176:nop     |   0:-       | 172:nop     BUS_LOAD  MEM[176] accepted 1
   50:  188:nop     | 184:addq    | 180:nop     | 176:nop     |   0:-       BUS_LOAD  MEM[184] accepted 1
   51:  192:nop     | 188:nop     | 184:addq    | 180:nop     | 176:nop     BUS_LOAD  MEM[184] accepted 1
   52:  196:nop     | 192:nop     | 188:nop     | 184:addq    | 180:nop     BUS_LOAD  MEM[192] accepted 1
   53:  200:nop     | 196:nop     | 192:nop     | 188:nop     | 184:addq    r2=2  BUS_LOAD  MEM[192] accepted 1
   54:  204:addq    | 200:nop     | 196:nop     | 192:nop     | 188:nop     BUS_LOAD  MEM[200] accepted 1
   55:  208:nop     | 204:addq    | 200:nop     | 196:nop     | 192:nop     BUS_LOAD  MEM[200] accepted 1
   56:  212:nop     | 208:nop     | 204:addq    | 200:nop     | 196:nop     BUS_LOAD  MEM[208] accepted 1
   57:  216:nop     | 212:nop     | 208:nop     | 204:addq    | 200:nop     BUS_LOAD  MEM[208] accepted 1
   58:  220:nop     | 216:nop     | 212:nop     | 208:nop     | 204:addq    r3=4104  BUS_LOAD  MEM[216] accepted 1
   59:  224:addq    | 220:nop     | 216:nop     | 212:nop     | 208:nop     BUS_LOAD  MEM[216] accepted 1
   60:  228:nop     | 224:addq    | 220:nop     | 216:nop     | 212:nop     BUS_LOAD  MEM[224] accepted 1
   61:  232:nop     | 228:nop     | 224:addq    | 220:nop     | 216:nop     BUS_LOAD  MEM[224] accepted 1
   62:  236:nop     | 232:nop     | 228:nop     | 224:addq    | 220:nop     BUS_LOAD  MEM[232] accepted 1
   63:  240:nop     | 236:nop     | 232:nop     | 228:nop     | 224:addq    r4=4112  BUS_LOAD  MEM[232] accepted 1
   64:  244:addq    | 240:nop     | 236:nop     | 232:nop     | 228:nop     BUS_LOAD  MEM[240] accepted 1
   65:  248:nop     | 244:addq    | 240:nop     | 236:nop     | 232:nop     BUS_LOAD  MEM[240] accepted 1
   66:  252:nop     | 248:nop     | 244:addq    | 240:nop     | 236:nop     BUS_LOAD  MEM[248] accepted 1
   67:  256:nop     | 252:nop     | 248:nop     | 244:addq    | 240:nop     BUS_LOAD  MEM[248] accepted 1
   68:  260:nop     | 256:nop     | 252:nop     | 248:nop     | 244:addq    r9=3  BUS_LOAD  MEM[256] accepted 1
   69:  264:cmple   | 260:nop     | 256:nop     | 252:nop     | 248:nop     BUS_LOAD  MEM[256] accepted 1
   70:  268:nop     | 264:cmple   | 260:nop     | 256:nop     | 252:nop     BUS_LOAD  MEM[264] accepted 1
   71:  272:nop     | 268:nop     | 264:cmple   | 260:nop     | 256:nop     BUS_LOAD  MEM[264] accepted 1
   72:  276:nop     | 272:nop     | 268:nop     | 264:cmple   | 260:nop     BUS_LOAD  MEM[272] accepted 1
   73:  280:nop     | 276:nop     | 272:nop     | 268:nop     | 264:cmple   r10=1  BUS_LOAD  MEM[272] accepted 1
   74:  284:stq     | 280:nop     | 276:nop     | 272:nop     | 268:nop     BUS_LOAD  MEM[280] accepted 1
   75:  288:addq    | 284:stq     | 280:nop     | 276:nop     | 272:nop     BUS_LOAD  MEM[280] accepted 1
   76:  292:nop     | 288:addq    | 284:stq     | 280:nop     | 276:nop     BUS_LOAD  MEM[288] accepted 1
   77:    0:-       | 292:nop     | 288:addq    | 284:stq     | 280:nop     BUS_STORE MEM[4112] = 2 accepted 1
   78:  296:nop     |   0:-       | 292:nop     | 288:addq    | 284:stq     BUS_LOAD  MEM[288] accepted 1
   79:  300:nop     | 296:nop     |   0:-       | 292:nop     | 288:addq    r5=4120  BUS_LOAD  MEM[296] accepted 1
   80:  304:nop     | 300:nop     | 296:nop     |   0:-       | 292:nop     BUS_LOAD  MEM[296] accepted 1
   81:  308:bne     | 304:nop     | 300:nop     | 296:nop     |   0:-       BUS_LOAD  MEM[304] accepted 1
   82:  312:nop     | 308:bne     | 304:nop     | 300:nop     | 296:nop     BUS_LOAD  MEM[304] accepted 1
   83:  316:nop     | 312:nop     | 308:bne     | 304:nop     | 300:nop     BUS_LOAD  MEM[312] accepted 1
   84:  320:nop     | 316:nop     | 312:nop     | 308:bne     | 304:nop     BUS_LOAD  MEM[312] accepted 1
   85:  144:ldq     |   0:-       |   0:-       |   0:-       | 308:bne     BUS_LOAD  MEM[136] accepted 1
   86:  148:nop     | 144:ldq     |   0:-       |   0:-       |   0:-       BUS_LOAD  MEM[144] accepted 1
   87:  152:nop     | 148:nop     | 144:ldq     |   0:-       |   0:-       BUS_LOAD  MEM[144] accepted 1
   88:    0:-       | 152:nop     | 148:nop     | 144:ldq     |   0:-       BUS_LOAD  MEM[4104] accepted 1
   89:  156:nop     |   0:-       | 152:nop     | 148:nop     | 144:ldq     r1=1  BUS_LOAD  MEM[152] accepted 1
   90:  160:nop     | 156:nop     |   0:-       | 152:nop     | 148:nop     BUS_LOAD  MEM[152] accepted 1
   91:  164:ldq     | 160:nop     | 156:nop     |   0:-       | 152:nop     BUS_LOAD  MEM[160] accepted 1
   92:  168:nop     | 164:ldq     | 160:nop     | 156:nop     |   0:-       BUS_LOAD  MEM[160] accepted 1
   93:  172:nop     | 168:nop     | 164:ldq     | 160:nop     | 156:nop     BUS_LOAD  MEM[168] accepted 1
   94:    0:-       | 172:nop     | 168:nop     | 164:ldq     | 160:nop     BUS_LOAD  MEM[4112] accepted 1
   95:  176:nop     |   0:-       | 172:nop     | 168:nop     | 164:ldq     r2=2  BUS_LOAD  MEM[168] accepted 1
   96:  180:nop     | 176:nop     |   0:-       | 172:nop     | 168:nop     BUS_LOAD  MEM[176] accepted 1
   97:  184:addq    | 180:nop     | 176:nop     |   0:-       | 172:nop     BUS_LOAD  MEM[176] accepted 1
   98:  188:nop     | 184:addq    | 180:nop     | 176:nop     |   0:-       BUS_LOAD  MEM[184] accepted 1
   99:  192:nop     | 188:nop     | 184:addq    | 180:nop     | 176:nop     BUS_LOAD  MEM[184] accepted 1
  100:  196:nop     | 192:nop     | 188:nop     | 184:addq    | 180:nop     BUS_LOAD  MEM[192] accepted 1
  101:  200:nop     | 196:nop     | 192:nop     | 188:nop     | 184:addq    r2=3  BUS_LOAD  MEM[192] accepted 1
  102:  204:addq    | 200:nop     | 196:nop     | 192:nop     | 188:nop     BUS_LOAD  MEM[200] accepted 1
  103:  208:nop     | 204:addq    | 200:nop     | 196:nop     | 192:nop     BUS_LOAD  MEM[200] accepted 1
  104:  212:nop     | 208:nop     | 204:addq    | 200:nop     | 196:nop     BUS_LOAD  MEM[208] accepted 1
  105:  216:nop     | 212:nop     | 208:nop     | 204:addq    | 200:nop     BUS_LOAD  MEM[208] accepted 1
  106:  220:nop     | 216:nop     | 212:nop     | 208:nop     | 204:addq    r3=4112  BUS_LOAD  MEM[216] accepted 1
  107:  224:addq    | 220:nop     | 216:nop     | 212:nop     | 208:nop     BUS_LOAD  MEM[216] accepted 1
  108:  228:nop     | 224:addq    | 220:nop     | 216:nop     | 212:nop     BUS_LOAD  MEM[224] accepted 1
  109:  232:nop     | 228:nop     | 224:addq    | 220:nop     | 216:nop     BUS_LOAD  MEM[224] accepted 1
  110:  236:nop     | 232:nop     | 228:nop     | 224:addq    | 220:nop     BUS_LOAD  MEM[232] accepted 1
  111:  240:nop     | 236:nop     | 232:nop     | 228:nop     | 224:addq    r4=4120  BUS_LOAD  MEM[232] accepted 1
  112:  244:addq    | 240:nop     | 236:nop     | 232:nop     | 228:nop     BUS_LOAD  MEM[240] accepted 1
  113:  248:nop     | 244:addq    | 240:nop     | 236:nop     | 232:nop     BUS_LOAD  MEM[240] accepted 1
  114:  252:nop     | 248:nop     | 244:addq    | 240:nop     | 236:nop     BUS_LOAD  MEM[248] accepted 1
  115:  256:nop     | 252:nop     | 248:nop     | 244:addq    | 240:nop     BUS_LOAD  MEM[248] accepted 1
  116:  260:nop     | 256:nop     | 252:nop     | 248:nop     | 244:addq    r9=4  BUS_LOAD  MEM[256] accepted 1
  117:  264:cmple   | 260:nop     | 256:nop     | 252:nop     | 248:nop     BUS_LOAD  MEM[256] accepted 1
  118:  268:nop     | 264:cmple   | 260:nop     | 256:nop     | 252:nop     BUS_LOAD  MEM[264] accepted 1
  119:  272:nop     | 268:nop     | 264:cmple   | 260:nop     | 256:nop     BUS_LOAD  MEM[264] accepted 1
  120:  276:nop     | 272:nop     | 268:nop     | 264:cmple   | 260:nop     BUS_LOAD  MEM[272] accepted 1
  121:  280:nop     | 276:nop     | 272:nop     | 268:nop     | 264:cmple   r10=1  BUS_LOAD  MEM[272] accepted 1
  122:  284:stq     | 280:nop     | 276:nop     | 272:nop     | 268:nop     BUS_LOAD  MEM[280] accepted 1
  123:  288:addq    | 284:stq     | 280:nop     | 276:nop     | 272:nop     BUS_LOAD  MEM[280] accepted 1
  124:  292:nop     | 288:addq    | 284:stq     | 280:nop     | 276:nop     BUS_LOAD  MEM[288] accepted 1
  125:    0:-       | 292:nop     | 288:addq    | 284:stq     | 280:nop     BUS_STORE MEM[4120] = 3 accepted 1
  126:  296:nop     |   0:-       | 292:nop     | 288:addq    | 284:stq     BUS_LOAD  MEM[288] accepted 1
  127:  300:nop     | 296:nop     |   0:-       | 292:nop     | 288:addq    r5=4128  BUS_LOAD  MEM[296] accepted 1
  128:  304:nop     | 300:nop     | 296:nop     |   0:-       | 292:nop     BUS_LOAD  MEM[296] accepted 1
  129:  308:bne     | 304:nop     | 300:nop     | 296:nop     |   0:-       BUS_LOAD  MEM[304] accepted 1
  130:  312:nop     | 308:bne     | 304:nop     | 300:nop     | 296:nop     BUS_LOAD  MEM[304] accepted 1
  131:  316:nop     | 312:nop     | 308:bne     | 304:nop     | 300:nop     BUS_LOAD  MEM[312] accepted 1
  132:  320:nop     | 316:nop     | 312:nop     | 308:bne     | 304:nop     BUS_LOAD  MEM[312] accepted 1
  133:  144:ldq     |   0:-       |   0:-       |   0:-       | 308:bne     BUS_LOAD  MEM[136] accepted 1
  134:  148:nop     | 144:ldq     |   0:-       |   0:-       |   0:-       BUS_LOAD  MEM[144] accepted 1
  135:  152:nop     | 148:nop     | 144:ldq     |   0:-       |   0:-       BUS_LOAD  MEM[144] accepted 1
  136:    0:-       | 152:nop     | 148:nop     | 144:ldq     |   0:-       BUS_LOAD  MEM[4112] accepted 1
  137:  156:nop     |   0:-       | 152:nop     | 148:nop     | 144:ldq     r1=2  BUS_LOAD  MEM[152] accepted 1
  138:  160:nop     | 156:nop     |   0:-       | 152:nop     | 148:nop     BUS_LOAD  MEM[152] accepted 1
  139:  164:ldq     | 160:nop     | 156:nop     |   0:-       | 152:nop     BUS_LOAD  MEM[160] accepted 1
  140:  168:nop     | 164:ldq     | 160:nop     | 156:nop     |   0:-       BUS_LOAD  MEM[160] accepted 1
  141:  172:nop     | 168:nop     | 164:ldq     | 160:nop     | 156:nop     BUS_LOAD  MEM[168] accepted 1
  142:    0:-       | 172:nop     | 168:nop     | 164:ldq     | 160:nop     BUS_LOAD  MEM[4120] accepted 1
  143:  176:nop     |   0:-       | 172:nop     | 168:nop     | 164:ldq     r2=3  BUS_LOAD  MEM[168] accepted 1
  144:  180:nop     | 176:nop     |   0:-       | 172:nop     | 168:nop     BUS_LOAD  MEM[176] accepted 1
  145:  184:addq    | 180:nop     | 176:nop     |   0:-       | 172:nop     BUS_LOAD  MEM[176] accepted 1
  146:  188:nop     | 184:addq    | 180:nop     | 176:nop     |   0:-       BUS_LOAD  MEM[184] accepted 1
  147:  192:nop     | 188:nop     | 184:addq    | 180:nop     | 176:nop     BUS_LOAD  MEM[184] accepted 1
  148:  196:nop     | 192:nop     | 188:nop     | 184:addq    | 180:nop     BUS_LOAD  MEM[192] accepted 1
  149:  200:nop     | 196:nop     | 192:nop     | 188:nop     | 184:addq    r2=5  BUS_LOAD  MEM[192] accepted 1
  150:  204:addq    | 200:nop     | 196:nop     | 192:nop     | 188:nop     BUS_LOAD  MEM[200] accepted 1
  151:  208:nop     | 204:addq    | 200:nop     | 196:nop     | 192:nop     BUS_LOAD  MEM[200] accepted 1
  152:  212:nop     | 208:nop     | 204:addq    | 200:nop     | 196:nop     BUS_LOAD  MEM[208] accepted 1
  153:  216:nop     | 212:nop     | 208:nop     | 204:addq    | 200:nop     BUS_LOAD  MEM[208] accepted 1
  154:  220:nop     | 216:nop     | 212:nop     | 208:nop     | 204:addq    r3=4120  BUS_LOAD  MEM[216] accepted 1
  155:  224:addq    | 220:nop     | 216:nop     | 212:nop     | 208:nop     BUS_LOAD  MEM[216] accepted 1
  156:  228:nop     | 224:addq    | 220:nop     | 216:nop     | 212:nop     BUS_LOAD  MEM[224] accepted 1
  157:  232:nop     | 228:nop     | 224:addq    | 220:nop     | 216:nop     BUS_LOAD  MEM[224] accepted 1
  158:  236:nop     | 232:nop     | 228:nop     | 224:addq    | 220:nop     BUS_LOAD  MEM[232] accepted 1
  159:  240:nop     | 236:nop     | 232:nop     | 228:nop     | 224:addq    r4=4128  BUS_LOAD  MEM[232] accepted 1
  160:  244:addq    | 240:nop     | 236:nop     | 232:nop     | 228:nop     BUS_LOAD  MEM[240] accepted 1
  161:  248:nop     | 244:addq    | 240:nop     | 236:nop     | 232:nop     BUS_LOAD  MEM[240] accepted 1
  162:  252:nop     | 248:nop     | 244:addq    | 240:nop     | 236:nop     BUS_LOAD  MEM[248] accepted 1
  163:  256:nop     | 252:nop     | 248:nop     | 244:addq    | 240:nop     BUS_LOAD  MEM[248] accepted 1
  164:  260:nop     | 256:nop     | 252:nop     | 248:nop     | 244:addq    r9=5  BUS_LOAD  MEM[256] accepted 1
  165:  264:cmple   | 260:nop     | 256:nop     | 252:nop     | 248:nop     BUS_LOAD  MEM[256] accepted 1
  166:  268:nop     | 264:cmple   | 260:nop     | 256:nop     | 252:nop     BUS_LOAD  MEM[264] accepted 1
  167:  272:nop     | 268:nop     | 264:cmple   | 260:nop     | 256:nop     BUS_LOAD  MEM[264] accepted 1
  168:  276:nop     | 272:nop     | 268:nop     | 264:cmple   | 260:nop     BUS_LOAD  MEM[272] accepted 1
  169:  280:nop     | 276:nop     | 272:nop     | 268:nop     | 264:cmple   r10=1  BUS_LOAD  MEM[272] accepted 1
  170:  284:stq     | 280:nop     | 276:nop     | 272:nop     | 268:nop     BUS_LOAD  MEM[280] accepted 1
  171:  288:addq    | 284:stq     | 280:nop     | 276:nop     | 272:nop     BUS_LOAD  MEM[280] accepted 1
  172:  292:nop     | 288:addq    | 284:stq     | 280:nop     | 276:nop     BUS_LOAD  MEM[288] accepted 1
  173:    0:-       | 292:nop     | 288:addq    | 284:stq     | 280:nop     BUS_STORE MEM[4128] = 5 accepted 1
  174:  296:nop     |   0:-       | 292:nop     | 288:addq    | 284:stq     BUS_LOAD  MEM[288] accepted 1
  175:  300:nop     | 296:nop     |   0:-       | 292:nop     | 288:addq    r5=4136  BUS_LOAD  MEM[296] accepted 1
  176:  304:nop     | 300:nop     | 296:nop     |   0:-       | 292:nop     BUS_LOAD  MEM[296] accepted 1
  177:  308:bne     | 304:nop     | 300:nop     | 296:nop     |   0:-       BUS_LOAD  MEM[304] accepted 1
  178:  312:nop     | 308:bne     | 304:nop     | 300:nop     | 296:nop     BUS_LOAD  MEM[304] accepted 1
  179:  316:nop     | 312:nop     | 308:bne     | 304:nop     | 300:nop     BUS_LOAD  MEM[312] accepted 1
  180:  320:nop     | 316:nop     | 312:nop     | 308:bne     | 304:nop     BUS_LOAD  MEM[312] accepted 1
  181:  144:ldq     |   0:-       |   0:-       |   0:-       | 308:bne     BUS_LOAD  MEM[136] accepted 1
  182:  148:nop     | 144:ldq     |   0:-       |   0:-       |   0:-       BUS_LOAD  MEM[144] accepted 1
  183:  152:nop     | 148:nop     | 144:ldq     |   0:-       |   0:-       BUS_LOAD  MEM[144] accepted 1
  184:    0:-       | 152:nop     | 148:nop     | 144:ldq     |   0:-       BUS_LOAD  MEM[4120] accepted 1
  185:  156:nop     |   0:-       | 152:nop     | 148:nop     | 144:ldq     r1=3  BUS_LOAD  MEM[152] accepted 1
  186:  160:nop     | 156:nop     |   0:-       | 152:nop     | 148:nop     BUS_LOAD  MEM[152] accepted 1
  187:  164:ldq     | 160:nop     | 156:nop     |   0:-       | 152:nop     BUS_LOAD  MEM[160] accepted 1
  188:  168:nop     | 164:ldq     | 160:nop     | 156:nop     |   0:-       BUS_LOAD  MEM[160] accepted 1
  189:  172:nop     | 168:nop     | 164:ldq     | 160:nop     | 156:nop     BUS_LOAD  MEM[168] accepted 1
  190:    0:-       | 172:nop     | 168:nop     | 164:ldq     | 160:nop     BUS_LOAD  MEM[4128] accepted 1
  191:  176:nop     |   0:-       | 172:nop     | 168:nop     | 164:ldq     r2=5  BUS_LOAD  MEM[168] accepted 1
  192:  180:nop     | 176:nop     |   0:-       | 172:nop     | 168:nop     BUS_LOAD  MEM[176] accepted 1
  193:  184:addq    | 180:nop     | 176:nop     |   0:-       | 172:nop     BUS_LOAD  MEM[176] accepted 1
  194:  188:nop     | 184:addq    | 180:nop     | 176:nop     |   0:-       BUS_LOAD  MEM[184] accepted 1
  195:  192:nop     | 188:nop     | 184:addq    | 180:nop     | 176:nop     BUS_LOAD  MEM[184] accepted 1
  196:  196:nop     | 192:nop     | 188:nop     | 184:addq    | 180:nop     BUS_LOAD  MEM[192] accepted 1
  197:  200:nop     | 196:nop     | 192:nop     | 188:nop     | 184:addq    r2=8  BUS_LOAD  MEM[192] accepted 1
  198:  204:addq    | 200:nop     | 196:nop     | 192:nop     | 188:nop     BUS_LOAD  MEM[200] accepted 1
  199:  208:nop     | 204:addq    | 200:nop     | 196:nop     | 192:nop     BUS_LOAD  MEM[200] accepted 1
  200:  212:nop     | 208:nop     | 204:addq    | 200:nop     | 196:nop     BUS_LOAD  MEM[208] accepted 1
  201:  216:nop     | 212:nop     | 208:nop     | 204:addq    | 200:nop     BUS_LOAD  MEM[208] accepted 1
  202:  220:nop     | 216:nop     | 212:nop     | 208:nop     | 204:addq    r3=4128  BUS_LOAD  MEM[216] accepted 1
  203:  224:addq    | 220:nop     | 216:nop     | 212:nop     | 208:nop     BUS_LOAD  MEM[216] accepted 1
  204:  228:nop     | 224:addq    | 220:nop     | 216:nop     | 212:nop     BUS_LOAD  MEM[224] accepted 1
  205:  232:nop     | 228:nop     | 224:addq    | 220:nop     | 216:nop     BUS_LOAD  MEM[224] accepted 1
  206:  236:nop     | 232:nop     | 228:nop     | 224:addq    | 220:nop     BUS_LOAD  MEM[232] accepted 1
  207:  240:nop     | 236:nop     | 232:nop     | 228:nop     | 224:addq    r4=4136  BUS_LOAD  MEM[232] accepted 1
  208:  244:addq    | 240:nop     | 236:nop     | 232:nop     | 228:nop     BUS_LOAD  MEM[240] accepted 1
  209:  248:nop     | 244:addq    | 240:nop     | 236:nop     | 232:nop     BUS_LOAD  MEM[240] accepted 1
  210:  252:nop     | 248:nop     | 244:addq    | 240:nop     | 236:nop     BUS_LOAD  MEM[248] accepted 1
  211:  256:nop     | 252:nop     | 248:nop     | 244:addq    | 240:nop     BUS_LOAD  MEM[248] accepted 1
  212:  260:nop     | 256:nop     | 252:nop     | 248:nop     | 244:addq    r9=6  BUS_LOAD  MEM[256] accepted 1
  213:  264:cmple   | 260:nop     | 256:nop     | 252:nop     | 248:nop     BUS_LOAD  MEM[256] accepted 1
  214:  268:nop     | 264:cmple   | 260:nop     | 256:nop     | 252:nop     BUS_LOAD  MEM[264] accepted 1
  215:  272:nop     | 268:nop     | 264:cmple   | 260:nop     | 256:nop     BUS_LOAD  MEM[264] accepted 1
  216:  276:nop     | 272:nop     | 268:nop     | 264:cmple   | 260:nop     BUS_LOAD  MEM[272] accepted 1
  217:  280:nop     | 276:nop     | 272:nop     | 268:nop     | 264:cmple   r10=1  BUS_LOAD  MEM[272] accepted 1
  218:  284:stq     | 280:nop     | 276:nop     | 272:nop     | 268:nop     BUS_LOAD  MEM[280] accepted 1
  219:  288:addq    | 284:stq     | 280:nop     | 276:nop     | 272:nop     BUS_LOAD  MEM[280] accepted 1
  220:  292:nop     | 288:addq    | 284:stq     | 280:nop     | 276:nop     BUS_LOAD  MEM[288] accepted 1
  221:    0:-       | 292:nop     | 288:addq    | 284:stq     | 280:nop     BUS_STORE MEM[4136] = 8 accepted 1
  222:  296:nop     |   0:-       | 292:nop     | 288:addq    | 284:stq     BUS_LOAD  MEM[288] accepted 1
  223:  300:nop     | 296:nop     |   0:-       | 292:nop     | 288:addq    r5=4144  BUS_LOAD  MEM[296] accepted 1
  224:  304:nop     | 300:nop     | 296:nop     |   0:-       | 292:nop     BUS_LOAD  MEM[296] accepted 1
  225:  308:bne     | 304:nop     | 300:nop     | 296:nop     |   0:-       BUS_LOAD  MEM[304] accepted 1
  226:  312:nop     | 308:bne     | 304:nop     | 300:nop     | 296:nop     BUS_LOAD  MEM[304] accepted 1
  227:  316:nop     | 312:nop     | 308:bne     | 304:nop     | 300:nop     BUS_LOAD  MEM[312] accepted 1
  228:  320:nop     | 316:nop     | 312:nop     | 308:bne     | 304:nop     BUS_LOAD  MEM[312] accepted 1
  229:  144:ldq     |   0:-       |   0:-       |   0:-       | 308:bne     BUS_LOAD  MEM[136] accepted 1
  230:  148:nop     | 144:ldq     |   0:-       |   0:-       |   0:-       BUS_LOAD  MEM[144] accepted 1
  231:  152:nop     | 148:nop     | 144:ldq     |   0:-       |   0:-       BUS_LOAD  MEM[144] accepted 1
  232:    0:-       | 152:nop     | 148:nop     | 144:ldq     |   0:-       BUS_LOAD  MEM[4128] accepted 1
  233:  156:nop     |   0:-       | 152:nop     | 148:nop     | 144:ldq     r1=5  BUS_LOAD  MEM[152] accepted 1
  234:  160:nop     | 156:nop     |   0:-       | 152:nop     | 148:nop     BUS_LOAD  MEM[152] accepted 1
  235:  164:ldq     | 160:nop     | 156:nop     |   0:-       | 152:nop     BUS_LOAD  MEM[160] accepted 1
  236:  168:nop     | 164:ldq     | 160:nop     | 156:nop     |   0:-       BUS_LOAD  MEM[160] accepted 1
  237:  172:nop     | 168:nop     | 164:ldq     | 160:nop     | 156:nop     BUS_LOAD  MEM[168] accepted 1
  238:    0:-       | 172:nop     | 168:nop     | 164:ldq     | 160:nop     BUS_LOAD  MEM[4136] accepted 1
  239:  176:nop     |   0:-       | 172:nop     | 168:nop     | 164:ldq     r2=8  BUS_LOAD  MEM[168] accepted 1
  240:  180:nop     | 176:nop     |   0:-       | 172:nop     | 168:nop     BUS_LOAD  MEM[176] accepted 1
  241:  184:addq    | 180:nop     | 176:nop     |   0:-       | 172:nop     BUS_LOAD  MEM[176] accepted 1
  242:  188:nop     | 184:addq    | 180:nop     | 176:nop     |   0:-       BUS_LOAD  MEM[184] accepted 1
  243:  192:nop     | 188:nop     | 184:addq    | 180:nop     | 176:nop     BUS_LOAD  MEM[184] accepted 1
  244:  196:nop     | 192:nop     | 188:nop     | 184:addq    | 180:nop     BUS_LOAD  MEM[192] accepted 1
  245:  200:nop     | 196:nop     | 192:nop     | 188:nop     | 184:addq    r2=13  BUS_LOAD  MEM[192] accepted 1
  246:  204:addq    | 200:nop     | 196:nop     | 192:nop     | 188:nop     BUS_LOAD  MEM[200] accepted 1
  247:  208:nop     | 204:addq    | 200:nop     | 196:nop     | 192:nop     BUS_LOAD  MEM[200] accepted 1
  248:  212:nop     | 208:nop     | 204:addq    | 200:nop     | 196:nop     BUS_LOAD  MEM[208] accepted 1
  249:  216:nop     | 212:nop     | 208:nop     | 204:addq    | 200:nop     BUS_LOAD  MEM[208] accepted 1
  250:  220:nop     | 216:nop     | 212:nop     | 208:nop     | 204:addq    r3=4136  BUS_LOAD  MEM[216] accepted 1
  251:  224:addq    | 220:nop     | 216:nop     | 212:nop     | 208:nop     BUS_LOAD  MEM[216] accepted 1
  252:  228:nop     | 224:addq    | 220:nop     | 216:nop     | 212:nop     BUS_LOAD  MEM[224] accepted 1
  253:  232:nop     | 228:nop     | 224:addq    | 220:nop     | 216:nop     BUS_LOAD  MEM[224] accepted 1
  254:  236:nop     | 232:nop     | 228:nop     | 224:addq    | 220:nop     BUS_LOAD  MEM[232] accepted 1
  255:  240:nop     | 236:nop     | 232:nop     | 228:nop     | 224:addq    r4=4144  BUS_LOAD  MEM[232] accepted 1
  256:  244:addq    | 240:nop     | 236:nop     | 232:nop     | 228:nop     BUS_LOAD  MEM[240] accepted 1
  257:  248:nop     | 244:addq    | 240:nop     | 236:nop     | 232:nop     BUS_LOAD  MEM[240] accepted 1
  258:  252:nop     | 248:nop     | 244:addq    | 240:nop     | 236:nop     BUS_LOAD  MEM[248] accepted 1
  259:  256:nop     | 252:nop     | 248:nop     | 244:addq    | 240:nop     BUS_LOAD  MEM[248] accepted 1
  260:  260:nop     | 256:nop     | 252:nop     | 248:nop     | 244:addq    r9=7  BUS_LOAD  MEM[256] accepted 1
  261:  264:cmple   | 260:nop     | 256:nop     | 252:nop     | 248:nop     BUS_LOAD  MEM[256] accepted 1
  262:  268:nop     | 264:cmple   | 260:nop     | 256:nop     | 252:nop     BUS_LOAD  MEM[264] accepted 1
  263:  272:nop     | 268:nop     | 264:cmple   | 260:nop     | 256:nop     BUS_LOAD  MEM[264] accepted 1
  264:  276:nop     | 272:nop     | 268:nop     | 264:cmple   | 260:nop     BUS_LOAD  MEM[272] accepted 1
  265:  280:nop     | 276:nop     | 272:nop     | 268:nop     | 264:cmple   r10=1  BUS_LOAD  MEM[272] accepted 1
  266:  284:stq     | 280:nop     | 276:nop     | 272:nop     | 268:nop     BUS_LOAD  MEM[280] accepted 1
  267:  288:addq    | 284:stq     | 280:nop     | 276:nop     | 272:nop     BUS_LOAD  MEM[280] accepted 1
  268:  292:nop     | 288:addq    | 284:stq     | 280:nop     | 276:nop     BUS_LOAD  MEM[288] accepted 1
  269:    0:-       | 292:nop     | 288:addq    | 284:stq     | 280:nop     BUS_STORE MEM[4144] = 13 accepted 1
  270:  296:nop     |   0:-       | 292:nop     | 288:addq    | 284:stq     BUS_LOAD  MEM[288] accepted 1
  271:  300:nop     | 296:nop     |   0:-       | 292:nop     | 288:addq    r5=4152  BUS_LOAD  MEM[296] accepted 1
  272:  304:nop     | 300:nop     | 296:nop     |   0:-       | 292:nop     BUS_LOAD  MEM[296] accepted 1
  273:  308:bne     | 304:nop     | 300:nop     | 296:nop     |   0:-       BUS_LOAD  MEM[304] accepted 1
  274:  312:nop     | 308:bne     | 304:nop     | 300:nop     | 296:nop     BUS_LOAD  MEM[304] accepted 1
  275:  316:nop     | 312:nop     | 308:bne     | 304:nop     | 300:nop     BUS_LOAD  MEM[312] accepted 1
  276:  320:nop     | 316:nop     | 312:nop     | 308:bne     | 304:nop     BUS_LOAD  MEM[312] accepted 1
  277:  144:ldq     |   0:-       |   0:-       |   0:-       | 308:bne     BUS_LOAD  MEM[136] accepted 1
  278:  148:nop     | 144:ldq     |   0:-       |   0:-       |   0:-       BUS_LOAD  MEM[144] accepted 1
  279:  152:nop     | 148:nop     | 144:ldq     |   0:-       |   0:-       BUS_LOAD  MEM[144] accepted 1
  280:    0:-       | 152:nop     | 148:nop     | 144:ldq     |   0:-       BUS_LOAD  MEM[4136] accepted 1
  281:  156:nop     |   0:-       | 152:nop     | 148:nop     | 144:ldq     r1=8  BUS_LOAD  MEM[152] accepted 1
  282:  160:nop     | 156:nop     |   0:-       | 152:nop     | 148:nop     BUS_LOAD  MEM[152] accepted 1
  283:  164:ldq     | 160:nop     | 156:nop     |   0:-       | 152:nop     BUS_LOAD  MEM[160] accepted 1
  284:  168:nop     | 164:ldq     | 160:nop     | 156:nop     |   0:-       BUS_LOAD  MEM[160] accepted 1
  285:  172:nop     | 168:nop     | 164:ldq     | 160:nop     | 156:nop     BUS_LOAD  MEM[168] accepted 1
  286:    0:-       | 172:nop     | 168:nop     | 164:ldq     | 160:nop     BUS_LOAD  MEM[4144] accepted 1
  287:  176:nop     |   0:-       | 172:nop     | 168:nop     | 164:ldq     r2=13  BUS_LOAD  MEM[168] accepted 1
  288:  180:nop     | 176:nop     |   0:-       | 172:nop     | 168:nop     BUS_LOAD  MEM[176] accepted 1
  289:  184:addq    | 180:nop     | 176:nop     |   0:-       | 172:nop     BUS_LOAD  MEM[176] accepted 1
  290:  188:nop     | 184:addq    | 180:nop     | 176:nop     |   0:-       BUS_LOAD  MEM[184] accepted 1
  291:  192:nop     | 188:nop     | 184:addq    | 180:nop     | 176:nop     BUS_LOAD  MEM[184] accepted 1
  292:  196:nop     | 192:nop     | 188:nop     | 184:addq    | 180:nop     BUS_LOAD  MEM[192] accepted 1
  293:  200:nop     | 196:nop     | 192:nop     | 188:nop     | 184:addq    r2=21  BUS_LOAD  MEM[192] accepted 1
  294:  204:addq    | 200:nop     | 196:nop     | 192:nop     | 188:nop     BUS_LOAD  MEM[200] accepted 1
  295:  208:nop     | 204:addq    | 200:nop     | 196:nop     | 192:nop     BUS_LOAD  MEM[200] accepted 1
  296:  212:nop     | 208:nop     | 204:addq    | 200:nop     | 196:nop     BUS_LOAD  MEM[208] accepted 1
  297:  216:nop     | 212:nop     | 208:nop     | 204:addq    | 200:nop     BUS_LOAD  MEM[208] accepted 1
  298:  220:nop     | 216:nop     | 212:nop     | 208:nop     | 204:addq    r3=4144  BUS_LOAD  MEM[216] accepted 1
  299:  224:addq    | 220:nop     | 216:nop     | 212:nop     | 208:nop     BUS_LOAD  MEM[216] accepted 1
  300:  228:nop     | 224:addq    | 220:nop     | 216:nop     | 212:nop     BUS_LOAD  MEM[224] accepted 1
  301:  232:nop     | 228:nop     | 224:addq    | 220:nop     | 216:nop     BUS_LOAD  MEM[224] accepted 1
  302:  236:nop     | 232:nop     | 228:nop     | 224:addq    | 220:nop     BUS_LOAD  MEM[232] accepted 1
  303:  240:nop     | 236:nop     | 232:nop     | 228:nop     | 224:addq    r4=4152  BUS_LOAD  MEM[232] accepted 1
  304:  244:addq    | 240:nop     | 236:nop     | 232:nop     | 228:nop     BUS_LOAD  MEM[240] accepted 1
  305:  248:nop     | 244:addq    | 240:nop     | 236:nop     | 232:nop     BUS_LOAD  MEM[240] accepted 1
  306:  252:nop     | 248:nop     | 244:addq    | 240:nop     | 236:nop     BUS_LOAD  MEM[248] accepted 1
  307:  256:nop     | 252:nop     | 248:nop     | 244:addq    | 240:nop     BUS_LOAD  MEM[248] accepted 1
  308:  260:nop     | 256:nop     | 252:nop     | 248:nop     | 244:addq    r9=8  BUS_LOAD  MEM[256] accepted 1
  309:  264:cmple   | 260:nop     | 256:nop     | 252:nop     | 248:nop     BUS_LOAD  MEM[256] accepted 1
  310:  268:nop     | 264:cmple   | 260:nop     | 256:nop     | 252:nop     BUS_LOAD  MEM[264] accepted 1
  311:  272:nop     | 268:nop     | 264:cmple   | 260:nop     | 256:nop     BUS_LOAD  MEM[264] accepted 1
  312:  276:nop     | 272:nop     | 268:nop     | 264:cmple   | 260:nop     BUS_LOAD  MEM[272] accepted 1
  313:  280:nop     | 276:nop     | 272:nop     | 268:nop     | 264:cmple   r10=1  BUS_LOAD  MEM[272] accepted 1
  314:  284:stq     | 280:nop     | 276:nop     | 272:nop     | 268:nop     BUS_LOAD  MEM[280] accepted 1
  315:  288:addq    | 284:stq     | 280:nop     | 276:nop     | 272:nop     BUS_LOAD  MEM[280] accepted 1
  316:  292:nop     | 288:addq    | 284:stq     | 280:nop     | 276:nop     BUS_LOAD  MEM[288] accepted 1
  317:    0:-       | 292:nop     | 288:addq    | 284:stq     | 280:nop     BUS_STORE MEM[4152] = 21 accepted 1
  318:  296:nop     |   0:-       | 292:nop     | 288:addq    | 284:stq     BUS_LOAD  MEM[288] accepted 1
  319:  300:nop     | 296:nop     |   0:-       | 292:nop     | 288:addq    r5=4160  BUS_LOAD  MEM[296] accepted 1
  320:  304:nop     | 300:nop     | 296:nop     |   0:-       | 292:nop     BUS_LOAD  MEM[296] accepted 1
  321:  308:bne     | 304:nop     | 300:nop     | 296:nop     |   0:-       BUS_LOAD  MEM[304] accepted 1
  322:  312:nop     | 308:bne     | 304:nop     | 300:nop     | 296:nop     BUS_LOAD  MEM[304] accepted 1
  323:  316:nop     | 312:nop     | 308:bne     | 304:nop     | 300:nop     BUS_LOAD  MEM[312] accepted 1
  324:  320:nop     | 316:nop     | 312:nop     | 308:bne     | 304:nop     BUS_LOAD  MEM[312] accepted 1
  325:  144:ldq     |   0:-       |   0:-       |   0:-       | 308:bne     BUS_LOAD  MEM[136] accepted 1
  326:  148:nop     | 144:ldq     |   0:-       |   0:-       |   0:-       BUS_LOAD  MEM[144] accepted 1
  327:  152:nop     | 148:nop     | 144:ldq     |   0:-       |   0:-       BUS_LOAD  MEM[144] accepted 1
  328:    0:-       | 152:nop     | 148:nop     | 144:ldq     |   0:-       BUS_LOAD  MEM[4144] accepted 1
  329:  156:nop     |   0:-       | 152:nop     | 148:nop     | 144:ldq     r1=13  BUS_LOAD  MEM[152] accepted 1
  330:  160:nop     | 156:nop     |   0:-       | 152:nop     | 148:nop     BUS_LOAD  MEM[152] accepted 1
  331:  164:ldq     | 160:nop     | 156:nop     |   0:-       | 152:nop     BUS_LOAD  MEM[160] accepted 1
  332:  168:nop     | 164:ldq     | 160:nop     | 156:nop     |   0:-       BUS_LOAD  MEM[160] accepted 1
  333:  172:nop     | 168:nop     | 164:ldq     | 160:nop     | 156:nop     BUS_LOAD  MEM[168] accepted 1
  334:    0:-       | 172:nop     | 168:nop     | 164:ldq     | 160:nop     BUS_LOAD  MEM[4152] accepted 1
  335:  176:nop     |   0:-       | 172:nop     | 168:nop     | 164:ldq     r2=21  BUS_LOAD  MEM[168] accepted 1
  336:  180:nop     | 176:nop     |   0:-       | 172:nop     | 168:nop     BUS_LOAD  MEM[176] accepted 1
  337:  184:addq    | 180:nop     | 176:nop     |   0:-       | 172:nop     BUS_LOAD  MEM[176] accepted 1
  338:  188:nop     | 184:addq    | 180:nop     | 176:nop     |   0:-       BUS_LOAD  MEM[184] accepted 1
  339:  192:nop     | 188:nop     | 184:addq    | 180:nop     | 176:nop     BUS_LOAD  MEM[184] accepted 1
  340:  196:nop     | 192:nop     | 188:nop     | 184:addq    | 180:nop     BUS_LOAD  MEM[192] accepted 1
  341:  200:nop     | 196:nop     | 192:nop     | 188:nop     | 184:addq    r2=34  BUS_LOAD  MEM[192] accepted 1
  342:  204:addq    | 200:nop     | 196:nop     | 192:nop     | 188:nop     BUS_LOAD  MEM[200] accepted 1
  343:  208:nop     | 204:addq    | 200:nop     | 196:nop     | 192:nop     BUS_LOAD  MEM[200] accepted 1
  344:  212:nop     | 208:nop     | 204:addq    | 200:nop     | 196:nop     BUS_LOAD  MEM[208] accepted 1
  345:  216:nop     | 212:nop     | 208:nop     | 204:addq    | 200:nop     BUS_LOAD  MEM[208] accepted 1
  346:  220:nop     | 216:nop     | 212:nop     | 208:nop     | 204:addq    r3=4152  BUS_LOAD  MEM[216] accepted 1
  347:  224:addq    | 220:nop     | 216:nop     | 212:nop     | 208:nop     BUS_LOAD  MEM[216] accepted 1
  348:  228:nop     | 224:addq    | 220:nop     | 216:nop     | 212:nop     BUS_LOAD  MEM[224] accepted 1
  349:  232:nop     | 228:nop     | 224:addq    | 220:nop     | 216:nop     BUS_LOAD  MEM[224] accepted 1
  350:  236:nop     | 232:nop     | 228:nop     | 224:addq    | 220:nop     BUS_LOAD  MEM[232] accepted 1
  351:  240:nop     | 236:nop     | 232:nop     | 228:nop     | 224:addq    r4=4160  BUS_LOAD  MEM[232] accepted 1
  352:  244:addq    | 240:nop     | 236:nop     | 232:nop     | 228:nop     BUS_LOAD  MEM[240] accepted 1
  353:  248:nop     | 244:addq    | 240:nop     | 236:nop     | 232:nop     BUS_LOAD  MEM[240] accepted 1
  354:  252:nop     | 248:nop     | 244:addq    | 240:nop     | 236:nop     BUS_LOAD  MEM[248] accepted 1
  355:  256:nop     | 252:nop     | 248:nop     | 244:addq    | 240:nop     BUS_LOAD  MEM[248] accepted 1
  356:  260:nop     | 256:nop     | 252:nop     | 248:nop     | 244:addq    r9=9  BUS_LOAD  MEM[256] accepted 1
  357:  264:cmple   | 260:nop     | 256:nop     | 252:nop     | 248:nop     BUS_LOAD  MEM[256] accepted 1
  358:  268:nop     | 264:cmple   | 260:nop     | 256:nop     | 252:nop     BUS_LOAD  MEM[264] accepted 1
  359:  272:nop     | 268:nop     | 264:cmple   | 260:nop     | 256:nop     BUS_LOAD  MEM[264] accepted 1
  360:  276:nop     | 272:nop     | 268:nop     | 264:cmple   | 260:nop     BUS_LOAD  MEM[272] accepted 1
  361:  280:nop     | 276:nop     | 272:nop     | 268:nop     | 264:cmple   r10=1  BUS_LOAD  MEM[272] accepted 1
  362:  284:stq     | 280:nop     | 276:nop     | 272:nop     | 268:nop     BUS_LOAD  MEM[280] accepted 1
  363:  288:addq    | 284:stq     | 280:nop     | 276:nop     | 272:nop     BUS_LOAD  MEM[280] accepted 1
  364:  292:nop     | 288:addq    | 284:stq     | 280:nop     | 276:nop     BUS_LOAD  MEM[288] accepted 1
  365:    0:-       | 292:nop     | 288:addq    | 284:stq     | 280:nop     BUS_STORE MEM[4160] = 34 accepted 1
  366:  296:nop     |   0:-       | 292:nop     | 288:addq    | 284:stq     BUS_LOAD  MEM[288] accepted 1
  367:  300:nop     | 296:nop     |   0:-       | 292:nop     | 288:addq    r5=4168  BUS_LOAD  MEM[296] accepted 1
  368:  304:nop     | 300:nop     | 296:nop     |   0:-       | 292:nop     BUS_LOAD  MEM[296] accepted 1
  369:  308:bne     | 304:nop     | 300:nop     | 296:nop     |   0:-       BUS_LOAD  MEM[304] accepted 1
  370:  312:nop     | 308:bne     | 304:nop     | 300:nop     | 296:nop     BUS_LOAD  MEM[304] accepted 1
  371:  316:nop     | 312:nop     | 308:bne     | 304:nop     | 300:nop     BUS_LOAD  MEM[312] accepted 1
  372:  320:nop     | 316:nop     | 312:nop     | 308:bne     | 304:nop     BUS_LOAD  MEM[312] accepted 1
  373:  144:ldq     |   0:-       |   0:-       |   0:-       | 308:bne     BUS_LOAD  MEM[136] accepted 1
  374:  148:nop     | 144:ldq     |   0:-       |   0:-       |   0:-       BUS_LOAD  MEM[144] accepted 1
  375:  152:nop     | 148:nop     | 144:ldq     |   0:-       |   0:-       BUS_LOAD  MEM[144] accepted 1
  376:    0:-       | 152:nop     | 148:nop     | 144:ldq     |   0:-       BUS_LOAD  MEM[4152] accepted 1
  377:  156:nop     |   0:-       | 152:nop     | 148:nop     | 144:ldq     r1=21  BUS_LOAD  MEM[152] accepted 1
  378:  160:nop     | 156:nop     |   0:-       | 152:nop     | 148:nop     BUS_LOAD  MEM[152] accepted 1
  379:  164:ldq     | 160:nop     | 156:nop     |   0:-       | 152:nop     BUS_LOAD  MEM[160] accepted 1
  380:  168:nop     | 164:ldq     | 160:nop     | 156:nop     |   0:-       BUS_LOAD  MEM[160] accepted 1
  381:  172:nop     | 168:nop     | 164:ldq     | 160:nop     | 156:nop     BUS_LOAD  MEM[168] accepted 1
  382:    0:-       | 172:nop     | 168:nop     | 164:ldq     | 160:nop     BUS_LOAD  MEM[4160] accepted 1
  383:  176:nop     |   0:-       | 172:nop     | 168:nop     | 164:ldq     r2=34  BUS_LOAD  MEM[168] accepted 1
  384:  180:nop     | 176:nop     |   0:-       | 172:nop     | 168:nop     BUS_LOAD  MEM[176] accepted 1
  385:  184:addq    | 180:nop     | 176:nop     |   0:-       | 172:nop     BUS_LOAD  MEM[176] accepted 1
  386:  188:nop     | 184:addq    | 180:nop     | 176:nop     |   0:-       BUS_LOAD  MEM[184] accepted 1
  387:  192:nop     | 188:nop     | 184:addq    | 180:nop     | 176:nop     BUS_LOAD  MEM[184] accepted 1
  388:  196:nop     | 192:nop     | 188:nop     | 184:addq    | 180:nop     BUS_LOAD  MEM[192] accepted 1
  389:  200:nop     | 196:nop     | 192:nop     | 188:nop     | 184:addq    r2=55  BUS_LOAD  MEM[192] accepted 1
  390:  204:addq    | 200:nop     | 196:nop     | 192:nop     | 188:nop     BUS_LOAD  MEM[200] accepted 1
  391:  208:nop     | 204:addq    | 200:nop     | 196:nop     | 192:nop     BUS_LOAD  MEM[200] accepted 1
  392:  212:nop     | 208:nop     | 204:addq    | 200:nop     | 196:nop     BUS_LOAD  MEM[208] accepted 1
  393:  216:nop     | 212:nop     | 208:nop     | 204:addq    | 200:nop     BUS_LOAD  MEM[208] accepted 1
  394:  220:nop     | 216:nop     | 212:nop     | 208:nop     | 204:addq    r3=4160  BUS_LOAD  MEM[216] accepted 1
  395:  224:addq    | 220:nop     | 216:nop     | 212:nop     | 208:nop     BUS_LOAD  MEM[216] accepted 1
  396:  228:nop     | 224:addq    | 220:nop     | 216:nop     | 212:nop     BUS_LOAD  MEM[224] accepted 1
  397:  232:nop     | 228:nop     | 224:addq    | 220:nop     | 216:nop     BUS_LOAD  MEM[224] accepted 1
  398:  236:nop     | 232:nop     | 228:nop     | 224:addq    | 220:nop     BUS_LOAD  MEM[232] accepted 1
  399:  240:nop     | 236:nop     | 232:nop     | 228:nop     | 224:addq    r4=4168  BUS_LOAD  MEM[232] accepted 1
  400:  244:addq    | 240:nop     | 236:nop     | 232:nop     | 228:nop     BUS_LOAD  MEM[240] accepted 1
  401:  248:nop     | 244:addq    | 240:nop     | 236:nop     | 232:nop     BUS_LOAD  MEM[240] accepted 1
  402:  252:nop     | 248:nop     | 244:addq    | 240:nop     | 236:nop     BUS_LOAD  MEM[248] accepted 1
  403:  256:nop     | 252:nop     | 248:nop     | 244:addq    | 240:nop     BUS_LOAD  MEM[248] accepted 1
  404:  260:nop     | 256:nop     | 252:nop     | 248:nop     | 244:addq    r9=10  BUS_LOAD  MEM[256] accepted 1
  405:  264:cmple   | 260:nop     | 256:nop     | 252:nop     | 248:nop     BUS_LOAD  MEM[256] accepted 1
  406:  268:nop     | 264:cmple   | 260:nop     | 256:nop     | 252:nop     BUS_LOAD  MEM[264] accepted 1
  407:  272:nop     | 268:nop     | 264:cmple   | 260:nop     | 256:nop     BUS_LOAD  MEM[264] accepted 1
  408:  276:nop     | 272:nop     | 268:nop     | 264:cmple   | 260:nop     BUS_LOAD  MEM[272] accepted 1
  409:  280:nop     | 276:nop     | 272:nop     | 268:nop     | 264:cmple   r10=1  BUS_LOAD  MEM[272] accepted 1
  410:  284:stq     | 280:nop     | 276:nop     | 272:nop     | 268:nop     BUS_LOAD  MEM[280] accepted 1
  411:  288:addq    | 284:stq     | 280:nop     | 276:nop     | 272:nop     BUS_LOAD  MEM[280] accepted 1
  412:  292:nop     | 288:addq    | 284:stq     | 280:nop     | 276:nop     BUS_LOAD  MEM[288] accepted 1
  413:    0:-       | 292:nop     | 288:addq    | 284:stq     | 280:nop     BUS_STORE MEM[4168] = 55 accepted 1
  414:  296:nop     |   0:-       | 292:nop     | 288:addq    | 284:stq     BUS_LOAD  MEM[288] accepted 1
  415:  300:nop     | 296:nop     |   0:-       | 292:nop     | 288:addq    r5=4176  BUS_LOAD  MEM[296] accepted 1
  416:  304:nop     | 300:nop     | 296:nop     |   0:-       | 292:nop     BUS_LOAD  MEM[296] accepted 1
  417:  308:bne     | 304:nop     | 300:nop     | 296:nop     |   0:-       BUS_LOAD  MEM[304] accepted 1
  418:  312:nop     | 308:bne     | 304:nop     | 300:nop     | 296:nop     BUS_LOAD  MEM[304] accepted 1
  419:  316:nop     | 312:nop     | 308:bne     | 304:nop     | 300:nop     BUS_LOAD  MEM[312] accepted 1
  420:  320:nop     | 316:nop     | 312:nop     | 308:bne     | 304:nop     BUS_LOAD  MEM[312] accepted 1
  421:  144:ldq     |   0:-       |   0:-       |   0:-       | 308:bne     BUS_LOAD  MEM[136] accepted 1
  422:  148:nop     | 144:ldq     |   0:-       |   0:-       |   0:-       BUS_LOAD  MEM[144] accepted 1
  423:  152:nop     | 148:nop     | 144:ldq     |   0:-       |   0:-       BUS_LOAD  MEM[144] accepted 1
  424:    0:-       | 152:nop     | 148:nop     | 144:ldq     |   0:-       BUS_LOAD  MEM[4160] accepted 1
  425:  156:nop     |   0:-       | 152:nop     | 148:nop     | 144:ldq     r1=34  BUS_LOAD  MEM[152] accepted 1
  426:  160:nop     | 156:nop     |   0:-       | 152:nop     | 148:nop     BUS_LOAD  MEM[152] accepted 1
  427:  164:ldq     | 160:nop     | 156:nop     |   0:-       | 152:nop     BUS_LOAD  MEM[160] accepted 1
  428:  168:nop     | 164:ldq     | 160:nop     | 156:nop     |   0:-       BUS_LOAD  MEM[160] accepted 1
  429:  172:nop     | 168:nop     | 164:ldq     | 160:nop     | 156:nop     BUS_LOAD  MEM[168] accepted 1
  430:    0:-       | 172:nop     | 168:nop     | 164:ldq     | 160:nop     BUS_LOAD  MEM[4168] accepted 1
  431:  176:nop     |   0:-       | 172:nop     | 168:nop     | 164:ldq     r2=55  BUS_LOAD  MEM[168] accepted 1
  432:  180:nop     | 176:nop     |   0:-       | 172:nop     | 168:nop     BUS_LOAD  MEM[176] accepted 1
  433:  184:addq    | 180:nop     | 176:nop     |   0:-       | 172:nop     BUS_LOAD  MEM[176] accepted 1
  434:  188:nop     | 184:addq    | 180:nop     | 176:nop     |   0:-       BUS_LOAD  MEM[184] accepted 1
  435:  192:nop     | 188:nop     | 184:addq    | 180:nop     | 176:nop     BUS_LOAD  MEM[184] accepted 1
  436:  196:nop     | 192:nop     | 188:nop     | 184:addq    | 180:nop     BUS_LOAD  MEM[192] accepted 1
  437:  200:nop     | 196:nop     | 192:nop     | 188:nop     | 184:addq    r2=89  BUS_LOAD  MEM[192] accepted 1
  438:  204:addq    | 200:nop     | 196:nop     | 192:nop     | 188:nop     BUS_LOAD  MEM[200] accepted 1
  439:  208:nop     | 204:addq    | 200:nop     | 196:nop     | 192:nop     BUS_LOAD  MEM[200] accepted 1
  440:  212:nop     | 208:nop     | 204:addq    | 200:nop     | 196:nop     BUS_LOAD  MEM[208] accepted 1
  441:  216:nop     | 212:nop     | 208:nop     | 204:addq    | 200:nop     BUS_LOAD  MEM[208] accepted 1
  442:  220:nop     | 216:nop     | 212:nop     | 208:nop     | 204:addq    r3=4168  BUS_LOAD  MEM[216] accepted 1
  443:  224:addq    | 220:nop     | 216:nop     | 212:nop     | 208:nop     BUS_LOAD  MEM[216] accepted 1
  444:  228:nop     | 224:addq    | 220:nop     | 216:nop     | 212:nop     BUS_LOAD  MEM[224] accepted 1
  445:  232:nop     | 228:nop     | 224:addq    | 220:nop     | 216:nop     BUS_LOAD  MEM[224] accepted 1
  446:  236:nop     | 232:nop     | 228:nop     | 224:addq    | 220:nop     BUS_LOAD  MEM[232] accepted 1
  447:  240:nop     | 236:nop     | 232:nop     | 228:nop     | 224:addq    r4=4176  BUS_LOAD  MEM[232] accepted 1
  448:  244:addq    | 240:nop     | 236:nop     | 232:nop     | 228:nop     BUS_LOAD  MEM[240] accepted 1
  449:  248:nop     | 244:addq    | 240:nop     | 236:nop     | 232:nop     BUS_LOAD  MEM[240] accepted 1
  450:  252:nop     | 248:nop     | 244:addq    | 240:nop     | 236:nop     BUS_LOAD  MEM[248] accepted 1
  451:  256:nop     | 252:nop     | 248:nop     | 244:addq    | 240:nop     BUS_LOAD  MEM[248] accepted 1
  452:  260:nop     | 256:nop     | 252:nop     | 248:nop     | 244:addq    r9=11  BUS_LOAD  MEM[256] accepted 1
  453:  264:cmple   | 260:nop     | 256:nop     | 252:nop     | 248:nop     BUS_LOAD  MEM[256] accepted 1
  454:  268:nop     | 264:cmple   | 260:nop     | 256:nop     | 252:nop     BUS_LOAD  MEM[264] accepted 1
  455:  272:nop     | 268:nop     | 264:cmple   | 260:nop     | 256:nop     BUS_LOAD  MEM[264] accepted 1
  456:  276:nop     | 272:nop     | 268:nop     | 264:cmple   | 260:nop     BUS_LOAD  MEM[272] accepted 1
  457:  280:nop     | 276:nop     | 272:nop     | 268:nop     | 264:cmple   r10=1  BUS_LOAD  MEM[272] accepted 1
  458:  284:stq     | 280:nop     | 276:nop     | 272:nop     | 268:nop     BUS_LOAD  MEM[280] accepted 1
  459:  288:addq    | 284:stq     | 280:nop     | 276:nop     | 272:nop     BUS_LOAD  MEM[280] accepted 1
  460:  292:nop     | 288:addq    | 284:stq     | 280:nop     | 276:nop     BUS_LOAD  MEM[288] accepted 1
  461:    0:-       | 292:nop     | 288:addq    | 284:stq     | 280:nop     BUS_STORE MEM[4176] = 89 accepted 1
  462:  296:nop     |   0:-       | 292:nop     | 288:addq    | 284:stq     BUS_LOAD  MEM[288] accepted 1
  463:  300:nop     | 296:nop     |   0:-       | 292:nop     | 288:addq    r5=4184  BUS_LOAD  MEM[296] accepted 1
  464:  304:nop     | 300:nop     | 296:nop     |   0:-       | 292:nop     BUS_LOAD  MEM[296] accepted 1
  465:  308:bne     | 304:nop     | 300:nop     | 296:nop     |   0:-       BUS_LOAD  MEM[304] accepted 1
  466:  312:nop     | 308:bne     | 304:nop     | 300:nop     | 296:nop     BUS_LOAD  MEM[304] accepted 1
  467:  316:nop     | 312:nop     | 308:bne     | 304:nop     | 300:nop     BUS_LOAD  MEM[312] accepted 1
  468:  320:nop     | 316:nop     | 312:nop     | 308:bne     | 304:nop     BUS_LOAD  MEM[312] accepted 1
  469:  144:ldq     |   0:-       |   0:-       |   0:-       | 308:bne     BUS_LOAD  MEM[136] accepted 1
  470:  148:nop     | 144:ldq     |   0:-       |   0:-       |   0:-       BUS_LOAD  MEM[144] accepted 1
  471:  152:nop     | 148:nop     | 144:ldq     |   0:-       |   0:-       BUS_LOAD  MEM[144] accepted 1
  472:    0:-       | 152:nop     | 148:nop     | 144:ldq     |   0:-       BUS_LOAD  MEM[4168] accepted 1
  473:  156:nop     |   0:-       | 152:nop     | 148:nop     | 144:ldq     r1=55  BUS_LOAD  MEM[152] accepted 1
  474:  160:nop     | 156:nop     |   0:-       | 152:nop     | 148:nop     BUS_LOAD  MEM[152] accepted 1
  475:  164:ldq     | 160:nop     | 156:nop     |   0:-       | 152:nop     BUS_LOAD  MEM[160] accepted 1
  476:  168:nop     | 164:ldq     | 160:nop     | 156:nop     |   0:-       BUS_LOAD  MEM[160] accepted 1
  477:  172:nop     | 168:nop     | 164:ldq     | 160:nop     | 156:nop     BUS_LOAD  MEM[168] accepted 1
  478:    0:-       | 172:nop     | 168:nop     | 164:ldq     | 160:nop     BUS_LOAD  MEM[4176] accepted 1
  479:  176:nop     |   0:-       | 172:nop     | 168:nop     | 164:ldq     r2=89  BUS_LOAD  MEM[168] accepted 1
  480:  180:nop     | 176:nop     |   0:-       | 172:nop     | 168:nop     BUS_LOAD  MEM[176] accepted 1
  481:  184:addq    | 180:nop     | 176:nop     |   0:-       | 172:nop     BUS_LOAD  MEM[176] accepted 1
  482:  188:nop     | 184:addq    | 180:nop     | 176:nop     |   0:-       BUS_LOAD  MEM[184] accepted 1
  483:  192:nop     | 188:nop     | 184:addq    | 180:nop     | 176:nop     BUS_LOAD  MEM[184] accepted 1
  484:  196:nop     | 192:nop     | 188:nop     | 184:addq    | 180:nop     BUS_LOAD  MEM[192] accepted 1
  485:  200:nop     | 196:nop     | 192:nop     | 188:nop     | 184:addq    r2=144  BUS_LOAD  MEM[192] accepted 1
  486:  204:addq    | 200:nop     | 196:nop     | 192:nop     | 188:nop     BUS_LOAD  MEM[200] accepted 1
  487:  208:nop     | 204:addq    | 200:nop     | 196:nop     | 192:nop     BUS_LOAD  MEM[200] accepted 1
  488:  212:nop     | 208:nop     | 204:addq    | 200:nop     | 196:nop     BUS_LOAD  MEM[208] accepted 1
  489:  216:nop     | 212:nop     | 208:nop     | 204:addq    | 200:nop     BUS_LOAD  MEM[208] accepted 1
  490:  220:nop     | 216:nop     | 212:nop     | 208:nop     | 204:addq    r3=4176  BUS_LOAD  MEM[216] accepted 1
  491:  224:addq    | 220:nop     | 216:nop     | 212:nop     | 208:nop     BUS_LOAD  MEM[216] accepted 1
  492:  228:nop     | 224:addq    | 220:nop     | 216:nop     | 212:nop     BUS_LOAD  MEM[224] accepted 1
  493:  232:nop     | 228:nop     | 224:addq    | 220:nop     | 216:nop     BUS_LOAD  MEM[224] accepted 1
  494:  236:nop     | 232:nop     | 228:nop     | 224:addq    | 220:nop     BUS_LOAD  MEM[232] accepted 1
  495:  240:nop     | 236:nop     | 232:nop     | 228:nop     | 224:addq    r4=4184  BUS_LOAD  MEM[232] accepted 1
  496:  244:addq    | 240:nop     | 236:nop     | 232:nop     | 228:nop     BUS_LOAD  MEM[240] accepted 1
  497:  248:nop     | 244:addq    | 240:nop     | 236:nop     | 232:nop     BUS_LOAD  MEM[240] accepted 1
  498:  252:nop     | 248:nop     | 244:addq    | 240:nop     | 236:nop     BUS_LOAD  MEM[248] accepted 1
  499:  256:nop     | 252:nop     | 248:nop     | 244:addq    | 240:nop     BUS_LOAD  MEM[248] accepted 1
  500:  260:nop     | 256:nop     | 252:nop     | 248:nop     | 244:addq    r9=12  BUS_LOAD  MEM[256] accepted 1
  501:  264:cmple   | 260:nop     | 256:nop     | 252:nop     | 248:nop     BUS_LOAD  MEM[256] accepted 1
  502:  268:nop     | 264:cmple   | 260:nop     | 256:nop     | 252:nop     BUS_LOAD  MEM[264] accepted 1
  503:  272:nop     | 268:nop     | 264:cmple   | 260:nop     | 256:nop     BUS_LOAD  MEM[264] accepted 1
  504:  276:nop     | 272:nop     | 268:nop     | 264:cmple   | 260:nop     BUS_LOAD  MEM[272] accepted 1
  505:  280:nop     | 276:nop     | 272:nop     | 268:nop     | 264:cmple   r10=1  BUS_LOAD  MEM[272] accepted 1
  506:  284:stq     | 280:nop     | 276:nop     | 272:nop     | 268:nop     BUS_LOAD  MEM[280] accepted 1
  507:  288:addq    | 284:stq     | 280:nop     | 276:nop     | 272:nop     BUS_LOAD  MEM[280] accepted 1
  508:  292:nop     | 288:addq    | 284:stq     | 280:nop     | 276:nop     BUS_LOAD  MEM[288] accepted 1
  509:    0:-       | 292:nop     | 288:addq    | 284:stq     | 280:nop     BUS_STORE MEM[4184] = 144 accepted 1
  510:  296:nop     |   0:-       | 292:nop     | 288:addq    | 284:stq     BUS_LOAD  MEM[288] accepted 1
  511:  300:nop     | 296:nop     |   0:-       | 292:nop     | 288:addq    r5=4192  BUS_LOAD  MEM[296] accepted 1
  512:  304:nop     | 300:nop     | 296:nop     |   0:-       | 292:nop     BUS_LOAD  MEM[296] accepted 1
  513:  308:bne     | 304:nop     | 300:nop     | 296:nop     |   0:-       BUS_LOAD  MEM[304] accepted 1
  514:  312:nop     | 308:bne     | 304:nop     | 300:nop     | 296:nop     BUS_LOAD  MEM[304] accepted 1
  515:  316:nop     | 312:nop     | 308:bne     | 304:nop     | 300:nop     BUS_LOAD  MEM[312] accepted 1
  516:  320:nop     | 316:nop     | 312:nop     | 308:bne     | 304:nop     BUS_LOAD  MEM[312] accepted 1
  517:  144:ldq     |   0:-       |   0:-       |   0:-       | 308:bne     BUS_LOAD  MEM[136] accepted 1
  518:  148:nop     | 144:ldq     |   0:-       |   0:-       |   0:-       BUS_LOAD  MEM[144] accepted 1
  519:  152:nop     | 148:nop     | 144:ldq     |   0:-       |   0:-       BUS_LOAD  MEM[144] accepted 1
  520:    0:-       | 152:nop     | 148:nop     | 144:ldq     |   0:-       BUS_LOAD  MEM[4176] accepted 1
  521:  156:nop     |   0:-       | 152:nop     | 148:nop     | 144:ldq     r1=89  BUS_LOAD  MEM[152] accepted 1
  522:  160:nop     | 156:nop     |   0:-       | 152:nop     | 148:nop     BUS_LOAD  MEM[152] accepted 1
  523:  164:ldq     | 160:nop     | 156:nop     |   0:-       | 152:nop     BUS_LOAD  MEM[160] accepted 1
  524:  168:nop     | 164:ldq     | 160:nop     | 156:nop     |   0:-       BUS_LOAD  MEM[160] accepted 1
  525:  172:nop     | 168:nop     | 164:ldq     | 160:nop     | 156:nop     BUS_LOAD  MEM[168] accepted 1
  526:    0:-       | 172:nop     | 168:nop     | 164:ldq     | 160:nop     BUS_LOAD  MEM[4184] accepted 1
  527:  176:nop     |   0:-       | 172:nop     | 168:nop     | 164:ldq     r2=144  BUS_LOAD  MEM[168] accepted 1
  528:  180:nop     | 176:nop     |   0:-       | 172:nop     | 168:nop     BUS_LOAD  MEM[176] accepted 1
  529:  184:addq    | 180:nop     | 176:nop     |   0:-       | 172:nop     BUS_LOAD  MEM[176] accepted 1
  530:  188:nop     | 184:addq    | 180:nop     | 176:nop     |   0:-       BUS_LOAD  MEM[184] accepted 1
  531:  192:nop     | 188:nop     | 184:addq    | 180:nop     | 176:nop     BUS_LOAD  MEM[184] accepted 1
  532:  196:nop     | 192:nop     | 188:nop     | 184:addq    | 180:nop     BUS_LOAD  MEM[192] accepted 1
  533:  200:nop     | 196:nop     | 192:nop     | 188:nop     | 184:addq    r2=233  BUS_LOAD  MEM[192] accepted 1
  534:  204:addq    | 200:nop     | 196:nop     | 192:nop     | 188:nop     BUS_LOAD  MEM[200] accepted 1
  535:  208:nop     | 204:addq    | 200:nop     | 196:nop     | 192:nop     BUS_LOAD  MEM[200] accepted 1
  536:  212:nop     | 208:nop     | 204:addq    | 200:nop     | 196:nop     BUS_LOAD  MEM[208] accepted 1
  537:  216:nop     | 212:nop     | 208:nop     | 204:addq    | 200:nop     BUS_LOAD  MEM[208] accepted 1
  538:  220:nop     | 216:nop     | 212:nop     | 208:nop     | 204:addq    r3=4184  BUS_LOAD  MEM[216] accepted 1
  539:  224:addq    | 220:nop     | 216:nop     | 212:nop     | 208:nop     BUS_LOAD  MEM[216] accepted 1
  540:  228:nop     | 224:addq    | 220:nop     | 216:nop     | 212:nop     BUS_LOAD  MEM[224] accepted 1
  541:  232:nop     | 228:nop     | 224:addq    | 220:nop     | 216:nop     BUS_LOAD  MEM[224] accepted 1
  542:  236:nop     | 232:nop     | 228:nop     | 224:addq    | 220:nop     BUS_LOAD  MEM[232] accepted 1
  543:  240:nop     | 236:nop     | 232:nop     | 228:nop     | 224:addq    r4=4192  BUS_LOAD  MEM[232] accepted 1
  544:  244:addq    | 240:nop     | 236:nop     | 232:nop     | 228:nop     BUS_LOAD  MEM[240] accepted 1
  545:  248:nop     | 244:addq    | 240:nop     | 236:nop     | 232:nop     BUS_LOAD  MEM[240] accepted 1
  546:  252:nop     | 248:nop     | 244:addq    | 240:nop     | 236:nop     BUS_LOAD  MEM[248] accepted 1
  547:  256:nop     | 252:nop     | 248:nop     | 244:addq    | 240:nop     BUS_LOAD  MEM[248] accepted 1
  548:  260:nop     | 256:nop     | 252:nop     | 248:nop     | 244:addq    r9=13  BUS_LOAD  MEM[256] accepted 1
  549:  264:cmple   | 260:nop     | 256:nop     | 252:nop     | 248:nop     BUS_LOAD  MEM[256] accepted 1
  550:  268:nop     | 264:cmple   | 260:nop     | 256:nop     | 252:nop     BUS_LOAD  MEM[264] accepted 1
  551:  272:nop     | 268:nop     | 264:cmple   | 260:nop     | 256:nop     BUS_LOAD  MEM[264] accepted 1
  552:  276:nop     | 272:nop     | 268:nop     | 264:cmple   | 260:nop     BUS_LOAD  MEM[272] accepted 1
  553:  280:nop     | 276:nop     | 272:nop     | 268:nop     | 264:cmple   r10=1  BUS_LOAD  MEM[272] accepted 1
  554:  284:stq     | 280:nop     | 276:nop     | 272:nop     | 268:nop     BUS_LOAD  MEM[280] accepted 1
  555:  288:addq    | 284:stq     | 280:nop     | 276:nop     | 272:nop     BUS_LOAD  MEM[280] accepted 1
  556:  292:nop     | 288:addq    | 284:stq     | 280:nop     | 276:nop     BUS_LOAD  MEM[288] accepted 1
  557:    0:-       | 292:nop     | 288:addq    | 284:stq     | 280:nop     BUS_STORE MEM[4192] = 233 accepted 1
  558:  296:nop     |   0:-       | 292:nop     | 288:addq    | 284:stq     BUS_LOAD  MEM[288] accepted 1
  559:  300:nop     | 296:nop     |   0:-       | 292:nop     | 288:addq    r5=4200  BUS_LOAD  MEM[296] accepted 1
  560:  304:nop     | 300:nop     | 296:nop     |   0:-       | 292:nop     BUS_LOAD  MEM[296] accepted 1
  561:  308:bne     | 304:nop     | 300:nop     | 296:nop     |   0:-       BUS_LOAD  MEM[304] accepted 1
  562:  312:nop     | 308:bne     | 304:nop     | 300:nop     | 296:nop     BUS_LOAD  MEM[304] accepted 1
  563:  316:nop     | 312:nop     | 308:bne     | 304:nop     | 300:nop     BUS_LOAD  MEM[312] accepted 1
  564:  320:nop     | 316:nop     | 312:nop     | 308:bne     | 304:nop     BUS_LOAD  MEM[312] accepted 1
  565:  144:ldq     |   0:-       |   0:-       |   0:-       | 308:bne     BUS_LOAD  MEM[136] accepted 1
  566:  148:nop     | 144:ldq     |   0:-       |   0:-       |   0:-       BUS_LOAD  MEM[144] accepted 1
  567:  152:nop     | 148:nop     | 144:ldq     |   0:-       |   0:-       BUS_LOAD  MEM[144] accepted 1
  568:    0:-       | 152:nop     | 148:nop     | 144:ldq     |   0:-       BUS_LOAD  MEM[4184] accepted 1
  569:  156:nop     |   0:-       | 152:nop     | 148:nop     | 144:ldq     r1=144  BUS_LOAD  MEM[152] accepted 1
  570:  160:nop     | 156:nop     |   0:-       | 152:nop     | 148:nop     BUS_LOAD  MEM[152] accepted 1
  571:  164:ldq     | 160:nop     | 156:nop     |   0:-       | 152:nop     BUS_LOAD  MEM[160] accepted 1
  572:  168:nop     | 164:ldq     | 160:nop     | 156:nop     |   0:-       BUS_LOAD  MEM[160] accepted 1
  573:  172:nop     | 168:nop     | 164:ldq     | 160:nop     | 156:nop     BUS_LOAD  MEM[168] accepted 1
  574:    0:-       | 172:nop     | 168:nop     | 164:ldq     | 160:nop     BUS_LOAD  MEM[4192] accepted 1
  575:  176:nop     |   0:-       | 172:nop     | 168:nop     | 164:ldq     r2=233  BUS_LOAD  MEM[168] accepted 1
  576:  180:nop     | 176:nop     |   0:-       | 172:nop     | 168:nop     BUS_LOAD  MEM[176] accepted 1
  577:  184:addq    | 180:nop     | 176:nop     |   0:-       | 172:nop     BUS_LOAD  MEM[176] accepted 1
  578:  188:nop     | 184:addq    | 180:nop     | 176:nop     |   0:-       BUS_LOAD  MEM[184] accepted 1
  579:  192:nop     | 188:nop     | 184:addq    | 180:nop     | 176:nop     BUS_LOAD  MEM[184] accepted 1
  580:  196:nop     | 192:nop     | 188:nop     | 184:addq    | 180:nop     BUS_LOAD  MEM[192] accepted 1
  581:  200:nop     | 196:nop     | 192:nop     | 188:nop     | 184:addq    r2=377  BUS_LOAD  MEM[192] accepted 1
  582:  204:addq    | 200:nop     | 196:nop     | 192:nop     | 188:nop     BUS_LOAD  MEM[200] accepted 1
  583:  208:nop     | 204:addq    | 200:nop     | 196:nop     | 192:nop     BUS_LOAD  MEM[200] accepted 1
  584:  212:nop     | 208:nop     | 204:addq    | 200:nop     | 196:nop     BUS_LOAD  MEM[208] accepted 1
  585:  216:nop     | 212:nop     | 208:nop     | 204:addq    | 200:nop     BUS_LOAD  MEM[208] accepted 1
  586:  220:nop     | 216:nop     | 212:nop     | 208:nop     | 204:addq    r3=4192  BUS_LOAD  MEM[216] accepted 1
  587:  224:addq    | 220:nop     | 216:nop     | 212:nop     | 208:nop     BUS_LOAD  MEM[216] accepted 1
  588:  228:nop     | 224:addq    | 220:nop     | 216:nop     | 212:nop     BUS_LOAD  MEM[224] accepted 1
  589:  232:nop     | 228:nop     | 224:addq    | 220:nop     | 216:nop     BUS_LOAD  MEM[224] accepted 1
  590:  236:nop     | 232:nop     | 228:nop     | 224:addq    | 220:nop     BUS_LOAD  MEM[232] accepted 1
  591:  240:nop     | 236:nop     | 232:nop     | 228:nop     | 224:addq    r4=4200  BUS_LOAD  MEM[232] accepted 1
  592:  244:addq    | 240:nop     | 236:nop     | 232:nop     | 228:nop     BUS_LOAD  MEM[240] accepted 1
  593:  248:nop     | 244:addq    | 240:nop     | 236:nop     | 232:nop     BUS_LOAD  MEM[240] accepted 1
  594:  252:nop     | 248:nop     | 244:addq    | 240:nop     | 236:nop     BUS_LOAD  MEM[248] accepted 1
  595:  256:nop     | 252:nop     | 248:nop     | 244:addq    | 240:nop     BUS_LOAD  MEM[248] accepted 1
  596:  260:nop     | 256:nop     | 252:nop     | 248:nop     | 244:addq    r9=14  BUS_LOAD  MEM[256] accepted 1
  597:  264:cmple   | 260:nop     | 256:nop     | 252:nop     | 248:nop     BUS_LOAD  MEM[256] accepted 1
  598:  268:nop     | 264:cmple   | 260:nop     | 256:nop     | 252:nop     BUS_LOAD  MEM[264] accepted 1
  599:  272:nop     | 268:nop     | 264:cmple   | 260:nop     | 256:nop     BUS_LOAD  MEM[264] accepted 1
  600:  276:nop     | 272:nop     | 268:nop     | 264:cmple   | 260:nop     BUS_LOAD  MEM[272] accepted 1
  601:  280:nop     | 276:nop     | 272:nop     | 268:nop     | 264:cmple   r10=1  BUS_LOAD  MEM[272] accepted 1
  602:  284:stq     | 280:nop     | 276:nop     | 272:nop     | 268:nop     BUS_LOAD  MEM[280] accepted 1
  603:  288:addq    | 284:stq     | 280:nop     | 276:nop     | 272:nop     BUS_LOAD  MEM[280] accepted 1
  604:  292:nop     | 288:addq    | 284:stq     | 280:nop     | 276:nop     BUS_LOAD  MEM[288] accepted 1
  605:    0:-       | 292:nop     | 288:addq    | 284:stq     | 280:nop     BUS_STORE MEM[4200] = 377 accepted 1
  606:  296:nop     |   0:-       | 292:nop     | 288:addq    | 284:stq     BUS_LOAD  MEM[288] accepted 1
  607:  300:nop     | 296:nop     |   0:-       | 292:nop     | 288:addq    r5=4208  BUS_LOAD  MEM[296] accepted 1
  608:  304:nop     | 300:nop     | 296:nop     |   0:-       | 292:nop     BUS_LOAD  MEM[296] accepted 1
  609:  308:bne     | 304:nop     | 300:nop     | 296:nop     |   0:-       BUS_LOAD  MEM[304] accepted 1
  610:  312:nop     | 308:bne     | 304:nop     | 300:nop     | 296:nop     BUS_LOAD  MEM[304] accepted 1
  611:  316:nop     | 312:nop     | 308:bne     | 304:nop     | 300:nop     BUS_LOAD  MEM[312] accepted 1
  612:  320:nop     | 316:nop     | 312:nop     | 308:bne     | 304:nop     BUS_LOAD  MEM[312] accepted 1
  613:  144:ldq     |   0:-       |   0:-       |   0:-       | 308:bne     BUS_LOAD  MEM[136] accepted 1
  614:  148:nop     | 144:ldq     |   0:-       |   0:-       |   0:-       BUS_LOAD  MEM[144] accepted 1
  615:  152:nop     | 148:nop     | 144:ldq     |   0:-       |   0:-       BUS_LOAD  MEM[144] accepted 1
  616:    0:-       | 152:nop     | 148:nop     | 144:ldq     |   0:-       BUS_LOAD  MEM[4192] accepted 1
  617:  156:nop     |   0:-       | 152:nop     | 148:nop     | 144:ldq     r1=233  BUS_LOAD  MEM[152] accepted 1
  618:  160:nop     | 156:nop     |   0:-       | 152:nop     | 148:nop     BUS_LOAD  MEM[152] accepted 1
  619:  164:ldq     | 160:nop     | 156:nop     |   0:-       | 152:nop     BUS_LOAD  MEM[160] accepted 1
  620:  168:nop     | 164:ldq     | 160:nop     | 156:nop     |   0:-       BUS_LOAD  MEM[160] accepted 1
  621:  172:nop     | 168:nop     | 164:ldq     | 160:nop     | 156:nop     BUS_LOAD  MEM[168] accepted 1
  622:    0:-       | 172:nop     | 168:nop     | 164:ldq     | 160:nop     BUS_LOAD  MEM[4200] accepted 1
  623:  176:nop     |   0:-       | 172:nop     | 168:nop     | 164:ldq     r2=377  BUS_LOAD  MEM[168] accepted 1
  624:  180:nop     | 176:nop     |   0:-       | 172:nop     | 168:nop     BUS_LOAD  MEM[176] accepted 1
  625:  184:addq    | 180:nop     | 176:nop     |   0:-       | 172:nop     BUS_LOAD  MEM[176] accepted 1
  626:  188:nop     | 184:addq    | 180:nop     | 176:nop     |   0:-       BUS_LOAD  MEM[184] accepted 1
  627:  192:nop     | 188:nop     | 184:addq    | 180:nop     | 176:nop     BUS_LOAD  MEM[184] accepted 1
  628:  196:nop     | 192:nop     | 188:nop     | 184:addq    | 180:nop     BUS_LOAD  MEM[192] accepted 1
  629:  200:nop     | 196:nop     | 192:nop     | 188:nop     | 184:addq    r2=610  BUS_LOAD  MEM[192] accepted 1
  630:  204:addq    | 200:nop     | 196:nop     | 192:nop     | 188:nop     BUS_LOAD  MEM[200] accepted 1
  631:  208:nop     | 204:addq    | 200:nop     | 196:nop     | 192:nop     BUS_LOAD  MEM[200] accepted 1
  632:  212:nop     | 208:nop     | 204:addq    | 200:nop     | 196:nop     BUS_LOAD  MEM[208] accepted 1
  633:  216:nop     | 212:nop     | 208:nop     | 204:addq    | 200:nop     BUS_LOAD  MEM[208] accepted 1
  634:  220:nop     | 216:nop     | 212:nop     | 208:nop     | 204:addq    r3=4200  BUS_LOAD  MEM[216] accepted 1
  635:  224:addq    | 220:nop     | 216:nop     | 212:nop     | 208:nop     BUS_LOAD  MEM[216] accepted 1
  636:  228:nop     | 224:addq    | 220:nop     | 216:nop     | 212:nop     BUS_LOAD  MEM[224] accepted 1
  637:  232:nop     | 228:nop     | 224:addq    | 220:nop     | 216:nop     BUS_LOAD  MEM[224] accepted 1
  638:  236:nop     | 232:nop     | 228:nop     | 224:addq    | 220:nop     BUS_LOAD  MEM[232] accepted 1
  639:  240:nop     | 236:nop     | 232:nop     | 228:nop     | 224:addq    r4=4208  BUS_LOAD  MEM[232] accepted 1
  640:  244:addq    | 240:nop     | 236:nop     | 232:nop     | 228:nop     BUS_LOAD  MEM[240] accepted 1
  641:  248:nop     | 244:addq    | 240:nop     | 236:nop     | 232:nop     BUS_LOAD  MEM[240] accepted 1
  642:  252:nop     | 248:nop     | 244:addq    | 240:nop     | 236:nop     BUS_LOAD  MEM[248] accepted 1
  643:  256:nop     | 252:nop     | 248:nop     | 244:addq    | 240:nop     BUS_LOAD  MEM[248] accepted 1
  644:  260:nop     | 256:nop     | 252:nop     | 248:nop     | 244:addq    r9=15  BUS_LOAD  MEM[256] accepted 1
  645:  264:cmple   | 260:nop     | 256:nop     | 252:nop     | 248:nop     BUS_LOAD  MEM[256] accepted 1
  646:  268:nop     | 264:cmple   | 260:nop     | 256:nop     | 252:nop     BUS_LOAD  MEM[264] accepted 1
  647:  272:nop     | 268:nop     | 264:cmple   | 260:nop     | 256:nop     BUS_LOAD  MEM[264] accepted 1
  648:  276:nop     | 272:nop     | 268:nop     | 264:cmple   | 260:nop     BUS_LOAD  MEM[272] accepted 1
  649:  280:nop     | 276:nop     | 272:nop     | 268:nop     | 264:cmple   r10=1  BUS_LOAD  MEM[272] accepted 1
  650:  284:stq     | 280:nop     | 276:nop     | 272:nop     | 268:nop     BUS_LOAD  MEM[280] accepted 1
  651:  288:addq    | 284:stq     | 280:nop     | 276:nop     | 272:nop     BUS_LOAD  MEM[280] accepted 1
  652:  292:nop     | 288:addq    | 284:stq     | 280:nop     | 276:nop     BUS_LOAD  MEM[288] accepted 1
  653:    0:-       | 292:nop     | 288:addq    | 284:stq     | 280:nop     BUS_STORE MEM[4208] = 610 accepted 1
  654:  296:nop     |   0:-       | 292:nop     | 288:addq    | 284:stq     BUS_LOAD  MEM[288] accepted 1
  655:  300:nop     | 296:nop     |   0:-       | 292:nop     | 288:addq    r5=4216  BUS_LOAD  MEM[296] accepted 1
  656:  304:nop     | 300:nop     | 296:nop     |   0:-       | 292:nop     BUS_LOAD  MEM[296] accepted 1
  657:  308:bne     | 304:nop     | 300:nop     | 296:nop     |   0:-       BUS_LOAD  MEM[304] accepted 1
  658:  312:nop     | 308:bne     | 304:nop     | 300:nop     | 296:nop     BUS_LOAD  MEM[304] accepted 1
  659:  316:nop     | 312:nop     | 308:bne     | 304:nop     | 300:nop     BUS_LOAD  MEM[312] accepted 1
  660:  320:nop     | 316:nop     | 312:nop     | 308:bne     | 304:nop     BUS_LOAD  MEM[312] accepted 1
  661:  144:ldq     |   0:-       |   0:-       |   0:-       | 308:bne     BUS_LOAD  MEM[136] accepted 1
  662:  148:nop     | 144:ldq     |   0:-       |   0:-       |   0:-       BUS_LOAD  MEM[144] accepted 1
  663:  152:nop     | 148:nop     | 144:ldq     |   0:-       |   0:-       BUS_LOAD  MEM[144] accepted 1
  664:    0:-       | 152:nop     | 148:nop     | 144:ldq     |   0:-       BUS_LOAD  MEM[4200] accepted 1
  665:  156:nop     |   0:-       | 152:nop     | 148:nop     | 144:ldq     r1=377  BUS_LOAD  MEM[152] accepted 1
  666:  160:nop     | 156:nop     |   0:-       | 152:nop     | 148:nop     BUS_LOAD  MEM[152] accepted 1
  667:  164:ldq     | 160:nop     | 156:nop     |   0:-       | 152:nop     BUS_LOAD  MEM[160] accepted 1
  668:  168:nop     | 164:ldq     | 160:nop     | 156:nop     |   0:-       BUS_LOAD  MEM[160] accepted 1
  669:  172:nop     | 168:nop     | 164:ldq     | 160:nop     | 156:nop     BUS_LOAD  MEM[168] accepted 1
  670:    0:-       | 172:nop     | 168:nop     | 164:ldq     | 160:nop     BUS_LOAD  MEM[4208] accepted 1
  671:  176:nop     |   0:-       | 172:nop     | 168:nop     | 164:ldq     r2=610  BUS_LOAD  MEM[168] accepted 1
  672:  180:nop     | 176:nop     |   0:-       | 172:nop     | 168:nop     BUS_LOAD  MEM[176] accepted 1
  673:  184:addq    | 180:nop     | 176:nop     |   0:-       | 172:nop     BUS_LOAD  MEM[176] accepted 1
  674:  188:nop     | 184:addq    | 180:nop     | 176:nop     |   0:-       BUS_LOAD  MEM[184] accepted 1
  675:  192:nop     | 188:nop     | 184:addq    | 180:nop     | 176:nop     BUS_LOAD  MEM[184] accepted 1
  676:  196:nop     | 192:nop     | 188:nop     | 184:addq    | 180:nop     BUS_LOAD  MEM[192] accepted 1
  677:  200:nop     | 196:nop     | 192:nop     | 188:nop     | 184:addq    r2=987  BUS_LOAD  MEM[192] accepted 1
  678:  204:addq    | 200:nop     | 196:nop     | 192:nop     | 188:nop     BUS_LOAD  MEM[200] accepted 1
  679:  208:nop     | 204:addq    | 200:nop     | 196:nop     | 192:nop     BUS_LOAD  MEM[200] accepted 1
  680:  212:nop     | 208:nop     | 204:addq    | 200:nop     | 196:nop     BUS_LOAD  MEM[208] accepted 1
  681:  216:nop     | 212:nop     | 208:nop     | 204:addq    | 200:nop     BUS_LOAD  MEM[208] accepted 1
  682:  220:nop     | 216:nop     | 212:nop     | 208:nop     | 204:addq    r3=4208  BUS_LOAD  MEM[216] accepted 1
  683:  224:addq    | 220:nop     | 216:nop     | 212:nop     | 208:nop     BUS_LOAD  MEM[216] accepted 1
  684:  228:nop     | 224:addq    | 220:nop     | 216:nop     | 212:nop     BUS_LOAD  MEM[224] accepted 1
  685:  232:nop     | 228:nop     | 224:addq    | 220:nop     | 216:nop     BUS_LOAD  MEM[224] accepted 1
  686:  236:nop     | 232:nop     | 228:nop     | 224:addq    | 220:nop     BUS_LOAD  MEM[232] accepted 1
  687:  240:nop     | 236:nop     | 232:nop     | 228:nop     | 224:addq    r4=4216  BUS_LOAD  MEM[232] accepted 1
  688:  244:addq    | 240:nop     | 236:nop     | 232:nop     | 228:nop     BUS_LOAD  MEM[240] accepted 1
  689:  248:nop     | 244:addq    | 240:nop     | 236:nop     | 232:nop     BUS_LOAD  MEM[240] accepted 1
  690:  252:nop     | 248:nop     | 244:addq    | 240:nop     | 236:nop     BUS_LOAD  MEM[248] accepted 1
  691:  256:nop     | 252:nop     | 248:nop     | 244:addq    | 240:nop     BUS_LOAD  MEM[248] accepted 1
  692:  260:nop     | 256:nop     | 252:nop     | 248:nop     | 244:addq    r9=16  BUS_LOAD  MEM[256] accepted 1
  693:  264:cmple   | 260:nop     | 256:nop     | 252:nop     | 248:nop     BUS_LOAD  MEM[256] accepted 1
  694:  268:nop     | 264:cmple   | 260:nop     | 256:nop     | 252:nop     BUS_LOAD  MEM[264] accepted 1
  695:  272:nop     | 268:nop     | 264:cmple   | 260:nop     | 256:nop     BUS_LOAD  MEM[264] accepted 1
  696:  276:nop     | 272:nop     | 268:nop     | 264:cmple   | 260:nop     BUS_LOAD  MEM[272] accepted 1
  697:  280:nop     | 276:nop     | 272:nop     | 268:nop     | 264:cmple   r10=0  BUS_LOAD  MEM[272] accepted 1
  698:  284:stq     | 280:nop     | 276:nop     | 272:nop     | 268:nop     BUS_LOAD  MEM[280] accepted 1
  699:  288:addq    | 284:stq     | 280:nop     | 276:nop     | 272:nop     BUS_LOAD  MEM[280] accepted 1
  700:  292:nop     | 288:addq    | 284:stq     | 280:nop     | 276:nop     BUS_LOAD  MEM[288] accepted 1
  701:    0:-       | 292:nop     | 288:addq    | 284:stq     | 280:nop     BUS_STORE MEM[4216] = 987 accepted 1
  702:  296:nop     |   0:-       | 292:nop     | 288:addq    | 284:stq     BUS_LOAD  MEM[288] accepted 1
  703:  300:nop     | 296:nop     |   0:-       | 292:nop     | 288:addq    r5=4224  BUS_LOAD  MEM[296] accepted 1
  704:  304:nop     | 300:nop     | 296:nop     |   0:-       | 292:nop     BUS_LOAD  MEM[296] accepted 1
  705:  308:bne     | 304:nop     | 300:nop     | 296:nop     |   0:-       BUS_LOAD  MEM[304] accepted 1
  706:  312:nop     | 308:bne     | 304:nop     | 300:nop     | 296:nop     BUS_LOAD  MEM[304] accepted 1
  707:  316:nop     | 312:nop     | 308:bne     | 304:nop     | 300:nop     BUS_LOAD  MEM[312] accepted 1
  708:  320:nop     | 316:nop     | 312:nop     | 308:bne     | 304:nop     BUS_LOAD  MEM[312] accepted 1
  709:  324:nop     | 320:nop     | 316:nop     | 312:nop     | 308:bne     BUS_LOAD  MEM[320] accepted 1
  710:  328:halt    | 324:nop     | 320:nop     | 316:nop     | 312:nop     BUS_LOAD  MEM[320] accepted 1
  711:  332:nop     | 328:halt    | 324:nop     | 320:nop     | 316:nop     BUS_LOAD  MEM[328] accepted 1
  712:  336:nop     | 332:nop     | 328:halt    | 324:nop     | 320:nop     BUS_LOAD  MEM[328] accepted 1
  713:  340:nop     | 336:nop     | 332:nop     | 328:halt    | 324:nop     BUS_LOAD  MEM[336] accepted 1
  714:  344:nop     | 340:nop     | 336:nop     | 332:nop     | 328:halt    BUS_LOAD  MEM[336] accepted 1
