                                                                            D-MEM Bus &
Cycle:      IF      |     ID      |     EX      |     MEM     |     WB      Reg Result
    0:    4:lda     |   0:-       |   0:-       |   0:-       |   0:-       BUS_LOAD  MEM[0] accepted 1
    1:    8:-       |   4:lda     |   0:-       |   0:-       |   0:-       BUS_LOAD  MEM[0] accepted 1
    2:    8:-       |   8:-       |   4:lda     |   0:-       |   0:-       BUS_LOAD  MEM[0] accepted 1
    3:    8:-       |   8:-       |   8:-       |   4:lda     |   0:-       BUS_LOAD  MEM[0] accepted 1
    4:    8:-       |   8:-       |   8:-       |   8:-       |   4:lda     r3=4096  BUS_LOAD  MEM[0] accepted 1
    5:    8:lda     |   8:-       |   8:-       |   8:-       |   8:-       BUS_LOAD  MEM[0] accepted 1
    6:   12:-       |   8:lda     |   8:-       |   8:-       |   8:-       BUS_LOAD  MEM[8] accepted 1
    7:   12:-       |  12:-       |   8:lda     |   8:-       |   8:-       BUS_LOAD  MEM[8] accepted 1
    8:   12:-       |  12:-       |  12:-       |   8:lda     |   8:-       BUS_LOAD  MEM[8] accepted 1
    9:   12:-       |  12:-       |  12:-       |  12:-       |   8:lda     r4=4104  BUS_LOAD  MEM[8] accepted 1
   10:   12:lda     |  12:-       |  12:-       |  12:-       |  12:-       BUS_LOAD  MEM[8] accepted 1
   11:   16:-       |  12:lda     |  12:-       |  12:-       |  12:-       BUS_LOAD  MEM[8] accepted 1
   12:   16:-       |  16:-       |  12:lda     |  12:-       |  12:-       BUS_LOAD  MEM[8] accepted 1
   13:   16:-       |  16:-       |  16:-       |  12:lda     |  12:-       BUS_LOAD  MEM[8] accepted 1
   14:   16:-       |  16:-       |  16:-       |  16:-       |  12:lda     r5=4112  BUS_LOAD  MEM[8] accepted 1
   15:   16:lda     |  16:-       |  16:-       |  16:-       |  16:-       BUS_LOAD  MEM[8] accepted 1
   16:   20:-       |  16:lda     |  16:-       |  16:-       |  16:-       BUS_LOAD  MEM[16] accepted 1
   17:   20:-       |  20:-       |  16:lda     |  16:-       |  16:-       BUS_LOAD  MEM[16] accepted 1
   18:   20:-       |  20:-       |  20:-       |  16:lda     |  16:-       BUS_LOAD  MEM[16] accepted 1
   19:   20:-       |  20:-       |  20:-       |  20:-       |  16:lda     r9=2  BUS_LOAD  MEM[16] accepted 1
   20:   20:lda     |  20:-       |  20:-       |  20:-       |  20:-       BUS_LOAD  MEM[16] accepted 1
   21:   24:-       |  20:lda     |  20:-       |  20:-       |  20:-       BUS_LOAD  MEM[16] accepted 1
   22:   24:-       |  24:-       |  20:lda     |  20:-       |  20:-       BUS_LOAD  MEM[16] accepted 1
   23:   24:-       |  24:-       |  24:-       |  20:lda     |  20:-       BUS_LOAD  MEM[16] accepted 1
   24:   24:-       |  24:-       |  24:-       |  24:-       |  20:lda     r1=1  BUS_LOAD  MEM[16] accepted 1
   25:   24:stq     |  24:-       |  24:-       |  24:-       |  24:-       BUS_LOAD  MEM[16] accepted 1
   26:   28:-       |  24:stq     |  24:-       |  24:-       |  24:-       BUS_LOAD  MEM[24] accepted 1
   27:   28:-       |  28:-       |  24:stq     |  24:-       |  24:-       BUS_LOAD  MEM[24] accepted 1
   28:   28:-       |  28:-       |  28:-       |  24:stq     |  24:-       BUS_STORE MEM[4096] = 1 accepted 1
   29:   28:-       |  28:-       |  28:-       |  28:-       |  24:stq     BUS_LOAD  MEM[24] accepted 1
   30:   28:stq     |  28:-       |  28:-       |  28:-       |  28:-       BUS_LOAD  MEM[24] accepted 1
   31:   32:-       |  28:stq     |  28:-       |  28:-       |  28:-       BUS_LOAD  MEM[24] accepted 1
   32:   32:-       |  32:-       |  28:stq     |  28:-       |  28:-       BUS_LOAD  MEM[24] accepted 1
   33:   32:-       |  32:-       |  32:-       |  28:stq     |  28:-       BUS_STORE MEM[4104] = 1 accepted 1
   34:   32:-       |  32:-       |  32:-       |  32:-       |  28:stq     BUS_LOAD  MEM[24] accepted 1
   35:   32:ldq     |  32:-       |  32:-       |  32:-       |  32:-       BUS_LOAD  MEM[24] accepted 1
   36:   36:-       |  32:ldq     |  32:-       |  32:-       |  32:-       BUS_LOAD  MEM[32] accepted 1
   37:   36:-       |  36:-       |  32:ldq     |  32:-       |  32:-       BUS_LOAD  MEM[32] accepted 1
   38:   36:-       |  36:-       |  36:-       |  32:ldq     |  32:-       BUS_LOAD  MEM[4096] accepted 1
   39:   36:-       |  36:-       |  36:-       |  36:-       |  32:ldq     r1=1  BUS_LOAD  MEM[32] accepted 1
   40:   36:ldq     |  36:-       |  36:-       |  36:-       |  36:-       BUS_LOAD  MEM[32] accepted 1
   41:   40:-       |  36:ldq     |  36:-       |  36:-       |  36:-       BUS_LOAD  MEM[32] accepted 1
   42:   40:-       |  40:-       |  36:ldq     |  36:-       |  36:-       BUS_LOAD  MEM[32] accepted 1
   43:   40:-       |  40:-       |  40:-       |  36:ldq     |  36:-       BUS_LOAD  MEM[4104] accepted 1
   44:   40:-       |  40:-       |  40:-       |  40:-       |  36:ldq     r2=1  BUS_LOAD  MEM[32] accepted 1
   45:   40:addq    |  40:-       |  40:-       |  40:-       |  40:-       BUS_LOAD  MEM[32] accepted 1
   46:   44:-       |  40:addq    |  40:-       |  40:-       |  40:-       BUS_LOAD  MEM[40] accepted 1
   47:   44:-       |  44:-       |  40:addq    |  40:-       |  40:-       BUS_LOAD  MEM[40] accepted 1
   48:   44:-       |  44:-       |  44:-       |  40:addq    |  40:-       BUS_LOAD  MEM[40] accepted 1
   49:   44:-       |  44:-       |  44:-       |  44:-       |  40:addq    r2=2  BUS_LOAD  MEM[40] accepted 1
   50:   44:addq    |  44:-       |  44:-       |  44:-       |  44:-       BUS_LOAD  MEM[40] accepted 1
   51:   48:-       |  44:addq    |  44:-       |  44:-       |  44:-       BUS_LOAD  MEM[40] accepted 1
   52:   48:-       |  48:-       |  44:addq    |  44:-       |  44:-       BUS_LOAD  MEM[40] accepted 1
   53:   48:-       |  48:-       |  48:-       |  44:addq    |  44:-       BUS_LOAD  MEM[40] accepted 1
   54:   48:-       |  48:-       |  48:-       |  48:-       |  44:addq    r3=4104  BUS_LOAD  MEM[40] accepted 1
   55:   48:addq    |  48:-       |  48:-       |  48:-       |  48:-       BUS_LOAD  MEM[40] accepted 1
   56:   52:-       |  48:addq    |  48:-       |  48:-       |  48:-       BUS_LOAD  MEM[48] accepted 1
   57:   52:-       |  52:-       |  48:addq    |  48:-       |  48:-       BUS_LOAD  MEM[48] accepted 1
   58:   52:-       |  52:-       |  52:-       |  48:addq    |  48:-       BUS_LOAD  MEM[48] accepted 1
   59:   52:-       |  52:-       |  52:-       |  52:-       |  48:addq    r4=4112  BUS_LOAD  MEM[48] accepted 1
   60:   52:addq    |  52:-       |  52:-       |  52:-       |  52:-       BUS_LOAD  MEM[48] accepted 1
   61:   56:-       |  52:addq    |  52:-       |  52:-       |  52:-       BUS_LOAD  MEM[48] accepted 1
   62:   56:-       |  56:-       |  52:addq    |  52:-       |  52:-       BUS_LOAD  MEM[48] accepted 1
   63:   56:-       |  56:-       |  56:-       |  52:addq    |  52:-       BUS_LOAD  MEM[48] accepted 1
   64:   56:-       |  56:-       |  56:-       |  56:-       |  52:addq    r9=3  BUS_LOAD  MEM[48] accepted 1
   65:   56:cmple   |  56:-       |  56:-       |  56:-       |  56:-       BUS_LOAD  MEM[48] accepted 1
   66:   60:-       |  56:cmple   |  56:-       |  56:-       |  56:-       BUS_LOAD  MEM[56] accepted 1
   67:   60:-       |  60:-       |  56:cmple   |  56:-       |  56:-       BUS_LOAD  MEM[56] accepted 1
   68:   60:-       |  60:-       |  60:-       |  56:cmple   |  56:-       BUS_LOAD  MEM[56] accepted 1
   69:   60:-       |  60:-       |  60:-       |  60:-       |  56:cmple   r10=1  BUS_LOAD  MEM[56] accepted 1
   70:   60:stq     |  60:-       |  60:-       |  60:-       |  60:-       BUS_LOAD  MEM[56] accepted 1
   71:   64:-       |  60:stq     |  60:-       |  60:-       |  60:-       BUS_LOAD  MEM[56] accepted 1
   72:   64:-       |  64:-       |  60:stq     |  60:-       |  60:-       BUS_LOAD  MEM[56] accepted 1
   73:   64:-       |  64:-       |  64:-       |  60:stq     |  60:-       BUS_STORE MEM[4112] = 2 accepted 1
   74:   64:-       |  64:-       |  64:-       |  64:-       |  60:stq     BUS_LOAD  MEM[56] accepted 1
   75:   64:addq    |  64:-       |  64:-       |  64:-       |  64:-       BUS_LOAD  MEM[56] accepted 1
   76:   68:-       |  64:addq    |  64:-       |  64:-       |  64:-       BUS_LOAD  MEM[64] accepted 1
   77:   68:-       |  68:-       |  64:addq    |  64:-       |  64:-       BUS_LOAD  MEM[64] accepted 1
   78:   68:-       |  68:-       |  68:-       |  64:addq    |  64:-       BUS_LOAD  MEM[64] accepted 1
   79:   68:-       |  68:-       |  68:-       |  68:-       |  64:addq    r5=4120  BUS_LOAD  MEM[64] accepted 1
   80:   68:bne     |  68:-       |  68:-       |  68:-       |  68:-       BUS_LOAD  MEM[64] accepted 1
   81:   72:-       |  68:bne     |  68:-       |  68:-       |  68:-       BUS_LOAD  MEM[64] accepted 1
   82:   72:-       |  72:-       |  68:bne     |  68:-       |  68:-       BUS_LOAD  MEM[64] accepted 1
   83:   72:-       |  72:-       |  72:-       |  68:bne     |  68:-       BUS_LOAD  MEM[64] accepted 1
   84:   32:-       |  72:-       |  72:-       |  72:-       |  68:bne     BUS_LOAD  MEM[24] accepted 1
   85:   32:ldq     |  32:-       |  72:-       |  72:-       |  72:-       BUS_LOAD  MEM[24] accepted 1
   86:   36:-       |  32:ldq     |  32:-       |  72:-       |  72:-       BUS_LOAD  MEM[32] accepted 1
   87:   36:-       |  36:-       |  32:ldq     |  32:-       |  72:-       BUS_LOAD  MEM[32] accepted 1
   88:   36:-       |  36:-       |  36:-       |  32:ldq     |  32:-       BUS_LOAD  MEM[4104] accepted 1
   89:   36:-       |  36:-       |  36:-       |  36:-       |  32:ldq     r1=1  BUS_LOAD  MEM[32] accepted 1
   90:   36:ldq     |  36:-       |  36:-       |  36:-       |  36:-       BUS_LOAD  MEM[32] accepted 1
   91:   40:-       |  36:ldq     |  36:-       |  36:-       |  36:-       BUS_LOAD  MEM[32] accepted 1
   92:   40:-       |  40:-       |  36:ldq     |  36:-       |  36:-       BUS_LOAD  MEM[32] accepted 1
   93:   40:-       |  40:-       |  40:-       |  36:ldq     |  36:-       BUS_LOAD  MEM[4112] accepted 1
   94:   40:-       |  40:-       |  40:-       |  40:-       |  36:ldq     r2=2  BUS_LOAD  MEM[32] accepted 1
   95:   40:addq    |  40:-       |  40:-       |  40:-       |  40:-       BUS_LOAD  MEM[32] accepted 1
   96:   44:-       |  40:addq    |  40:-       |  40:-       |  40:-       BUS_LOAD  MEM[40] accepted 1
   97:   44:-       |  44:-       |  40:addq    |  40:-       |  40:-       BUS_LOAD  MEM[40] accepted 1
   98:   44:-       |  44:-       |  44:-       |  40:addq    |  40:-       BUS_LOAD  MEM[40] accepted 1
   99:   44:-       |  44:-       |  44:-       |  44:-       |  40:addq    r2=3  BUS_LOAD  MEM[40] accepted 1
  100:   44:addq    |  44:-       |  44:-       |  44:-       |  44:-       BUS_LOAD  MEM[40] accepted 1
  101:   48:-       |  44:addq    |  44:-       |  44:-       |  44:-       BUS_LOAD  MEM[40] accepted 1
  102:   48:-       |  48:-       |  44:addq    |  44:-       |  44:-       BUS_LOAD  MEM[40] accepted 1
  103:   48:-       |  48:-       |  48:-       |  44:addq    |  44:-       BUS_LOAD  MEM[40] accepted 1
  104:   48:-       |  48:-       |  48:-       |  48:-       |  44:addq    r3=4112  BUS_LOAD  MEM[40] accepted 1
  105:   48:addq    |  48:-       |  48:-       |  48:-       |  48:-       BUS_LOAD  MEM[40] accepted 1
  106:   52:-       |  48:addq    |  48:-       |  48:-       |  48:-       BUS_LOAD  MEM[48] accepted 1
  107:   52:-       |  52:-       |  48:addq    |  48:-       |  48:-       BUS_LOAD  MEM[48] accepted 1
  108:   52:-       |  52:-       |  52:-       |  48:addq    |  48:-       BUS_LOAD  MEM[48] accepted 1
  109:   52:-       |  52:-       |  52:-       |  52:-       |  48:addq    r4=4120  BUS_LOAD  MEM[48] accepted 1
  110:   52:addq    |  52:-       |  52:-       |  52:-       |  52:-       BUS_LOAD  MEM[48] accepted 1
  111:   56:-       |  52:addq    |  52:-       |  52:-       |  52:-       BUS_LOAD  MEM[48] accepted 1
  112:   56:-       |  56:-       |  52:addq    |  52:-       |  52:-       BUS_LOAD  MEM[48] accepted 1
  113:   56:-       |  56:-       |  56:-       |  52:addq    |  52:-       BUS_LOAD  MEM[48] accepted 1
  114:   56:-       |  56:-       |  56:-       |  56:-       |  52:addq    r9=4  BUS_LOAD  MEM[48] accepted 1
  115:   56:cmple   |  56:-       |  56:-       |  56:-       |  56:-       BUS_LOAD  MEM[48] accepted 1
  116:   60:-       |  56:cmple   |  56:-       |  56:-       |  56:-       BUS_LOAD  MEM[56] accepted 1
  117:   60:-       |  60:-       |  56:cmple   |  56:-       |  56:-       BUS_LOAD  MEM[56] accepted 1
  118:   60:-       |  60:-       |  60:-       |  56:cmple   |  56:-       BUS_LOAD  MEM[56] accepted 1
  119:   60:-       |  60:-       |  60:-       |  60:-       |  56:cmple   r10=1  BUS_LOAD  MEM[56] accepted 1
  120:   60:stq     |  60:-       |  60:-       |  60:-       |  60:-       BUS_LOAD  MEM[56] accepted 1
  121:   64:-       |  60:stq     |  60:-       |  60:-       |  60:-       BUS_LOAD  MEM[56] accepted 1
  122:   64:-       |  64:-       |  60:stq     |  60:-       |  60:-       BUS_LOAD  MEM[56] accepted 1
  123:   64:-       |  64:-       |  64:-       |  60:stq     |  60:-       BUS_STORE MEM[4120] = 3 accepted 1
  124:   64:-       |  64:-       |  64:-       |  64:-       |  60:stq     BUS_LOAD  MEM[56] accepted 1
  125:   64:addq    |  64:-       |  64:-       |  64:-       |  64:-       BUS_LOAD  MEM[56] accepted 1
  126:   68:-       |  64:addq    |  64:-       |  64:-       |  64:-       BUS_LOAD  MEM[64] accepted 1
  127:   68:-       |  68:-       |  64:addq    |  64:-       |  64:-       BUS_LOAD  MEM[64] accepted 1
  128:   68:-       |  68:-       |  68:-       |  64:addq    |  64:-       BUS_LOAD  MEM[64] accepted 1
  129:   68:-       |  68:-       |  68:-       |  68:-       |  64:addq    r5=4128  BUS_LOAD  MEM[64] accepted 1
  130:   68:bne     |  68:-       |  68:-       |  68:-       |  68:-       BUS_LOAD  MEM[64] accepted 1
  131:   72:-       |  68:bne     |  68:-       |  68:-       |  68:-       BUS_LOAD  MEM[64] accepted 1
  132:   72:-       |  72:-       |  68:bne     |  68:-       |  68:-       BUS_LOAD  MEM[64] accepted 1
  133:   72:-       |  72:-       |  72:-       |  68:bne     |  68:-       BUS_LOAD  MEM[64] accepted 1
  134:   32:-       |  72:-       |  72:-       |  72:-       |  68:bne     BUS_LOAD  MEM[24] accepted 1
  135:   32:ldq     |  32:-       |  72:-       |  72:-       |  72:-       BUS_LOAD  MEM[24] accepted 1
  136:   36:-       |  32:ldq     |  32:-       |  72:-       |  72:-       BUS_LOAD  MEM[32] accepted 1
  137:   36:-       |  36:-       |  32:ldq     |  32:-       |  72:-       BUS_LOAD  MEM[32] accepted 1
  138:   36:-       |  36:-       |  36:-       |  32:ldq     |  32:-       BUS_LOAD  MEM[4112] accepted 1
  139:   36:-       |  36:-       |  36:-       |  36:-       |  32:ldq     r1=2  BUS_LOAD  MEM[32] accepted 1
  140:   36:ldq     |  36:-       |  36:-       |  36:-       |  36:-       BUS_LOAD  MEM[32] accepted 1
  141:   40:-       |  36:ldq     |  36:-       |  36:-       |  36:-       BUS_LOAD  MEM[32] accepted 1
  142:   40:-       |  40:-       |  36:ldq     |  36:-       |  36:-       BUS_LOAD  MEM[32] accepted 1
  143:   40:-       |  40:-       |  40:-       |  36:ldq     |  36:-       BUS_LOAD  MEM[4120] accepted 1
  144:   40:-       |  40:-       |  40:-       |  40:-       |  36:ldq     r2=3  BUS_LOAD  MEM[32] accepted 1
  145:   40:addq    |  40:-       |  40:-       |  40:-       |  40:-       BUS_LOAD  MEM[32] accepted 1
  146:   44:-       |  40:addq    |  40:-       |  40:-       |  40:-       BUS_LOAD  MEM[40] accepted 1
  147:   44:-       |  44:-       |  40:addq    |  40:-       |  40:-       BUS_LOAD  MEM[40] accepted 1
  148:   44:-       |  44:-       |  44:-       |  40:addq    |  40:-       BUS_LOAD  MEM[40] accepted 1
  149:   44:-       |  44:-       |  44:-       |  44:-       |  40:addq    r2=5  BUS_LOAD  MEM[40] accepted 1
  150:   44:addq    |  44:-       |  44:-       |  44:-       |  44:-       BUS_LOAD  MEM[40] accepted 1
  151:   48:-       |  44:addq    |  44:-       |  44:-       |  44:-       BUS_LOAD  MEM[40] accepted 1
  152:   48:-       |  48:-       |  44:addq    |  44:-       |  44:-       BUS_LOAD  MEM[40] accepted 1
  153:   48:-       |  48:-       |  48:-       |  44:addq    |  44:-       BUS_LOAD  MEM[40] accepted 1
  154:   48:-       |  48:-       |  48:-       |  48:-       |  44:addq    r3=4120  BUS_LOAD  MEM[40] accepted 1
  155:   48:addq    |  48:-       |  48:-       |  48:-       |  48:-       BUS_LOAD  MEM[40] accepted 1
  156:   52:-       |  48:addq    |  48:-       |  48:-       |  48:-       BUS_LOAD  MEM[48] accepted 1
  157:   52:-       |  52:-       |  48:addq    |  48:-       |  48:-       BUS_LOAD  MEM[48] accepted 1
  158:   52:-       |  52:-       |  52:-       |  48:addq    |  48:-       BUS_LOAD  MEM[48] accepted 1
  159:   52:-       |  52:-       |  52:-       |  52:-       |  48:addq    r4=4128  BUS_LOAD  MEM[48] accepted 1
  160:   52:addq    |  52:-       |  52:-       |  52:-       |  52:-       BUS_LOAD  MEM[48] accepted 1
  161:   56:-       |  52:addq    |  52:-       |  52:-       |  52:-       BUS_LOAD  MEM[48] accepted 1
  162:   56:-       |  56:-       |  52:addq    |  52:-       |  52:-       BUS_LOAD  MEM[48] accepted 1
  163:   56:-       |  56:-       |  56:-       |  52:addq    |  52:-       BUS_LOAD  MEM[48] accepted 1
  164:   56:-       |  56:-       |  56:-       |  56:-       |  52:addq    r9=5  BUS_LOAD  MEM[48] accepted 1
  165:   56:cmple   |  56:-       |  56:-       |  56:-       |  56:-       BUS_LOAD  MEM[48] accepted 1
  166:   60:-       |  56:cmple   |  56:-       |  56:-       |  56:-       BUS_LOAD  MEM[56] accepted 1
  167:   60:-       |  60:-       |  56:cmple   |  56:-       |  56:-       BUS_LOAD  MEM[56] accepted 1
  168:   60:-       |  60:-       |  60:-       |  56:cmple   |  56:-       BUS_LOAD  MEM[56] accepted 1
  169:   60:-       |  60:-       |  60:-       |  60:-       |  56:cmple   r10=1  BUS_LOAD  MEM[56] accepted 1
  170:   60:stq     |  60:-       |  60:-       |  60:-       |  60:-       BUS_LOAD  MEM[56] accepted 1
  171:   64:-       |  60:stq     |  60:-       |  60:-       |  60:-       BUS_LOAD  MEM[56] accepted 1
  172:   64:-       |  64:-       |  60:stq     |  60:-       |  60:-       BUS_LOAD  MEM[56] accepted 1
  173:   64:-       |  64:-       |  64:-       |  60:stq     |  60:-       BUS_STORE MEM[4128] = 5 accepted 1
  174:   64:-       |  64:-       |  64:-       |  64:-       |  60:stq     BUS_LOAD  MEM[56] accepted 1
  175:   64:addq    |  64:-       |  64:-       |  64:-       |  64:-       BUS_LOAD  MEM[56] accepted 1
  176:   68:-       |  64:addq    |  64:-       |  64:-       |  64:-       BUS_LOAD  MEM[64] accepted 1
  177:   68:-       |  68:-       |  64:addq    |  64:-       |  64:-       BUS_LOAD  MEM[64] accepted 1
  178:   68:-       |  68:-       |  68:-       |  64:addq    |  64:-       BUS_LOAD  MEM[64] accepted 1
  179:   68:-       |  68:-       |  68:-       |  68:-       |  64:addq    r5=4136  BUS_LOAD  MEM[64] accepted 1
  180:   68:bne     |  68:-       |  68:-       |  68:-       |  68:-       BUS_LOAD  MEM[64] accepted 1
  181:   72:-       |  68:bne     |  68:-       |  68:-       |  68:-       BUS_LOAD  MEM[64] accepted 1
  182:   72:-       |  72:-       |  68:bne     |  68:-       |  68:-       BUS_LOAD  MEM[64] accepted 1
  183:   72:-       |  72:-       |  72:-       |  68:bne     |  68:-       BUS_LOAD  MEM[64] accepted 1
  184:   32:-       |  72:-       |  72:-       |  72:-       |  68:bne     BUS_LOAD  MEM[24] accepted 1
  185:   32:ldq     |  32:-       |  72:-       |  72:-       |  72:-       BUS_LOAD  MEM[24] accepted 1
  186:   36:-       |  32:ldq     |  32:-       |  72:-       |  72:-       BUS_LOAD  MEM[32] accepted 1
  187:   36:-       |  36:-       |  32:ldq     |  32:-       |  72:-       BUS_LOAD  MEM[32] accepted 1
  188:   36:-       |  36:-       |  36:-       |  32:ldq     |  32:-       BUS_LOAD  MEM[4120] accepted 1
  189:   36:-       |  36:-       |  36:-       |  36:-       |  32:ldq     r1=3  BUS_LOAD  MEM[32] accepted 1
  190:   36:ldq     |  36:-       |  36:-       |  36:-       |  36:-       BUS_LOAD  MEM[32] accepted 1
  191:   40:-       |  36:ldq     |  36:-       |  36:-       |  36:-       BUS_LOAD  MEM[32] accepted 1
  192:   40:-       |  40:-       |  36:ldq     |  36:-       |  36:-       BUS_LOAD  MEM[32] accepted 1
  193:   40:-       |  40:-       |  40:-       |  36:ldq     |  36:-       BUS_LOAD  MEM[4128] accepted 1
  194:   40:-       |  40:-       |  40:-       |  40:-       |  36:ldq     r2=5  BUS_LOAD  MEM[32] accepted 1
  195:   40:addq    |  40:-       |  40:-       |  40:-       |  40:-       BUS_LOAD  MEM[32] accepted 1
  196:   44:-       |  40:addq    |  40:-       |  40:-       |  40:-       BUS_LOAD  MEM[40] accepted 1
  197:   44:-       |  44:-       |  40:addq    |  40:-       |  40:-       BUS_LOAD  MEM[40] accepted 1
  198:   44:-       |  44:-       |  44:-       |  40:addq    |  40:-       BUS_LOAD  MEM[40] accepted 1
  199:   44:-       |  44:-       |  44:-       |  44:-       |  40:addq    r2=8  BUS_LOAD  MEM[40] accepted 1
  200:   44:addq    |  44:-       |  44:-       |  44:-       |  44:-       BUS_LOAD  MEM[40] accepted 1
  201:   48:-       |  44:addq    |  44:-       |  44:-       |  44:-       BUS_LOAD  MEM[40] accepted 1
  202:   48:-       |  48:-       |  44:addq    |  44:-       |  44:-       BUS_LOAD  MEM[40] accepted 1
  203:   48:-       |  48:-       |  48:-       |  44:addq    |  44:-       BUS_LOAD  MEM[40] accepted 1
  204:   48:-       |  48:-       |  48:-       |  48:-       |  44:addq    r3=4128  BUS_LOAD  MEM[40] accepted 1
  205:   48:addq    |  48:-       |  48:-       |  48:-       |  48:-       BUS_LOAD  MEM[40] accepted 1
  206:   52:-       |  48:addq    |  48:-       |  48:-       |  48:-       BUS_LOAD  MEM[48] accepted 1
  207:   52:-       |  52:-       |  48:addq    |  48:-       |  48:-       BUS_LOAD  MEM[48] accepted 1
  208:   52:-       |  52:-       |  52:-       |  48:addq    |  48:-       BUS_LOAD  MEM[48] accepted 1
  209:   52:-       |  52:-       |  52:-       |  52:-       |  48:addq    r4=4136  BUS_LOAD  MEM[48] accepted 1
  210:   52:addq    |  52:-       |  52:-       |  52:-       |  52:-       BUS_LOAD  MEM[48] accepted 1
  211:   56:-       |  52:addq    |  52:-       |  52:-       |  52:-       BUS_LOAD  MEM[48] accepted 1
  212:   56:-       |  56:-       |  52:addq    |  52:-       |  52:-       BUS_LOAD  MEM[48] accepted 1
  213:   56:-       |  56:-       |  56:-       |  52:addq    |  52:-       BUS_LOAD  MEM[48] accepted 1
  214:   56:-       |  56:-       |  56:-       |  56:-       |  52:addq    r9=6  BUS_LOAD  MEM[48] accepted 1
  215:   56:cmple   |  56:-       |  56:-       |  56:-       |  56:-       BUS_LOAD  MEM[48] accepted 1
  216:   60:-       |  56:cmple   |  56:-       |  56:-       |  56:-       BUS_LOAD  MEM[56] accepted 1
  217:   60:-       |  60:-       |  56:cmple   |  56:-       |  56:-       BUS_LOAD  MEM[56] accepted 1
  218:   60:-       |  60:-       |  60:-       |  56:cmple   |  56:-       BUS_LOAD  MEM[56] accepted 1
  219:   60:-       |  60:-       |  60:-       |  60:-       |  56:cmple   r10=1  BUS_LOAD  MEM[56] accepted 1
  220:   60:stq     |  60:-       |  60:-       |  60:-       |  60:-       BUS_LOAD  MEM[56] accepted 1
  221:   64:-       |  60:stq     |  60:-       |  60:-       |  60:-       BUS_LOAD  MEM[56] accepted 1
  222:   64:-       |  64:-       |  60:stq     |  60:-       |  60:-       BUS_LOAD  MEM[56] accepted 1
  223:   64:-       |  64:-       |  64:-       |  60:stq     |  60:-       BUS_STORE MEM[4136] = 8 accepted 1
  224:   64:-       |  64:-       |  64:-       |  64:-       |  60:stq     BUS_LOAD  MEM[56] accepted 1
  225:   64:addq    |  64:-       |  64:-       |  64:-       |  64:-       BUS_LOAD  MEM[56] accepted 1
  226:   68:-       |  64:addq    |  64:-       |  64:-       |  64:-       BUS_LOAD  MEM[64] accepted 1
  227:   68:-       |  68:-       |  64:addq    |  64:-       |  64:-       BUS_LOAD  MEM[64] accepted 1
  228:   68:-       |  68:-       |  68:-       |  64:addq    |  64:-       BUS_LOAD  MEM[64] accepted 1
  229:   68:-       |  68:-       |  68:-       |  68:-       |  64:addq    r5=4144  BUS_LOAD  MEM[64] accepted 1
  230:   68:bne     |  68:-       |  68:-       |  68:-       |  68:-       BUS_LOAD  MEM[64] accepted 1
  231:   72:-       |  68:bne     |  68:-       |  68:-       |  68:-       BUS_LOAD  MEM[64] accepted 1
  232:   72:-       |  72:-       |  68:bne     |  68:-       |  68:-       BUS_LOAD  MEM[64] accepted 1
  233:   72:-       |  72:-       |  72:-       |  68:bne     |  68:-       BUS_LOAD  MEM[64] accepted 1
  234:   32:-       |  72:-       |  72:-       |  72:-       |  68:bne     BUS_LOAD  MEM[24] accepted 1
  235:   32:ldq     |  32:-       |  72:-       |  72:-       |  72:-       BUS_LOAD  MEM[24] accepted 1
  236:   36:-       |  32:ldq     |  32:-       |  72:-       |  72:-       BUS_LOAD  MEM[32] accepted 1
  237:   36:-       |  36:-       |  32:ldq     |  32:-       |  72:-       BUS_LOAD  MEM[32] accepted 1
  238:   36:-       |  36:-       |  36:-       |  32:ldq     |  32:-       BUS_LOAD  MEM[4128] accepted 1
  239:   36:-       |  36:-       |  36:-       |  36:-       |  32:ldq     r1=5  BUS_LOAD  MEM[32] accepted 1
  240:   36:ldq     |  36:-       |  36:-       |  36:-       |  36:-       BUS_LOAD  MEM[32] accepted 1
  241:   40:-       |  36:ldq     |  36:-       |  36:-       |  36:-       BUS_LOAD  MEM[32] accepted 1
  242:   40:-       |  40:-       |  36:ldq     |  36:-       |  36:-       BUS_LOAD  MEM[32] accepted 1
  243:   40:-       |  40:-       |  40:-       |  36:ldq     |  36:-       BUS_LOAD  MEM[4136] accepted 1
  244:   40:-       |  40:-       |  40:-       |  40:-       |  36:ldq     r2=8  BUS_LOAD  MEM[32] accepted 1
  245:   40:addq    |  40:-       |  40:-       |  40:-       |  40:-       BUS_LOAD  MEM[32] accepted 1
  246:   44:-       |  40:addq    |  40:-       |  40:-       |  40:-       BUS_LOAD  MEM[40] accepted 1
  247:   44:-       |  44:-       |  40:addq    |  40:-       |  40:-       BUS_LOAD  MEM[40] accepted 1
  248:   44:-       |  44:-       |  44:-       |  40:addq    |  40:-       BUS_LOAD  MEM[40] accepted 1
  249:   44:-       |  44:-       |  44:-       |  44:-       |  40:addq    r2=13  BUS_LOAD  MEM[40] accepted 1
  250:   44:addq    |  44:-       |  44:-       |  44:-       |  44:-       BUS_LOAD  MEM[40] accepted 1
  251:   48:-       |  44:addq    |  44:-       |  44:-       |  44:-       BUS_LOAD  MEM[40] accepted 1
  252:   48:-       |  48:-       |  44:addq    |  44:-       |  44:-       BUS_LOAD  MEM[40] accepted 1
  253:   48:-       |  48:-       |  48:-       |  44:addq    |  44:-       BUS_LOAD  MEM[40] accepted 1
  254:   48:-       |  48:-       |  48:-       |  48:-       |  44:addq    r3=4136  BUS_LOAD  MEM[40] accepted 1
  255:   48:addq    |  48:-       |  48:-       |  48:-       |  48:-       BUS_LOAD  MEM[40] accepted 1
  256:   52:-       |  48:addq    |  48:-       |  48:-       |  48:-       BUS_LOAD  MEM[48] accepted 1
  257:   52:-       |  52:-       |  48:addq    |  48:-       |  48:-       BUS_LOAD  MEM[48] accepted 1
  258:   52:-       |  52:-       |  52:-       |  48:addq    |  48:-       BUS_LOAD  MEM[48] accepted 1
  259:   52:-       |  52:-       |  52:-       |  52:-       |  48:addq    r4=4144  BUS_LOAD  MEM[48] accepted 1
  260:   52:addq    |  52:-       |  52:-       |  52:-       |  52:-       BUS_LOAD  MEM[48] accepted 1
  261:   56:-       |  52:addq    |  52:-       |  52:-       |  52:-       BUS_LOAD  MEM[48] accepted 1
  262:   56:-       |  56:-       |  52:addq    |  52:-       |  52:-       BUS_LOAD  MEM[48] accepted 1
  263:   56:-       |  56:-       |  56:-       |  52:addq    |  52:-       BUS_LOAD  MEM[48] accepted 1
  264:   56:-       |  56:-       |  56:-       |  56:-       |  52:addq    r9=7  BUS_LOAD  MEM[48] accepted 1
  265:   56:cmple   |  56:-       |  56:-       |  56:-       |  56:-       BUS_LOAD  MEM[48] accepted 1
  266:   60:-       |  56:cmple   |  56:-       |  56:-       |  56:-       BUS_LOAD  MEM[56] accepted 1
  267:   60:-       |  60:-       |  56:cmple   |  56:-       |  56:-       BUS_LOAD  MEM[56] accepted 1
  268:   60:-       |  60:-       |  60:-       |  56:cmple   |  56:-       BUS_LOAD  MEM[56] accepted 1
  269:   60:-       |  60:-       |  60:-       |  60:-       |  56:cmple   r10=1  BUS_LOAD  MEM[56] accepted 1
  270:   60:stq     |  60:-       |  60:-       |  60:-       |  60:-       BUS_LOAD  MEM[56] accepted 1
  271:   64:-       |  60:stq     |  60:-       |  60:-       |  60:-       BUS_LOAD  MEM[56] accepted 1
  272:   64:-       |  64:-       |  60:stq     |  60:-       |  60:-       BUS_LOAD  MEM[56] accepted 1
  273:   64:-       |  64:-       |  64:-       |  60:stq     |  60:-       BUS_STORE MEM[4144] = 13 accepted 1
  274:   64:-       |  64:-       |  64:-       |  64:-       |  60:stq     BUS_LOAD  MEM[56] accepted 1
  275:   64:addq    |  64:-       |  64:-       |  64:-       |  64:-       BUS_LOAD  MEM[56] accepted 1
  276:   68:-       |  64:addq    |  64:-       |  64:-       |  64:-       BUS_LOAD  MEM[64] accepted 1
  277:   68:-       |  68:-       |  64:addq    |  64:-       |  64:-       BUS_LOAD  MEM[64] accepted 1
  278:   68:-       |  68:-       |  68:-       |  64:addq    |  64:-       BUS_LOAD  MEM[64] accepted 1
  279:   68:-       |  68:-       |  68:-       |  68:-       |  64:addq    r5=4152  BUS_LOAD  MEM[64] accepted 1
  280:   68:bne     |  68:-       |  68:-       |  68:-       |  68:-       BUS_LOAD  MEM[64] accepted 1
  281:   72:-       |  68:bne     |  68:-       |  68:-       |  68:-       BUS_LOAD  MEM[64] accepted 1
  282:   72:-       |  72:-       |  68:bne     |  68:-       |  68:-       BUS_LOAD  MEM[64] accepted 1
  283:   72:-       |  72:-       |  72:-       |  68:bne     |  68:-       BUS_LOAD  MEM[64] accepted 1
  284:   32:-       |  72:-       |  72:-       |  72:-       |  68:bne     BUS_LOAD  MEM[24] accepted 1
  285:   32:ldq     |  32:-       |  72:-       |  72:-       |  72:-       BUS_LOAD  MEM[24] accepted 1
  286:   36:-       |  32:ldq     |  32:-       |  72:-       |  72:-       BUS_LOAD  MEM[32] accepted 1
  287:   36:-       |  36:-       |  32:ldq     |  32:-       |  72:-       BUS_LOAD  MEM[32] accepted 1
  288:   36:-       |  36:-       |  36:-       |  32:ldq     |  32:-       BUS_LOAD  MEM[4136] accepted 1
  289:   36:-       |  36:-       |  36:-       |  36:-       |  32:ldq     r1=8  BUS_LOAD  MEM[32] accepted 1
  290:   36:ldq     |  36:-       |  36:-       |  36:-       |  36:-       BUS_LOAD  MEM[32] accepted 1
  291:   40:-       |  36:ldq     |  36:-       |  36:-       |  36:-       BUS_LOAD  MEM[32] accepted 1
  292:   40:-       |  40:-       |  36:ldq     |  36:-       |  36:-       BUS_LOAD  MEM[32] accepted 1
  293:   40:-       |  40:-       |  40:-       |  36:ldq     |  36:-       BUS_LOAD  MEM[4144] accepted 1
  294:   40:-       |  40:-       |  40:-       |  40:-       |  36:ldq     r2=13  BUS_LOAD  MEM[32] accepted 1
  295:   40:addq    |  40:-       |  40:-       |  40:-       |  40:-       BUS_LOAD  MEM[32] accepted 1
  296:   44:-       |  40:addq    |  40:-       |  40:-       |  40:-       BUS_LOAD  MEM[40] accepted 1
  297:   44:-       |  44:-       |  40:addq    |  40:-       |  40:-       BUS_LOAD  MEM[40] accepted 1
  298:   44:-       |  44:-       |  44:-       |  40:addq    |  40:-       BUS_LOAD  MEM[40] accepted 1
  299:   44:-       |  44:-       |  44:-       |  44:-       |  40:addq    r2=21  BUS_LOAD  MEM[40] accepted 1
  300:   44:addq    |  44:-       |  44:-       |  44:-       |  44:-       BUS_LOAD  MEM[40] accepted 1
  301:   48:-       |  44:addq    |  44:-       |  44:-       |  44:-       BUS_LOAD  MEM[40] accepted 1
  302:   48:-       |  48:-       |  44:addq    |  44:-       |  44:-       BUS_LOAD  MEM[40] accepted 1
  303:   48:-       |  48:-       |  48:-       |  44:addq    |  44:-       BUS_LOAD  MEM[40] accepted 1
  304:   48:-       |  48:-       |  48:-       |  48:-       |  44:addq    r3=4144  BUS_LOAD  MEM[40] accepted 1
  305:   48:addq    |  48:-       |  48:-       |  48:-       |  48:-       BUS_LOAD  MEM[40] accepted 1
  306:   52:-       |  48:addq    |  48:-       |  48:-       |  48:-       BUS_LOAD  MEM[48] accepted 1
  307:   52:-       |  52:-       |  48:addq    |  48:-       |  48:-       BUS_LOAD  MEM[48] accepted 1
  308:   52:-       |  52:-       |  52:-       |  48:addq    |  48:-       BUS_LOAD  MEM[48] accepted 1
  309:   52:-       |  52:-       |  52:-       |  52:-       |  48:addq    r4=4152  BUS_LOAD  MEM[48] accepted 1
  310:   52:addq    |  52:-       |  52:-       |  52:-       |  52:-       BUS_LOAD  MEM[48] accepted 1
  311:   56:-       |  52:addq    |  52:-       |  52:-       |  52:-       BUS_LOAD  MEM[48] accepted 1
  312:   56:-       |  56:-       |  52:addq    |  52:-       |  52:-       BUS_LOAD  MEM[48] accepted 1
  313:   56:-       |  56:-       |  56:-       |  52:addq    |  52:-       BUS_LOAD  MEM[48] accepted 1
  314:   56:-       |  56:-       |  56:-       |  56:-       |  52:addq    r9=8  BUS_LOAD  MEM[48] accepted 1
  315:   56:cmple   |  56:-       |  56:-       |  56:-       |  56:-       BUS_LOAD  MEM[48] accepted 1
  316:   60:-       |  56:cmple   |  56:-       |  56:-       |  56:-       BUS_LOAD  MEM[56] accepted 1
  317:   60:-       |  60:-       |  56:cmple   |  56:-       |  56:-       BUS_LOAD  MEM[56] accepted 1
  318:   60:-       |  60:-       |  60:-       |  56:cmple   |  56:-       BUS_LOAD  MEM[56] accepted 1
  319:   60:-       |  60:-       |  60:-       |  60:-       |  56:cmple   r10=1  BUS_LOAD  MEM[56] accepted 1
  320:   60:stq     |  60:-       |  60:-       |  60:-       |  60:-       BUS_LOAD  MEM[56] accepted 1
  321:   64:-       |  60:stq     |  60:-       |  60:-       |  60:-       BUS_LOAD  MEM[56] accepted 1
  322:   64:-       |  64:-       |  60:stq     |  60:-       |  60:-       BUS_LOAD  MEM[56] accepted 1
  323:   64:-       |  64:-       |  64:-       |  60:stq     |  60:-       BUS_STORE MEM[4152] = 21 accepted 1
  324:   64:-       |  64:-       |  64:-       |  64:-       |  60:stq     BUS_LOAD  MEM[56] accepted 1
  325:   64:addq    |  64:-       |  64:-       |  64:-       |  64:-       BUS_LOAD  MEM[56] accepted 1
  326:   68:-       |  64:addq    |  64:-       |  64:-       |  64:-       BUS_LOAD  MEM[64] accepted 1
  327:   68:-       |  68:-       |  64:addq    |  64:-       |  64:-       BUS_LOAD  MEM[64] accepted 1
  328:   68:-       |  68:-       |  68:-       |  64:addq    |  64:-       BUS_LOAD  MEM[64] accepted 1
  329:   68:-       |  68:-       |  68:-       |  68:-       |  64:addq    r5=4160  BUS_LOAD  MEM[64] accepted 1
  330:   68:bne     |  68:-       |  68:-       |  68:-       |  68:-       BUS_LOAD  MEM[64] accepted 1
  331:   72:-       |  68:bne     |  68:-       |  68:-       |  68:-       BUS_LOAD  MEM[64] accepted 1
  332:   72:-       |  72:-       |  68:bne     |  68:-       |  68:-       BUS_LOAD  MEM[64] accepted 1
  333:   72:-       |  72:-       |  72:-       |  68:bne     |  68:-       BUS_LOAD  MEM[64] accepted 1
  334:   32:-       |  72:-       |  72:-       |  72:-       |  68:bne     BUS_LOAD  MEM[24] accepted 1
  335:   32:ldq     |  32:-       |  72:-       |  72:-       |  72:-       BUS_LOAD  MEM[24] accepted 1
  336:   36:-       |  32:ldq     |  32:-       |  72:-       |  72:-       BUS_LOAD  MEM[32] accepted 1
  337:   36:-       |  36:-       |  32:ldq     |  32:-       |  72:-       BUS_LOAD  MEM[32] accepted 1
  338:   36:-       |  36:-       |  36:-       |  32:ldq     |  32:-       BUS_LOAD  MEM[4144] accepted 1
  339:   36:-       |  36:-       |  36:-       |  36:-       |  32:ldq     r1=13  BUS_LOAD  MEM[32] accepted 1
  340:   36:ldq     |  36:-       |  36:-       |  36:-       |  36:-       BUS_LOAD  MEM[32] accepted 1
  341:   40:-       |  36:ldq     |  36:-       |  36:-       |  36:-       BUS_LOAD  MEM[32] accepted 1
  342:   40:-       |  40:-       |  36:ldq     |  36:-       |  36:-       BUS_LOAD  MEM[32] accepted 1
  343:   40:-       |  40:-       |  40:-       |  36:ldq     |  36:-       BUS_LOAD  MEM[4152] accepted 1
  344:   40:-       |  40:-       |  40:-       |  40:-       |  36:ldq     r2=21  BUS_LOAD  MEM[32] accepted 1
  345:   40:addq    |  40:-       |  40:-       |  40:-       |  40:-       BUS_LOAD  MEM[32] accepted 1
  346:   44:-       |  40:addq    |  40:-       |  40:-       |  40:-       BUS_LOAD  MEM[40] accepted 1
  347:   44:-       |  44:-       |  40:addq    |  40:-       |  40:-       BUS_LOAD  MEM[40] accepted 1
  348:   44:-       |  44:-       |  44:-       |  40:addq    |  40:-       BUS_LOAD  MEM[40] accepted 1
  349:   44:-       |  44:-       |  44:-       |  44:-       |  40:addq    r2=34  BUS_LOAD  MEM[40] accepted 1
  350:   44:addq    |  44:-       |  44:-       |  44:-       |  44:-       BUS_LOAD  MEM[40] accepted 1
  351:   48:-       |  44:addq    |  44:-       |  44:-       |  44:-       BUS_LOAD  MEM[40] accepted 1
  352:   48:-       |  48:-       |  44:addq    |  44:-       |  44:-       BUS_LOAD  MEM[40] accepted 1
  353:   48:-       |  48:-       |  48:-       |  44:addq    |  44:-       BUS_LOAD  MEM[40] accepted 1
  354:   48:-       |  48:-       |  48:-       |  48:-       |  44:addq    r3=4152  BUS_LOAD  MEM[40] accepted 1
  355:   48:addq    |  48:-       |  48:-       |  48:-       |  48:-       BUS_LOAD  MEM[40] accepted 1
  356:   52:-       |  48:addq    |  48:-       |  48:-       |  48:-       BUS_LOAD  MEM[48] accepted 1
  357:   52:-       |  52:-       |  48:addq    |  48:-       |  48:-       BUS_LOAD  MEM[48] accepted 1
  358:   52:-       |  52:-       |  52:-       |  48:addq    |  48:-       BUS_LOAD  MEM[48] accepted 1
  359:   52:-       |  52:-       |  52:-       |  52:-       |  48:addq    r4=4160  BUS_LOAD  MEM[48] accepted 1
  360:   52:addq    |  52:-       |  52:-       |  52:-       |  52:-       BUS_LOAD  MEM[48] accepted 1
  361:   56:-       |  52:addq    |  52:-       |  52:-       |  52:-       BUS_LOAD  MEM[48] accepted 1
  362:   56:-       |  56:-       |  52:addq    |  52:-       |  52:-       BUS_LOAD  MEM[48] accepted 1
  363:   56:-       |  56:-       |  56:-       |  52:addq    |  52:-       BUS_LOAD  MEM[48] accepted 1
  364:   56:-       |  56:-       |  56:-       |  56:-       |  52:addq    r9=9  BUS_LOAD  MEM[48] accepted 1
  365:   56:cmple   |  56:-       |  56:-       |  56:-       |  56:-       BUS_LOAD  MEM[48] accepted 1
  366:   60:-       |  56:cmple   |  56:-       |  56:-       |  56:-       BUS_LOAD  MEM[56] accepted 1
  367:   60:-       |  60:-       |  56:cmple   |  56:-       |  56:-       BUS_LOAD  MEM[56] accepted 1
  368:   60:-       |  60:-       |  60:-       |  56:cmple   |  56:-       BUS_LOAD  MEM[56] accepted 1
  369:   60:-       |  60:-       |  60:-       |  60:-       |  56:cmple   r10=1  BUS_LOAD  MEM[56] accepted 1
  370:   60:stq     |  60:-       |  60:-       |  60:-       |  60:-       BUS_LOAD  MEM[56] accepted 1
  371:   64:-       |  60:stq     |  60:-       |  60:-       |  60:-       BUS_LOAD  MEM[56] accepted 1
  372:   64:-       |  64:-       |  60:stq     |  60:-       |  60:-       BUS_LOAD  MEM[56] accepted 1
  373:   64:-       |  64:-       |  64:-       |  60:stq     |  60:-       BUS_STORE MEM[4160] = 34 accepted 1
  374:   64:-       |  64:-       |  64:-       |  64:-       |  60:stq     BUS_LOAD  MEM[56] accepted 1
  375:   64:addq    |  64:-       |  64:-       |  64:-       |  64:-       BUS_LOAD  MEM[56] accepted 1
  376:   68:-       |  64:addq    |  64:-       |  64:-       |  64:-       BUS_LOAD  MEM[64] accepted 1
  377:   68:-       |  68:-       |  64:addq    |  64:-       |  64:-       BUS_LOAD  MEM[64] accepted 1
  378:   68:-       |  68:-       |  68:-       |  64:addq    |  64:-       BUS_LOAD  MEM[64] accepted 1
  379:   68:-       |  68:-       |  68:-       |  68:-       |  64:addq    r5=4168  BUS_LOAD  MEM[64] accepted 1
  380:   68:bne     |  68:-       |  68:-       |  68:-       |  68:-       BUS_LOAD  MEM[64] accepted 1
  381:   72:-       |  68:bne     |  68:-       |  68:-       |  68:-       BUS_LOAD  MEM[64] accepted 1
  382:   72:-       |  72:-       |  68:bne     |  68:-       |  68:-       BUS_LOAD  MEM[64] accepted 1
  383:   72:-       |  72:-       |  72:-       |  68:bne     |  68:-       BUS_LOAD  MEM[64] accepted 1
  384:   32:-       |  72:-       |  72:-       |  72:-       |  68:bne     BUS_LOAD  MEM[24] accepted 1
  385:   32:ldq     |  32:-       |  72:-       |  72:-       |  72:-       BUS_LOAD  MEM[24] accepted 1
  386:   36:-       |  32:ldq     |  32:-       |  72:-       |  72:-       BUS_LOAD  MEM[32] accepted 1
  387:   36:-       |  36:-       |  32:ldq     |  32:-       |  72:-       BUS_LOAD  MEM[32] accepted 1
  388:   36:-       |  36:-       |  36:-       |  32:ldq     |  32:-       BUS_LOAD  MEM[4152] accepted 1
  389:   36:-       |  36:-       |  36:-       |  36:-       |  32:ldq     r1=21  BUS_LOAD  MEM[32] accepted 1
  390:   36:ldq     |  36:-       |  36:-       |  36:-       |  36:-       BUS_LOAD  MEM[32] accepted 1
  391:   40:-       |  36:ldq     |  36:-       |  36:-       |  36:-       BUS_LOAD  MEM[32] accepted 1
  392:   40:-       |  40:-       |  36:ldq     |  36:-       |  36:-       BUS_LOAD  MEM[32] accepted 1
  393:   40:-       |  40:-       |  40:-       |  36:ldq     |  36:-       BUS_LOAD  MEM[4160] accepted 1
  394:   40:-       |  40:-       |  40:-       |  40:-       |  36:ldq     r2=34  BUS_LOAD  MEM[32] accepted 1
  395:   40:addq    |  40:-       |  40:-       |  40:-       |  40:-       BUS_LOAD  MEM[32] accepted 1
  396:   44:-       |  40:addq    |  40:-       |  40:-       |  40:-       BUS_LOAD  MEM[40] accepted 1
  397:   44:-       |  44:-       |  40:addq    |  40:-       |  40:-       BUS_LOAD  MEM[40] accepted 1
  398:   44:-       |  44:-       |  44:-       |  40:addq    |  40:-       BUS_LOAD  MEM[40] accepted 1
  399:   44:-       |  44:-       |  44:-       |  44:-       |  40:addq    r2=55  BUS_LOAD  MEM[40] accepted 1
  400:   44:addq    |  44:-       |  44:-       |  44:-       |  44:-       BUS_LOAD  MEM[40] accepted 1
  401:   48:-       |  44:addq    |  44:-       |  44:-       |  44:-       BUS_LOAD  MEM[40] accepted 1
  402:   48:-       |  48:-       |  44:addq    |  44:-       |  44:-       BUS_LOAD  MEM[40] accepted 1
  403:   48:-       |  48:-       |  48:-       |  44:addq    |  44:-       BUS_LOAD  MEM[40] accepted 1
  404:   48:-       |  48:-       |  48:-       |  48:-       |  44:addq    r3=4160  BUS_LOAD  MEM[40] accepted 1
  405:   48:addq    |  48:-       |  48:-       |  48:-       |  48:-       BUS_LOAD  MEM[40] accepted 1
  406:   52:-       |  48:addq    |  48:-       |  48:-       |  48:-       BUS_LOAD  MEM[48] accepted 1
  407:   52:-       |  52:-       |  48:addq    |  48:-       |  48:-       BUS_LOAD  MEM[48] accepted 1
  408:   52:-       |  52:-       |  52:-       |  48:addq    |  48:-       BUS_LOAD  MEM[48] accepted 1
  409:   52:-       |  52:-       |  52:-       |  52:-       |  48:addq    r4=4168  BUS_LOAD  MEM[48] accepted 1
  410:   52:addq    |  52:-       |  52:-       |  52:-       |  52:-       BUS_LOAD  MEM[48] accepted 1
  411:   56:-       |  52:addq    |  52:-       |  52:-       |  52:-       BUS_LOAD  MEM[48] accepted 1
  412:   56:-       |  56:-       |  52:addq    |  52:-       |  52:-       BUS_LOAD  MEM[48] accepted 1
  413:   56:-       |  56:-       |  56:-       |  52:addq    |  52:-       BUS_LOAD  MEM[48] accepted 1
  414:   56:-       |  56:-       |  56:-       |  56:-       |  52:addq    r9=10  BUS_LOAD  MEM[48] accepted 1
  415:   56:cmple   |  56:-       |  56:-       |  56:-       |  56:-       BUS_LOAD  MEM[48] accepted 1
  416:   60:-       |  56:cmple   |  56:-       |  56:-       |  56:-       BUS_LOAD  MEM[56] accepted 1
  417:   60:-       |  60:-       |  56:cmple   |  56:-       |  56:-       BUS_LOAD  MEM[56] accepted 1
  418:   60:-       |  60:-       |  60:-       |  56:cmple   |  56:-       BUS_LOAD  MEM[56] accepted 1
  419:   60:-       |  60:-       |  60:-       |  60:-       |  56:cmple   r10=1  BUS_LOAD  MEM[56] accepted 1
  420:   60:stq     |  60:-       |  60:-       |  60:-       |  60:-       BUS_LOAD  MEM[56] accepted 1
  421:   64:-       |  60:stq     |  60:-       |  60:-       |  60:-       BUS_LOAD  MEM[56] accepted 1
  422:   64:-       |  64:-       |  60:stq     |  60:-       |  60:-       BUS_LOAD  MEM[56] accepted 1
  423:   64:-       |  64:-       |  64:-       |  60:stq     |  60:-       BUS_STORE MEM[4168] = 55 accepted 1
  424:   64:-       |  64:-       |  64:-       |  64:-       |  60:stq     BUS_LOAD  MEM[56] accepted 1
  425:   64:addq    |  64:-       |  64:-       |  64:-       |  64:-       BUS_LOAD  MEM[56] accepted 1
  426:   68:-       |  64:addq    |  64:-       |  64:-       |  64:-       BUS_LOAD  MEM[64] accepted 1
  427:   68:-       |  68:-       |  64:addq    |  64:-       |  64:-       BUS_LOAD  MEM[64] accepted 1
  428:   68:-       |  68:-       |  68:-       |  64:addq    |  64:-       BUS_LOAD  MEM[64] accepted 1
  429:   68:-       |  68:-       |  68:-       |  68:-       |  64:addq    r5=4176  BUS_LOAD  MEM[64] accepted 1
  430:   68:bne     |  68:-       |  68:-       |  68:-       |  68:-       BUS_LOAD  MEM[64] accepted 1
  431:   72:-       |  68:bne     |  68:-       |  68:-       |  68:-       BUS_LOAD  MEM[64] accepted 1
  432:   72:-       |  72:-       |  68:bne     |  68:-       |  68:-       BUS_LOAD  MEM[64] accepted 1
  433:   72:-       |  72:-       |  72:-       |  68:bne     |  68:-       BUS_LOAD  MEM[64] accepted 1
  434:   32:-       |  72:-       |  72:-       |  72:-       |  68:bne     BUS_LOAD  MEM[24] accepted 1
  435:   32:ldq     |  32:-       |  72:-       |  72:-       |  72:-       BUS_LOAD  MEM[24] accepted 1
  436:   36:-       |  32:ldq     |  32:-       |  72:-       |  72:-       BUS_LOAD  MEM[32] accepted 1
  437:   36:-       |  36:-       |  32:ldq     |  32:-       |  72:-       BUS_LOAD  MEM[32] accepted 1
  438:   36:-       |  36:-       |  36:-       |  32:ldq     |  32:-       BUS_LOAD  MEM[4160] accepted 1
  439:   36:-       |  36:-       |  36:-       |  36:-       |  32:ldq     r1=34  BUS_LOAD  MEM[32] accepted 1
  440:   36:ldq     |  36:-       |  36:-       |  36:-       |  36:-       BUS_LOAD  MEM[32] accepted 1
  441:   40:-       |  36:ldq     |  36:-       |  36:-       |  36:-       BUS_LOAD  MEM[32] accepted 1
  442:   40:-       |  40:-       |  36:ldq     |  36:-       |  36:-       BUS_LOAD  MEM[32] accepted 1
  443:   40:-       |  40:-       |  40:-       |  36:ldq     |  36:-       BUS_LOAD  MEM[4168] accepted 1
  444:   40:-       |  40:-       |  40:-       |  40:-       |  36:ldq     r2=55  BUS_LOAD  MEM[32] accepted 1
  445:   40:addq    |  40:-       |  40:-       |  40:-       |  40:-       BUS_LOAD  MEM[32] accepted 1
  446:   44:-       |  40:addq    |  40:-       |  40:-       |  40:-       BUS_LOAD  MEM[40] accepted 1
  447:   44:-       |  44:-       |  40:addq    |  40:-       |  40:-       BUS_LOAD  MEM[40] accepted 1
  448:   44:-       |  44:-       |  44:-       |  40:addq    |  40:-       BUS_LOAD  MEM[40] accepted 1
  449:   44:-       |  44:-       |  44:-       |  44:-       |  40:addq    r2=89  BUS_LOAD  MEM[40] accepted 1
  450:   44:addq    |  44:-       |  44:-       |  44:-       |  44:-       BUS_LOAD  MEM[40] accepted 1
  451:   48:-       |  44:addq    |  44:-       |  44:-       |  44:-       BUS_LOAD  MEM[40] accepted 1
  452:   48:-       |  48:-       |  44:addq    |  44:-       |  44:-       BUS_LOAD  MEM[40] accepted 1
  453:   48:-       |  48:-       |  48:-       |  44:addq    |  44:-       BUS_LOAD  MEM[40] accepted 1
  454:   48:-       |  48:-       |  48:-       |  48:-       |  44:addq    r3=4168  BUS_LOAD  MEM[40] accepted 1
  455:   48:addq    |  48:-       |  48:-       |  48:-       |  48:-       BUS_LOAD  MEM[40] accepted 1
  456:   52:-       |  48:addq    |  48:-       |  48:-       |  48:-       BUS_LOAD  MEM[48] accepted 1
  457:   52:-       |  52:-       |  48:addq    |  48:-       |  48:-       BUS_LOAD  MEM[48] accepted 1
  458:   52:-       |  52:-       |  52:-       |  48:addq    |  48:-       BUS_LOAD  MEM[48] accepted 1
  459:   52:-       |  52:-       |  52:-       |  52:-       |  48:addq    r4=4176  BUS_LOAD  MEM[48] accepted 1
  460:   52:addq    |  52:-       |  52:-       |  52:-       |  52:-       BUS_LOAD  MEM[48] accepted 1
  461:   56:-       |  52:addq    |  52:-       |  52:-       |  52:-       BUS_LOAD  MEM[48] accepted 1
  462:   56:-       |  56:-       |  52:addq    |  52:-       |  52:-       BUS_LOAD  MEM[48] accepted 1
  463:   56:-       |  56:-       |  56:-       |  52:addq    |  52:-       BUS_LOAD  MEM[48] accepted 1
  464:   56:-       |  56:-       |  56:-       |  56:-       |  52:addq    r9=11  BUS_LOAD  MEM[48] accepted 1
  465:   56:cmple   |  56:-       |  56:-       |  56:-       |  56:-       BUS_LOAD  MEM[48] accepted 1
  466:   60:-       |  56:cmple   |  56:-       |  56:-       |  56:-       BUS_LOAD  MEM[56] accepted 1
  467:   60:-       |  60:-       |  56:cmple   |  56:-       |  56:-       BUS_LOAD  MEM[56] accepted 1
  468:   60:-       |  60:-       |  60:-       |  56:cmple   |  56:-       BUS_LOAD  MEM[56] accepted 1
  469:   60:-       |  60:-       |  60:-       |  60:-       |  56:cmple   r10=1  BUS_LOAD  MEM[56] accepted 1
  470:   60:stq     |  60:-       |  60:-       |  60:-       |  60:-       BUS_LOAD  MEM[56] accepted 1
  471:   64:-       |  60:stq     |  60:-       |  60:-       |  60:-       BUS_LOAD  MEM[56] accepted 1
  472:   64:-       |  64:-       |  60:stq     |  60:-       |  60:-       BUS_LOAD  MEM[56] accepted 1
  473:   64:-       |  64:-       |  64:-       |  60:stq     |  60:-       BUS_STORE MEM[4176] = 89 accepted 1
  474:   64:-       |  64:-       |  64:-       |  64:-       |  60:stq     BUS_LOAD  MEM[56] accepted 1
  475:   64:addq    |  64:-       |  64:-       |  64:-       |  64:-       BUS_LOAD  MEM[56] accepted 1
  476:   68:-       |  64:addq    |  64:-       |  64:-       |  64:-       BUS_LOAD  MEM[64] accepted 1
  477:   68:-       |  68:-       |  64:addq    |  64:-       |  64:-       BUS_LOAD  MEM[64] accepted 1
  478:   68:-       |  68:-       |  68:-       |  64:addq    |  64:-       BUS_LOAD  MEM[64] accepted 1
  479:   68:-       |  68:-       |  68:-       |  68:-       |  64:addq    r5=4184  BUS_LOAD  MEM[64] accepted 1
  480:   68:bne     |  68:-       |  68:-       |  68:-       |  68:-       BUS_LOAD  MEM[64] accepted 1
  481:   72:-       |  68:bne     |  68:-       |  68:-       |  68:-       BUS_LOAD  MEM[64] accepted 1
  482:   72:-       |  72:-       |  68:bne     |  68:-       |  68:-       BUS_LOAD  MEM[64] accepted 1
  483:   72:-       |  72:-       |  72:-       |  68:bne     |  68:-       BUS_LOAD  MEM[64] accepted 1
  484:   32:-       |  72:-       |  72:-       |  72:-       |  68:bne     BUS_LOAD  MEM[24] accepted 1
  485:   32:ldq     |  32:-       |  72:-       |  72:-       |  72:-       BUS_LOAD  MEM[24] accepted 1
  486:   36:-       |  32:ldq     |  32:-       |  72:-       |  72:-       BUS_LOAD  MEM[32] accepted 1
  487:   36:-       |  36:-       |  32:ldq     |  32:-       |  72:-       BUS_LOAD  MEM[32] accepted 1
  488:   36:-       |  36:-       |  36:-       |  32:ldq     |  32:-       BUS_LOAD  MEM[4168] accepted 1
  489:   36:-       |  36:-       |  36:-       |  36:-       |  32:ldq     r1=55  BUS_LOAD  MEM[32] accepted 1
  490:   36:ldq     |  36:-       |  36:-       |  36:-       |  36:-       BUS_LOAD  MEM[32] accepted 1
  491:   40:-       |  36:ldq     |  36:-       |  36:-       |  36:-       BUS_LOAD  MEM[32] accepted 1
  492:   40:-       |  40:-       |  36:ldq     |  36:-       |  36:-       BUS_LOAD  MEM[32] accepted 1
  493:   40:-       |  40:-       |  40:-       |  36:ldq     |  36:-       BUS_LOAD  MEM[4176] accepted 1
  494:   40:-       |  40:-       |  40:-       |  40:-       |  36:ldq     r2=89  BUS_LOAD  MEM[32] accepted 1
  495:   40:addq    |  40:-       |  40:-       |  40:-       |  40:-       BUS_LOAD  MEM[32] accepted 1
  496:   44:-       |  40:addq    |  40:-       |  40:-       |  40:-       BUS_LOAD  MEM[40] accepted 1
  497:   44:-       |  44:-       |  40:addq    |  40:-       |  40:-       BUS_LOAD  MEM[40] accepted 1
  498:   44:-       |  44:-       |  44:-       |  40:addq    |  40:-       BUS_LOAD  MEM[40] accepted 1
  499:   44:-       |  44:-       |  44:-       |  44:-       |  40:addq    r2=144  BUS_LOAD  MEM[40] accepted 1
  500:   44:addq    |  44:-       |  44:-       |  44:-       |  44:-       BUS_LOAD  MEM[40] accepted 1
  501:   48:-       |  44:addq    |  44:-       |  44:-       |  44:-       BUS_LOAD  MEM[40] accepted 1
  502:   48:-       |  48:-       |  44:addq    |  44:-       |  44:-       BUS_LOAD  MEM[40] accepted 1
  503:   48:-       |  48:-       |  48:-       |  44:addq    |  44:-       BUS_LOAD  MEM[40] accepted 1
  504:   48:-       |  48:-       |  48:-       |  48:-       |  44:addq    r3=4176  BUS_LOAD  MEM[40] accepted 1
  505:   48:addq    |  48:-       |  48:-       |  48:-       |  48:-       BUS_LOAD  MEM[40] accepted 1
  506:   52:-       |  48:addq    |  48:-       |  48:-       |  48:-       BUS_LOAD  MEM[48] accepted 1
  507:   52:-       |  52:-       |  48:addq    |  48:-       |  48:-       BUS_LOAD  MEM[48] accepted 1
  508:   52:-       |  52:-       |  52:-       |  48:addq    |  48:-       BUS_LOAD  MEM[48] accepted 1
  509:   52:-       |  52:-       |  52:-       |  52:-       |  48:addq    r4=4184  BUS_LOAD  MEM[48] accepted 1
  510:   52:addq    |  52:-       |  52:-       |  52:-       |  52:-       BUS_LOAD  MEM[48] accepted 1
  511:   56:-       |  52:addq    |  52:-       |  52:-       |  52:-       BUS_LOAD  MEM[48] accepted 1
  512:   56:-       |  56:-       |  52:addq    |  52:-       |  52:-       BUS_LOAD  MEM[48] accepted 1
  513:   56:-       |  56:-       |  56:-       |  52:addq    |  52:-       BUS_LOAD  MEM[48] accepted 1
  514:   56:-       |  56:-       |  56:-       |  56:-       |  52:addq    r9=12  BUS_LOAD  MEM[48] accepted 1
  515:   56:cmple   |  56:-       |  56:-       |  56:-       |  56:-       BUS_LOAD  MEM[48] accepted 1
  516:   60:-       |  56:cmple   |  56:-       |  56:-       |  56:-       BUS_LOAD  MEM[56] accepted 1
  517:   60:-       |  60:-       |  56:cmple   |  56:-       |  56:-       BUS_LOAD  MEM[56] accepted 1
  518:   60:-       |  60:-       |  60:-       |  56:cmple   |  56:-       BUS_LOAD  MEM[56] accepted 1
  519:   60:-       |  60:-       |  60:-       |  60:-       |  56:cmple   r10=1  BUS_LOAD  MEM[56] accepted 1
  520:   60:stq     |  60:-       |  60:-       |  60:-       |  60:-       BUS_LOAD  MEM[56] accepted 1
  521:   64:-       |  60:stq     |  60:-       |  60:-       |  60:-       BUS_LOAD  MEM[56] accepted 1
  522:   64:-       |  64:-       |  60:stq     |  60:-       |  60:-       BUS_LOAD  MEM[56] accepted 1
  523:   64:-       |  64:-       |  64:-       |  60:stq     |  60:-       BUS_STORE MEM[4184] = 144 accepted 1
  524:   64:-       |  64:-       |  64:-       |  64:-       |  60:stq     BUS_LOAD  MEM[56] accepted 1
  525:   64:addq    |  64:-       |  64:-       |  64:-       |  64:-       BUS_LOAD  MEM[56] accepted 1
  526:   68:-       |  64:addq    |  64:-       |  64:-       |  64:-       BUS_LOAD  MEM[64] accepted 1
  527:   68:-       |  68:-       |  64:addq    |  64:-       |  64:-       BUS_LOAD  MEM[64] accepted 1
  528:   68:-       |  68:-       |  68:-       |  64:addq    |  64:-       BUS_LOAD  MEM[64] accepted 1
  529:   68:-       |  68:-       |  68:-       |  68:-       |  64:addq    r5=4192  BUS_LOAD  MEM[64] accepted 1
  530:   68:bne     |  68:-       |  68:-       |  68:-       |  68:-       BUS_LOAD  MEM[64] accepted 1
  531:   72:-       |  68:bne     |  68:-       |  68:-       |  68:-       BUS_LOAD  MEM[64] accepted 1
  532:   72:-       |  72:-       |  68:bne     |  68:-       |  68:-       BUS_LOAD  MEM[64] accepted 1
  533:   72:-       |  72:-       |  72:-       |  68:bne     |  68:-       BUS_LOAD  MEM[64] accepted 1
  534:   32:-       |  72:-       |  72:-       |  72:-       |  68:bne     BUS_LOAD  MEM[24] accepted 1
  535:   32:ldq     |  32:-       |  72:-       |  72:-       |  72:-       BUS_LOAD  MEM[24] accepted 1
  536:   36:-       |  32:ldq     |  32:-       |  72:-       |  72:-       BUS_LOAD  MEM[32] accepted 1
  537:   36:-       |  36:-       |  32:ldq     |  32:-       |  72:-       BUS_LOAD  MEM[32] accepted 1
  538:   36:-       |  36:-       |  36:-       |  32:ldq     |  32:-       BUS_LOAD  MEM[4176] accepted 1
  539:   36:-       |  36:-       |  36:-       |  36:-       |  32:ldq     r1=89  BUS_LOAD  MEM[32] accepted 1
  540:   36:ldq     |  36:-       |  36:-       |  36:-       |  36:-       BUS_LOAD  MEM[32] accepted 1
  541:   40:-       |  36:ldq     |  36:-       |  36:-       |  36:-       BUS_LOAD  MEM[32] accepted 1
  542:   40:-       |  40:-       |  36:ldq     |  36:-       |  36:-       BUS_LOAD  MEM[32] accepted 1
  543:   40:-       |  40:-       |  40:-       |  36:ldq     |  36:-       BUS_LOAD  MEM[4184] accepted 1
  544:   40:-       |  40:-       |  40:-       |  40:-       |  36:ldq     r2=144  BUS_LOAD  MEM[32] accepted 1
  545:   40:addq    |  40:-       |  40:-       |  40:-       |  40:-       BUS_LOAD  MEM[32] accepted 1
  546:   44:-       |  40:addq    |  40:-       |  40:-       |  40:-       BUS_LOAD  MEM[40] accepted 1
  547:   44:-       |  44:-       |  40:addq    |  40:-       |  40:-       BUS_LOAD  MEM[40] accepted 1
  548:   44:-       |  44:-       |  44:-       |  40:addq    |  40:-       BUS_LOAD  MEM[40] accepted 1
  549:   44:-       |  44:-       |  44:-       |  44:-       |  40:addq    r2=233  BUS_LOAD  MEM[40] accepted 1
  550:   44:addq    |  44:-       |  44:-       |  44:-       |  44:-       BUS_LOAD  MEM[40] accepted 1
  551:   48:-       |  44:addq    |  44:-       |  44:-       |  44:-       BUS_LOAD  MEM[40] accepted 1
  552:   48:-       |  48:-       |  44:addq    |  44:-       |  44:-       BUS_LOAD  MEM[40] accepted 1
  553:   48:-       |  48:-       |  48:-       |  44:addq    |  44:-       BUS_LOAD  MEM[40] accepted 1
  554:   48:-       |  48:-       |  48:-       |  48:-       |  44:addq    r3=4184  BUS_LOAD  MEM[40] accepted 1
  555:   48:addq    |  48:-       |  48:-       |  48:-       |  48:-       BUS_LOAD  MEM[40] accepted 1
  556:   52:-       |  48:addq    |  48:-       |  48:-       |  48:-       BUS_LOAD  MEM[48] accepted 1
  557:   52:-       |  52:-       |  48:addq    |  48:-       |  48:-       BUS_LOAD  MEM[48] accepted 1
  558:   52:-       |  52:-       |  52:-       |  48:addq    |  48:-       BUS_LOAD  MEM[48] accepted 1
  559:   52:-       |  52:-       |  52:-       |  52:-       |  48:addq    r4=4192  BUS_LOAD  MEM[48] accepted 1
  560:   52:addq    |  52:-       |  52:-       |  52:-       |  52:-       BUS_LOAD  MEM[48] accepted 1
  561:   56:-       |  52:addq    |  52:-       |  52:-       |  52:-       BUS_LOAD  MEM[48] accepted 1
  562:   56:-       |  56:-       |  52:addq    |  52:-       |  52:-       BUS_LOAD  MEM[48] accepted 1
  563:   56:-       |  56:-       |  56:-       |  52:addq    |  52:-       BUS_LOAD  MEM[48] accepted 1
  564:   56:-       |  56:-       |  56:-       |  56:-       |  52:addq    r9=13  BUS_LOAD  MEM[48] accepted 1
  565:   56:cmple   |  56:-       |  56:-       |  56:-       |  56:-       BUS_LOAD  MEM[48] accepted 1
  566:   60:-       |  56:cmple   |  56:-       |  56:-       |  56:-       BUS_LOAD  MEM[56] accepted 1
  567:   60:-       |  60:-       |  56:cmple   |  56:-       |  56:-       BUS_LOAD  MEM[56] accepted 1
  568:   60:-       |  60:-       |  60:-       |  56:cmple   |  56:-       BUS_LOAD  MEM[56] accepted 1
  569:   60:-       |  60:-       |  60:-       |  60:-       |  56:cmple   r10=1  BUS_LOAD  MEM[56] accepted 1
  570:   60:stq     |  60:-       |  60:-       |  60:-       |  60:-       BUS_LOAD  MEM[56] accepted 1
  571:   64:-       |  60:stq     |  60:-       |  60:-       |  60:-       BUS_LOAD  MEM[56] accepted 1
  572:   64:-       |  64:-       |  60:stq     |  60:-       |  60:-       BUS_LOAD  MEM[56] accepted 1
  573:   64:-       |  64:-       |  64:-       |  60:stq     |  60:-       BUS_STORE MEM[4192] = 233 accepted 1
  574:   64:-       |  64:-       |  64:-       |  64:-       |  60:stq     BUS_LOAD  MEM[56] accepted 1
  575:   64:addq    |  64:-       |  64:-       |  64:-       |  64:-       BUS_LOAD  MEM[56] accepted 1
  576:   68:-       |  64:addq    |  64:-       |  64:-       |  64:-       BUS_LOAD  MEM[64] accepted 1
  577:   68:-       |  68:-       |  64:addq    |  64:-       |  64:-       BUS_LOAD  MEM[64] accepted 1
  578:   68:-       |  68:-       |  68:-       |  64:addq    |  64:-       BUS_LOAD  MEM[64] accepted 1
  579:   68:-       |  68:-       |  68:-       |  68:-       |  64:addq    r5=4200  BUS_LOAD  MEM[64] accepted 1
  580:   68:bne     |  68:-       |  68:-       |  68:-       |  68:-       BUS_LOAD  MEM[64] accepted 1
  581:   72:-       |  68:bne     |  68:-       |  68:-       |  68:-       BUS_LOAD  MEM[64] accepted 1
  582:   72:-       |  72:-       |  68:bne     |  68:-       |  68:-       BUS_LOAD  MEM[64] accepted 1
  583:   72:-       |  72:-       |  72:-       |  68:bne     |  68:-       BUS_LOAD  MEM[64] accepted 1
  584:   32:-       |  72:-       |  72:-       |  72:-       |  68:bne     BUS_LOAD  MEM[24] accepted 1
  585:   32:ldq     |  32:-       |  72:-       |  72:-       |  72:-       BUS_LOAD  MEM[24] accepted 1
  586:   36:-       |  32:ldq     |  32:-       |  72:-       |  72:-       BUS_LOAD  MEM[32] accepted 1
  587:   36:-       |  36:-       |  32:ldq     |  32:-       |  72:-       BUS_LOAD  MEM[32] accepted 1
  588:   36:-       |  36:-       |  36:-       |  32:ldq     |  32:-       BUS_LOAD  MEM[4184] accepted 1
  589:   36:-       |  36:-       |  36:-       |  36:-       |  32:ldq     r1=144  BUS_LOAD  MEM[32] accepted 1
  590:   36:ldq     |  36:-       |  36:-       |  36:-       |  36:-       BUS_LOAD  MEM[32] accepted 1
  591:   40:-       |  36:ldq     |  36:-       |  36:-       |  36:-       BUS_LOAD  MEM[32] accepted 1
  592:   40:-       |  40:-       |  36:ldq     |  36:-       |  36:-       BUS_LOAD  MEM[32] accepted 1
  593:   40:-       |  40:-       |  40:-       |  36:ldq     |  36:-       BUS_LOAD  MEM[4192] accepted 1
  594:   40:-       |  40:-       |  40:-       |  40:-       |  36:ldq     r2=233  BUS_LOAD  MEM[32] accepted 1
  595:   40:addq    |  40:-       |  40:-       |  40:-       |  40:-       BUS_LOAD  MEM[32] accepted 1
  596:   44:-       |  40:addq    |  40:-       |  40:-       |  40:-       BUS_LOAD  MEM[40] accepted 1
  597:   44:-       |  44:-       |  40:addq    |  40:-       |  40:-       BUS_LOAD  MEM[40] accepted 1
  598:   44:-       |  44:-       |  44:-       |  40:addq    |  40:-       BUS_LOAD  MEM[40] accepted 1
  599:   44:-       |  44:-       |  44:-       |  44:-       |  40:addq    r2=377  BUS_LOAD  MEM[40] accepted 1
  600:   44:addq    |  44:-       |  44:-       |  44:-       |  44:-       BUS_LOAD  MEM[40] accepted 1
  601:   48:-       |  44:addq    |  44:-       |  44:-       |  44:-       BUS_LOAD  MEM[40] accepted 1
  602:   48:-       |  48:-       |  44:addq    |  44:-       |  44:-       BUS_LOAD  MEM[40] accepted 1
  603:   48:-       |  48:-       |  48:-       |  44:addq    |  44:-       BUS_LOAD  MEM[40] accepted 1
  604:   48:-       |  48:-       |  48:-       |  48:-       |  44:addq    r3=4192  BUS_LOAD  MEM[40] accepted 1
  605:   48:addq    |  48:-       |  48:-       |  48:-       |  48:-       BUS_LOAD  MEM[40] accepted 1
  606:   52:-       |  48:addq    |  48:-       |  48:-       |  48:-       BUS_LOAD  MEM[48] accepted 1
  607:   52:-       |  52:-       |  48:addq    |  48:-       |  48:-       BUS_LOAD  MEM[48] accepted 1
  608:   52:-       |  52:-       |  52:-       |  48:addq    |  48:-       BUS_LOAD  MEM[48] accepted 1
  609:   52:-       |  52:-       |  52:-       |  52:-       |  48:addq    r4=4200  BUS_LOAD  MEM[48] accepted 1
  610:   52:addq    |  52:-       |  52:-       |  52:-       |  52:-       BUS_LOAD  MEM[48] accepted 1
  611:   56:-       |  52:addq    |  52:-       |  52:-       |  52:-       BUS_LOAD  MEM[48] accepted 1
  612:   56:-       |  56:-       |  52:addq    |  52:-       |  52:-       BUS_LOAD  MEM[48] accepted 1
  613:   56:-       |  56:-       |  56:-       |  52:addq    |  52:-       BUS_LOAD  MEM[48] accepted 1
  614:   56:-       |  56:-       |  56:-       |  56:-       |  52:addq    r9=14  BUS_LOAD  MEM[48] accepted 1
  615:   56:cmple   |  56:-       |  56:-       |  56:-       |  56:-       BUS_LOAD  MEM[48] accepted 1
  616:   60:-       |  56:cmple   |  56:-       |  56:-       |  56:-       BUS_LOAD  MEM[56] accepted 1
  617:   60:-       |  60:-       |  56:cmple   |  56:-       |  56:-       BUS_LOAD  MEM[56] accepted 1
  618:   60:-       |  60:-       |  60:-       |  56:cmple   |  56:-       BUS_LOAD  MEM[56] accepted 1
  619:   60:-       |  60:-       |  60:-       |  60:-       |  56:cmple   r10=1  BUS_LOAD  MEM[56] accepted 1
  620:   60:stq     |  60:-       |  60:-       |  60:-       |  60:-       BUS_LOAD  MEM[56] accepted 1
  621:   64:-       |  60:stq     |  60:-       |  60:-       |  60:-       BUS_LOAD  MEM[56] accepted 1
  622:   64:-       |  64:-       |  60:stq     |  60:-       |  60:-       BUS_LOAD  MEM[56] accepted 1
  623:   64:-       |  64:-       |  64:-       |  60:stq     |  60:-       BUS_STORE MEM[4200] = 377 accepted 1
  624:   64:-       |  64:-       |  64:-       |  64:-       |  60:stq     BUS_LOAD  MEM[56] accepted 1
  625:   64:addq    |  64:-       |  64:-       |  64:-       |  64:-       BUS_LOAD  MEM[56] accepted 1
  626:   68:-       |  64:addq    |  64:-       |  64:-       |  64:-       BUS_LOAD  MEM[64] accepted 1
  627:   68:-       |  68:-       |  64:addq    |  64:-       |  64:-       BUS_LOAD  MEM[64] accepted 1
  628:   68:-       |  68:-       |  68:-       |  64:addq    |  64:-       BUS_LOAD  MEM[64] accepted 1
  629:   68:-       |  68:-       |  68:-       |  68:-       |  64:addq    r5=4208  BUS_LOAD  MEM[64] accepted 1
  630:   68:bne     |  68:-       |  68:-       |  68:-       |  68:-       BUS_LOAD  MEM[64] accepted 1
  631:   72:-       |  68:bne     |  68:-       |  68:-       |  68:-       BUS_LOAD  MEM[64] accepted 1
  632:   72:-       |  72:-       |  68:bne     |  68:-       |  68:-       BUS_LOAD  MEM[64] accepted 1
  633:   72:-       |  72:-       |  72:-       |  68:bne     |  68:-       BUS_LOAD  MEM[64] accepted 1
  634:   32:-       |  72:-       |  72:-       |  72:-       |  68:bne     BUS_LOAD  MEM[24] accepted 1
  635:   32:ldq     |  32:-       |  72:-       |  72:-       |  72:-       BUS_LOAD  MEM[24] accepted 1
  636:   36:-       |  32:ldq     |  32:-       |  72:-       |  72:-       BUS_LOAD  MEM[32] accepted 1
  637:   36:-       |  36:-       |  32:ldq     |  32:-       |  72:-       BUS_LOAD  MEM[32] accepted 1
  638:   36:-       |  36:-       |  36:-       |  32:ldq     |  32:-       BUS_LOAD  MEM[4192] accepted 1
  639:   36:-       |  36:-       |  36:-       |  36:-       |  32:ldq     r1=233  BUS_LOAD  MEM[32] accepted 1
  640:   36:ldq     |  36:-       |  36:-       |  36:-       |  36:-       BUS_LOAD  MEM[32] accepted 1
  641:   40:-       |  36:ldq     |  36:-       |  36:-       |  36:-       BUS_LOAD  MEM[32] accepted 1
  642:   40:-       |  40:-       |  36:ldq     |  36:-       |  36:-       BUS_LOAD  MEM[32] accepted 1
  643:   40:-       |  40:-       |  40:-       |  36:ldq     |  36:-       BUS_LOAD  MEM[4200] accepted 1
  644:   40:-       |  40:-       |  40:-       |  40:-       |  36:ldq     r2=377  BUS_LOAD  MEM[32] accepted 1
  645:   40:addq    |  40:-       |  40:-       |  40:-       |  40:-       BUS_LOAD  MEM[32] accepted 1
  646:   44:-       |  40:addq    |  40:-       |  40:-       |  40:-       BUS_LOAD  MEM[40] accepted 1
  647:   44:-       |  44:-       |  40:addq    |  40:-       |  40:-       BUS_LOAD  MEM[40] accepted 1
  648:   44:-       |  44:-       |  44:-       |  40:addq    |  40:-       BUS_LOAD  MEM[40] accepted 1
  649:   44:-       |  44:-       |  44:-       |  44:-       |  40:addq    r2=610  BUS_LOAD  MEM[40] accepted 1
  650:   44:addq    |  44:-       |  44:-       |  44:-       |  44:-       BUS_LOAD  MEM[40] accepted 1
  651:   48:-       |  44:addq    |  44:-       |  44:-       |  44:-       BUS_LOAD  MEM[40] accepted 1
  652:   48:-       |  48:-       |  44:addq    |  44:-       |  44:-       BUS_LOAD  MEM[40] accepted 1
  653:   48:-       |  48:-       |  48:-       |  44:addq    |  44:-       BUS_LOAD  MEM[40] accepted 1
  654:   48:-       |  48:-       |  48:-       |  48:-       |  44:addq    r3=4200  BUS_LOAD  MEM[40] accepted 1
  655:   48:addq    |  48:-       |  48:-       |  48:-       |  48:-       BUS_LOAD  MEM[40] accepted 1
  656:   52:-       |  48:addq    |  48:-       |  48:-       |  48:-       BUS_LOAD  MEM[48] accepted 1
  657:   52:-       |  52:-       |  48:addq    |  48:-       |  48:-       BUS_LOAD  MEM[48] accepted 1
  658:   52:-       |  52:-       |  52:-       |  48:addq    |  48:-       BUS_LOAD  MEM[48] accepted 1
  659:   52:-       |  52:-       |  52:-       |  52:-       |  48:addq    r4=4208  BUS_LOAD  MEM[48] accepted 1
  660:   52:addq    |  52:-       |  52:-       |  52:-       |  52:-       BUS_LOAD  MEM[48] accepted 1
  661:   56:-       |  52:addq    |  52:-       |  52:-       |  52:-       BUS_LOAD  MEM[48] accepted 1
  662:   56:-       |  56:-       |  52:addq    |  52:-       |  52:-       BUS_LOAD  MEM[48] accepted 1
  663:   56:-       |  56:-       |  56:-       |  52:addq    |  52:-       BUS_LOAD  MEM[48] accepted 1
  664:   56:-       |  56:-       |  56:-       |  56:-       |  52:addq    r9=15  BUS_LOAD  MEM[48] accepted 1
  665:   56:cmple   |  56:-       |  56:-       |  56:-       |  56:-       BUS_LOAD  MEM[48] accepted 1
  666:   60:-       |  56:cmple   |  56:-       |  56:-       |  56:-       BUS_LOAD  MEM[56] accepted 1
  667:   60:-       |  60:-       |  56:cmple   |  56:-       |  56:-       BUS_LOAD  MEM[56] accepted 1
  668:   60:-       |  60:-       |  60:-       |  56:cmple   |  56:-       BUS_LOAD  MEM[56] accepted 1
  669:   60:-       |  60:-       |  60:-       |  60:-       |  56:cmple   r10=1  BUS_LOAD  MEM[56] accepted 1
  670:   60:stq     |  60:-       |  60:-       |  60:-       |  60:-       BUS_LOAD  MEM[56] accepted 1
  671:   64:-       |  60:stq     |  60:-       |  60:-       |  60:-       BUS_LOAD  MEM[56] accepted 1
  672:   64:-       |  64:-       |  60:stq     |  60:-       |  60:-       BUS_LOAD  MEM[56] accepted 1
  673:   64:-       |  64:-       |  64:-       |  60:stq     |  60:-       BUS_STORE MEM[4208] = 610 accepted 1
  674:   64:-       |  64:-       |  64:-       |  64:-       |  60:stq     BUS_LOAD  MEM[56] accepted 1
  675:   64:addq    |  64:-       |  64:-       |  64:-       |  64:-       BUS_LOAD  MEM[56] accepted 1
  676:   68:-       |  64:addq    |  64:-       |  64:-       |  64:-       BUS_LOAD  MEM[64] accepted 1
  677:   68:-       |  68:-       |  64:addq    |  64:-       |  64:-       BUS_LOAD  MEM[64] accepted 1
  678:   68:-       |  68:-       |  68:-       |  64:addq    |  64:-       BUS_LOAD  MEM[64] accepted 1
  679:   68:-       |  68:-       |  68:-       |  68:-       |  64:addq    r5=4216  BUS_LOAD  MEM[64] accepted 1
  680:   68:bne     |  68:-       |  68:-       |  68:-       |  68:-       BUS_LOAD  MEM[64] accepted 1
  681:   72:-       |  68:bne     |  68:-       |  68:-       |  68:-       BUS_LOAD  MEM[64] accepted 1
  682:   72:-       |  72:-       |  68:bne     |  68:-       |  68:-       BUS_LOAD  MEM[64] accepted 1
  683:   72:-       |  72:-       |  72:-       |  68:bne     |  68:-       BUS_LOAD  MEM[64] accepted 1
  684:   32:-       |  72:-       |  72:-       |  72:-       |  68:bne     BUS_LOAD  MEM[24] accepted 1
  685:   32:ldq     |  32:-       |  72:-       |  72:-       |  72:-       BUS_LOAD  MEM[24] accepted 1
  686:   36:-       |  32:ldq     |  32:-       |  72:-       |  72:-       BUS_LOAD  MEM[32] accepted 1
  687:   36:-       |  36:-       |  32:ldq     |  32:-       |  72:-       BUS_LOAD  MEM[32] accepted 1
  688:   36:-       |  36:-       |  36:-       |  32:ldq     |  32:-       BUS_LOAD  MEM[4200] accepted 1
  689:   36:-       |  36:-       |  36:-       |  36:-       |  32:ldq     r1=377  BUS_LOAD  MEM[32] accepted 1
  690:   36:ldq     |  36:-       |  36:-       |  36:-       |  36:-       BUS_LOAD  MEM[32] accepted 1
  691:   40:-       |  36:ldq     |  36:-       |  36:-       |  36:-       BUS_LOAD  MEM[32] accepted 1
  692:   40:-       |  40:-       |  36:ldq     |  36:-       |  36:-       BUS_LOAD  MEM[32] accepted 1
  693:   40:-       |  40:-       |  40:-       |  36:ldq     |  36:-       BUS_LOAD  MEM[4208] accepted 1
  694:   40:-       |  40:-       |  40:-       |  40:-       |  36:ldq     r2=610  BUS_LOAD  MEM[32] accepted 1
  695:   40:addq    |  40:-       |  40:-       |  40:-       |  40:-       BUS_LOAD  MEM[32] accepted 1
  696:   44:-       |  40:addq    |  40:-       |  40:-       |  40:-       BUS_LOAD  MEM[40] accepted 1
  697:   44:-       |  44:-       |  40:addq    |  40:-       |  40:-       BUS_LOAD  MEM[40] accepted 1
  698:   44:-       |  44:-       |  44:-       |  40:addq    |  40:-       BUS_LOAD  MEM[40] accepted 1
  699:   44:-       |  44:-       |  44:-       |  44:-       |  40:addq    r2=987  BUS_LOAD  MEM[40] accepted 1
  700:   44:addq    |  44:-       |  44:-       |  44:-       |  44:-       BUS_LOAD  MEM[40] accepted 1
  701:   48:-       |  44:addq    |  44:-       |  44:-       |  44:-       BUS_LOAD  MEM[40] accepted 1
  702:   48:-       |  48:-       |  44:addq    |  44:-       |  44:-       BUS_LOAD  MEM[40] accepted 1
  703:   48:-       |  48:-       |  48:-       |  44:addq    |  44:-       BUS_LOAD  MEM[40] accepted 1
  704:   48:-       |  48:-       |  48:-       |  48:-       |  44:addq    r3=4208  BUS_LOAD  MEM[40] accepted 1
  705:   48:addq    |  48:-       |  48:-       |  48:-       |  48:-       BUS_LOAD  MEM[40] accepted 1
  706:   52:-       |  48:addq    |  48:-       |  48:-       |  48:-       BUS_LOAD  MEM[48] accepted 1
  707:   52:-       |  52:-       |  48:addq    |  48:-       |  48:-       BUS_LOAD  MEM[48] accepted 1
  708:   52:-       |  52:-       |  52:-       |  48:addq    |  48:-       BUS_LOAD  MEM[48] accepted 1
  709:   52:-       |  52:-       |  52:-       |  52:-       |  48:addq    r4=4216  BUS_LOAD  MEM[48] accepted 1
  710:   52:addq    |  52:-       |  52:-       |  52:-       |  52:-       BUS_LOAD  MEM[48] accepted 1
  711:   56:-       |  52:addq    |  52:-       |  52:-       |  52:-       BUS_LOAD  MEM[48] accepted 1
  712:   56:-       |  56:-       |  52:addq    |  52:-       |  52:-       BUS_LOAD  MEM[48] accepted 1
  713:   56:-       |  56:-       |  56:-       |  52:addq    |  52:-       BUS_LOAD  MEM[48] accepted 1
  714:   56:-       |  56:-       |  56:-       |  56:-       |  52:addq    r9=16  BUS_LOAD  MEM[48] accepted 1
  715:   56:cmple   |  56:-       |  56:-       |  56:-       |  56:-       BUS_LOAD  MEM[48] accepted 1
  716:   60:-       |  56:cmple   |  56:-       |  56:-       |  56:-       BUS_LOAD  MEM[56] accepted 1
  717:   60:-       |  60:-       |  56:cmple   |  56:-       |  56:-       BUS_LOAD  MEM[56] accepted 1
  718:   60:-       |  60:-       |  60:-       |  56:cmple   |  56:-       BUS_LOAD  MEM[56] accepted 1
  719:   60:-       |  60:-       |  60:-       |  60:-       |  56:cmple   r10=0  BUS_LOAD  MEM[56] accepted 1
  720:   60:stq     |  60:-       |  60:-       |  60:-       |  60:-       BUS_LOAD  MEM[56] accepted 1
  721:   64:-       |  60:stq     |  60:-       |  60:-       |  60:-       BUS_LOAD  MEM[56] accepted 1
  722:   64:-       |  64:-       |  60:stq     |  60:-       |  60:-       BUS_LOAD  MEM[56] accepted 1
  723:   64:-       |  64:-       |  64:-       |  60:stq     |  60:-       BUS_STORE MEM[4216] = 987 accepted 1
  724:   64:-       |  64:-       |  64:-       |  64:-       |  60:stq     BUS_LOAD  MEM[56] accepted 1
  725:   64:addq    |  64:-       |  64:-       |  64:-       |  64:-       BUS_LOAD  MEM[56] accepted 1
  726:   68:-       |  64:addq    |  64:-       |  64:-       |  64:-       BUS_LOAD  MEM[64] accepted 1
  727:   68:-       |  68:-       |  64:addq    |  64:-       |  64:-       BUS_LOAD  MEM[64] accepted 1
  728:   68:-       |  68:-       |  68:-       |  64:addq    |  64:-       BUS_LOAD  MEM[64] accepted 1
  729:   68:-       |  68:-       |  68:-       |  68:-       |  64:addq    r5=4224  BUS_LOAD  MEM[64] accepted 1
  730:   68:bne     |  68:-       |  68:-       |  68:-       |  68:-       BUS_LOAD  MEM[64] accepted 1
  731:   72:-       |  68:bne     |  68:-       |  68:-       |  68:-       BUS_LOAD  MEM[64] accepted 1
  732:   72:-       |  72:-       |  68:bne     |  68:-       |  68:-       BUS_LOAD  MEM[64] accepted 1
  733:   72:-       |  72:-       |  72:-       |  68:bne     |  68:-       BUS_LOAD  MEM[64] accepted 1
  734:   72:-       |  72:-       |  72:-       |  72:-       |  68:bne     BUS_LOAD  MEM[64] accepted 1
  735:   72:halt    |  72:-       |  72:-       |  72:-       |  72:-       BUS_LOAD  MEM[64] accepted 1
  736:   76:-       |  72:halt    |  72:-       |  72:-       |  72:-       BUS_LOAD  MEM[72] accepted 1
  737:   76:-       |  76:-       |  72:halt    |  72:-       |  72:-       BUS_LOAD  MEM[72] accepted 1
  738:   76:-       |  76:-       |  76:-       |  72:halt    |  72:-       BUS_LOAD  MEM[72] accepted 1
  739:   76:-       |  76:-       |  76:-       |  76:-       |  72:halt    BUS_LOAD  MEM[72] accepted 1
