                                                                            D-MEM Bus &
Cycle:      IF      |     ID      |     EX      |     MEM     |     WB      Reg Result
    0:    4:br      |   0:-       |   0:-       |   0:-       |   0:-       BUS_LOAD  MEM[0] accepted 1
    1:    8:-       |   4:br      |   0:-       |   0:-       |   0:-       BUS_LOAD  MEM[0] accepted 1
    2:    8:-       |   8:-       |   4:br      |   0:-       |   0:-       BUS_LOAD  MEM[0] accepted 1
    3:    8:-       |   8:-       |   8:-       |   4:br      |   0:-       BUS_LOAD  MEM[0] accepted 1
    4:  300:-       |   8:-       |   8:-       |   8:-       |   4:br      BUS_LOAD  MEM[296] accepted 1
    5:  300:lda     | 300:-       |   8:-       |   8:-       |   8:-       BUS_LOAD  MEM[296] accepted 1
    6:  304:-       | 300:lda     | 300:-       |   8:-       |   8:-       BUS_LOAD  MEM[296] accepted 1
    7:  304:-       | 304:-       | 300:lda     | 300:-       |   8:-       BUS_LOAD  MEM[296] accepted 1
    8:  304:-       | 304:-       | 304:-       | 300:lda     | 300:-       BUS_LOAD  MEM[296] accepted 1
    9:  304:-       | 304:-       | 304:-       | 304:-       | 300:lda     r5=0  BUS_LOAD  MEM[296] accepted 1
   10:  304:lda     | 304:-       | 304:-       | 304:-       | 304:-       BUS_LOAD  MEM[296] accepted 1
   11:  308:-       | 304:lda     | 304:-       | 304:-       | 304:-       BUS_LOAD  MEM[304] accepted 1
   12:  308:-       | 308:-       | 304:lda     | 304:-       | 304:-       BUS_LOAD  MEM[304] accepted 1
   13:  308:-       | 308:-       | 308:-       | 304:lda     | 304:-       BUS_LOAD  MEM[304] accepted 1
   14:  308:-       | 308:-       | 308:-       | 308:-       | 304:lda     r6=9999  BUS_LOAD  MEM[304] accepted 1
   15:  308:lda     | 308:-       | 308:-       | 308:-       | 308:-       BUS_LOAD  MEM[304] accepted 1
   16:  312:-       | 308:lda     | 308:-       | 308:-       | 308:-       BUS_LOAD  MEM[304] accepted 1
   17:  312:-       | 312:-       | 308:lda     | 308:-       | 308:-       BUS_LOAD  MEM[304] accepted 1
   18:  312:-       | 312:-       | 312:-       | 308:lda     | 308:-       BUS_LOAD  MEM[304] accepted 1
   19:  312:-       | 312:-       | 312:-       | 312:-       | 308:lda     r0=8  BUS_LOAD  MEM[304] accepted 1
   20:  312:lda     | 312:-       | 312:-       | 312:-       | 312:-       BUS_LOAD  MEM[304] accepted 1
   21:  316:-       | 312:lda     | 312:-       | 312:-       | 312:-       BUS_LOAD  MEM[312] accepted 1
   22:  316:-       | 316:-       | 312:lda     | 312:-       | 312:-       BUS_LOAD  MEM[312] accepted 1
   23:  316:-       | 316:-       | 316:-       | 312:lda     | 312:-       BUS_LOAD  MEM[312] accepted 1
   24:  316:-       | 316:-       | 316:-       | 316:-       | 312:lda     r1=152  BUS_LOAD  MEM[312] accepted 1
   25:  316:ldq     | 316:-       | 316:-       | 316:-       | 316:-       BUS_LOAD  MEM[312] accepted 1
   26:  320:-       | 316:ldq     | 316:-       | 316:-       | 316:-       BUS_LOAD  MEM[312] accepted 1
   27:  320:-       | 320:-       | 316:ldq     | 316:-       | 316:-       BUS_LOAD  MEM[312] accepted 1
   28:  320:-       | 320:-       | 320:-       | 316:ldq     | 316:-       BUS_LOAD  MEM[8] accepted 1
   29:  320:-       | 320:-       | 320:-       | 320:-       | 316:ldq     r2=3  BUS_LOAD  MEM[312] accepted 1
   30:  320:mulq    | 320:-       | 320:-       | 320:-       | 320:-       BUS_LOAD  MEM[312] accepted 1
   31:  324:-       | 320:mulq    | 320:-       | 320:-       | 320:-       BUS_LOAD  MEM[320] accepted 1
   32:  324:-       | 324:-       | 320:mulq    | 320:-       | 320:-       BUS_LOAD  MEM[320] accepted 1
   33:  324:-       | 324:-       | 324:-       | 320:mulq    | 320:-       BUS_LOAD  MEM[320] accepted 1
   34:  324:-       | 324:-       | 324:-       | 324:-       | 320:mulq    r2=29997  BUS_LOAD  MEM[320] accepted 1
   35:  324:ldq     | 324:-       | 324:-       | 324:-       | 324:-       BUS_LOAD  MEM[320] accepted 1
   36:  328:-       | 324:ldq     | 324:-       | 324:-       | 324:-       BUS_LOAD  MEM[320] accepted 1
   37:  328:-       | 328:-       | 324:ldq     | 324:-       | 324:-       BUS_LOAD  MEM[320] accepted 1
   38:  328:-       | 328:-       | 328:-       | 324:ldq     | 324:-       BUS_LOAD  MEM[152] accepted 1
   39:  328:-       | 328:-       | 328:-       | 328:-       | 324:ldq     r3=1  BUS_LOAD  MEM[320] accepted 1
   40:  328:addq    | 328:-       | 328:-       | 328:-       | 328:-       BUS_LOAD  MEM[320] accepted 1
   41:  332:-       | 328:addq    | 328:-       | 328:-       | 328:-       BUS_LOAD  MEM[328] accepted 1
   42:  332:-       | 332:-       | 328:addq    | 328:-       | 328:-       BUS_LOAD  MEM[328] accepted 1
   43:  332:-       | 332:-       | 332:-       | 328:addq    | 328:-       BUS_LOAD  MEM[328] accepted 1
   44:  332:-       | 332:-       | 332:-       | 332:-       | 328:addq    r2=29998  BUS_LOAD  MEM[328] accepted 1
   45:  332:stq     | 332:-       | 332:-       | 332:-       | 332:-       BUS_LOAD  MEM[328] accepted 1
   46:  336:-       | 332:stq     | 332:-       | 332:-       | 332:-       BUS_LOAD  MEM[328] accepted 1
   47:  336:-       | 336:-       | 332:stq     | 332:-       | 332:-       BUS_LOAD  MEM[328] accepted 1
   48:  336:-       | 336:-       | 336:-       | 332:stq     | 332:-       BUS_STORE MEM[152] = 29998 accepted 1
   49:  336:-       | 336:-       | 336:-       | 336:-       | 332:stq     BUS_LOAD  MEM[328] accepted 1
   50:  336:addq    | 336:-       | 336:-       | 336:-       | 336:-       BUS_LOAD  MEM[328] accepted 1
   51:  340:-       | 336:addq    | 336:-       | 336:-       | 336:-       BUS_LOAD  MEM[336] accepted 1
   52:  340:-       | 340:-       | 336:addq    | 336:-       | 336:-       BUS_LOAD  MEM[336] accepted 1
   53:  340:-       | 340:-       | 340:-       | 336:addq    | 336:-       BUS_LOAD  MEM[336] accepted 1
   54:  340:-       | 340:-       | 340:-       | 340:-       | 336:addq    r0=16  BUS_LOAD  MEM[336] accepted 1
   55:  340:addq    | 340:-       | 340:-       | 340:-       | 340:-       BUS_LOAD  MEM[336] accepted 1
   56:  344:-       | 340:addq    | 340:-       | 340:-       | 340:-       BUS_LOAD  MEM[336] accepted 1
   57:  344:-       | 344:-       | 340:addq    | 340:-       | 340:-       BUS_LOAD  MEM[336] accepted 1
   58:  344:-       | 344:-       | 344:-       | 340:addq    | 340:-       BUS_LOAD  MEM[336] accepted 1
   59:  344:-       | 344:-       | 344:-       | 344:-       | 340:addq    r1=160  BUS_LOAD  MEM[336] accepted 1
   60:  344:addq    | 344:-       | 344:-       | 344:-       | 344:-       BUS_LOAD  MEM[336] accepted 1
   61:  348:-       | 344:addq    | 344:-       | 344:-       | 344:-       BUS_LOAD  MEM[344] accepted 1
   62:  348:-       | 348:-       | 344:addq    | 344:-       | 344:-       BUS_LOAD  MEM[344] accepted 1
   63:  348:-       | 348:-       | 348:-       | 344:addq    | 344:-       BUS_LOAD  MEM[344] accepted 1
   64:  348:-       | 348:-       | 348:-       | 348:-       | 344:addq    r5=1  BUS_LOAD  MEM[344] accepted 1
   65:  348:cmpult  | 348:-       | 348:-       | 348:-       | 348:-       BUS_LOAD  MEM[344] accepted 1
   66:  352:-       | 348:cmpult  | 348:-       | 348:-       | 348:-       BUS_LOAD  MEM[344] accepted 1
   67:  352:-       | 352:-       | 348:cmpult  | 348:-       | 348:-       BUS_LOAD  MEM[344] accepted 1
   68:  352:-       | 352:-       | 352:-       | 348:cmpult  | 348:-       BUS_LOAD  MEM[344] accepted 1
   69:  352:-       | 352:-       | 352:-       | 352:-       | 348:cmpult  r4=1  BUS_LOAD  MEM[344] accepted 1
   70:  352:bne     | 352:-       | 352:-       | 352:-       | 352:-       BUS_LOAD  MEM[344] accepted 1
   71:  356:-       | 352:bne     | 352:-       | 352:-       | 352:-       BUS_LOAD  MEM[352] accepted 1
   72:  356:-       | 356:-       | 352:bne     | 352:-       | 352:-       BUS_LOAD  MEM[352] accepted 1
   73:  356:-       | 356:-       | 356:-       | 352:bne     | 352:-       BUS_LOAD  MEM[352] accepted 1
   74:  316:-       | 356:-       | 356:-       | 356:-       | 352:bne     BUS_LOAD  MEM[312] accepted 1
   75:  316:ldq     | 316:-       | 356:-       | 356:-       | 356:-       BUS_LOAD  MEM[312] accepted 1
   76:  320:-       | 316:ldq     | 316:-       | 356:-       | 356:-       BUS_LOAD  MEM[312] accepted 1
   77:  320:-       | 320:-       | 316:ldq     | 316:-       | 356:-       BUS_LOAD  MEM[312] accepted 1
   78:  320:-       | 320:-       | 320:-       | 316:ldq     | 316:-       BUS_LOAD  MEM[16] accepted 1
   79:  320:-       | 320:-       | 320:-       | 320:-       | 316:ldq     r2=1  BUS_LOAD  MEM[312] accepted 1
   80:  320:mulq    | 320:-       | 320:-       | 320:-       | 320:-       BUS_LOAD  MEM[312] accepted 1
   81:  324:-       | 320:mulq    | 320:-       | 320:-       | 320:-       BUS_LOAD  MEM[320] accepted 1
   82:  324:-       | 324:-       | 320:mulq    | 320:-       | 320:-       BUS_LOAD  MEM[320] accepted 1
   83:  324:-       | 324:-       | 324:-       | 320:mulq    | 320:-       BUS_LOAD  MEM[320] accepted 1
   84:  324:-       | 324:-       | 324:-       | 324:-       | 320:mulq    r2=9999  BUS_LOAD  MEM[320] accepted 1
   85:  324:ldq     | 324:-       | 324:-       | 324:-       | 324:-       BUS_LOAD  MEM[320] accepted 1
   86:  328:-       | 324:ldq     | 324:-       | 324:-       | 324:-       BUS_LOAD  MEM[320] accepted 1
   87:  328:-       | 328:-       | 324:ldq     | 324:-       | 324:-       BUS_LOAD  MEM[320] accepted 1
   88:  328:-       | 328:-       | 328:-       | 324:ldq     | 324:-       BUS_LOAD  MEM[160] accepted 1
   89:  328:-       | 328:-       | 328:-       | 328:-       | 324:ldq     r3=4  BUS_LOAD  MEM[320] accepted 1
   90:  328:addq    | 328:-       | 328:-       | 328:-       | 328:-       BUS_LOAD  MEM[320] accepted 1
   91:  332:-       | 328:addq    | 328:-       | 328:-       | 328:-       BUS_LOAD  MEM[328] accepted 1
   92:  332:-       | 332:-       | 328:addq    | 328:-       | 328:-       BUS_LOAD  MEM[328] accepted 1
   93:  332:-       | 332:-       | 332:-       | 328:addq    | 328:-       BUS_LOAD  MEM[328] accepted 1
   94:  332:-       | 332:-       | 332:-       | 332:-       | 328:addq    r2=10003  BUS_LOAD  MEM[328] accepted 1
   95:  332:stq     | 332:-       | 332:-       | 332:-       | 332:-       BUS_LOAD  MEM[328] accepted 1
   96:  336:-       | 332:stq     | 332:-       | 332:-       | 332:-       BUS_LOAD  MEM[328] accepted 1
   97:  336:-       | 336:-       | 332:stq     | 332:-       | 332:-       BUS_LOAD  MEM[328] accepted 1
   98:  336:-       | 336:-       | 336:-       | 332:stq     | 332:-       BUS_STORE MEM[160] = 10003 accepted 1
   99:  336:-       | 336:-       | 336:-       | 336:-       | 332:stq     BUS_LOAD  MEM[328] accepted 1
  100:  336:addq    | 336:-       | 336:-       | 336:-       | 336:-       BUS_LOAD  MEM[328] accepted 1
  101:  340:-       | 336:addq    | 336:-       | 336:-       | 336:-       BUS_LOAD  MEM[336] accepted 1
  102:  340:-       | 340:-       | 336:addq    | 336:-       | 336:-       BUS_LOAD  MEM[336] accepted 1
  103:  340:-       | 340:-       | 340:-       | 336:addq    | 336:-       BUS_LOAD  MEM[336] accepted 1
  104:  340:-       | 340:-       | 340:-       | 340:-       | 336:addq    r0=24  BUS_LOAD  MEM[336] accepted 1
  105:  340:addq    | 340:-       | 340:-       | 340:-       | 340:-       BUS_LOAD  MEM[336] accepted 1
  106:  344:-       | 340:addq    | 340:-       | 340:-       | 340:-       BUS_LOAD  MEM[336] accepted 1
  107:  344:-       | 344:-       | 340:addq    | 340:-       | 340:-       BUS_LOAD  MEM[336] accepted 1
  108:  344:-       | 344:-       | 344:-       | 340:addq    | 340:-       BUS_LOAD  MEM[336] accepted 1
  109:  344:-       | 344:-       | 344:-       | 344:-       | 340:addq    r1=168  BUS_LOAD  MEM[336] accepted 1
  110:  344:addq    | 344:-       | 344:-       | 344:-       | 344:-       BUS_LOAD  MEM[336] accepted 1
  111:  348:-       | 344:addq    | 344:-       | 344:-       | 344:-       BUS_LOAD  MEM[344] accepted 1
  112:  348:-       | 348:-       | 344:addq    | 344:-       | 344:-       BUS_LOAD  MEM[344] accepted 1
  113:  348:-       | 348:-       | 348:-       | 344:addq    | 344:-       BUS_LOAD  MEM[344] accepted 1
  114:  348:-       | 348:-       | 348:-       | 348:-       | 344:addq    r5=2  BUS_LOAD  MEM[344] accepted 1
  115:  348:cmpult  | 348:-       | 348:-       | 348:-       | 348:-       BUS_LOAD  MEM[344] accepted 1
  116:  352:-       | 348:cmpult  | 348:-       | 348:-       | 348:-       BUS_LOAD  MEM[344] accepted 1
  117:  352:-       | 352:-       | 348:cmpult  | 348:-       | 348:-       BUS_LOAD  MEM[344] accepted 1
  118:  352:-       | 352:-       | 352:-       | 348:cmpult  | 348:-       BUS_LOAD  MEM[344] accepted 1
  119:  352:-       | 352:-       | 352:-       | 352:-       | 348:cmpult  r4=1  BUS_LOAD  MEM[344] accepted 1
  120:  352:bne     | 352:-       | 352:-       | 352:-       | 352:-       BUS_LOAD  MEM[344] accepted 1
  121:  356:-       | 352:bne     | 352:-       | 352:-       | 352:-       BUS_LOAD  MEM[352] accepted 1
  122:  356:-       | 356:-       | 352:bne     | 352:-       | 352:-       BUS_LOAD  MEM[352] accepted 1
  123:  356:-       | 356:-       | 356:-       | 352:bne     | 352:-       BUS_LOAD  MEM[352] accepted 1
  124:  316:-       | 356:-       | 356:-       | 356:-       | 352:bne     BUS_LOAD  MEM[312] accepted 1
  125:  316:ldq     | 316:-       | 356:-       | 356:-       | 356:-       BUS_LOAD  MEM[312] accepted 1
  126:  320:-       | 316:ldq     | 316:-       | 356:-       | 356:-       BUS_LOAD  MEM[312] accepted 1
  127:  320:-       | 320:-       | 316:ldq     | 316:-       | 356:-       BUS_LOAD  MEM[312] accepted 1
  128:  320:-       | 320:-       | 320:-       | 316:ldq     | 316:-       BUS_LOAD  MEM[24] accepted 1
  129:  320:-       | 320:-       | 320:-       | 320:-       | 316:ldq     r2=4  BUS_LOAD  MEM[312] accepted 1
  130:  320:mulq    | 320:-       | 320:-       | 320:-       | 320:-       BUS_LOAD  MEM[312] accepted 1
  131:  324:-       | 320:mulq    | 320:-       | 320:-       | 320:-       BUS_LOAD  MEM[320] accepted 1
  132:  324:-       | 324:-       | 320:mulq    | 320:-       | 320:-       BUS_LOAD  MEM[320] accepted 1
  133:  324:-       | 324:-       | 324:-       | 320:mulq    | 320:-       BUS_LOAD  MEM[320] accepted 1
  134:  324:-       | 324:-       | 324:-       | 324:-       | 320:mulq    r2=39996  BUS_LOAD  MEM[320] accepted 1
  135:  324:ldq     | 324:-       | 324:-       | 324:-       | 324:-       BUS_LOAD  MEM[320] accepted 1
  136:  328:-       | 324:ldq     | 324:-       | 324:-       | 324:-       BUS_LOAD  MEM[320] accepted 1
  137:  328:-       | 328:-       | 324:ldq     | 324:-       | 324:-       BUS_LOAD  MEM[320] accepted 1
  138:  328:-       | 328:-       | 328:-       | 324:ldq     | 324:-       BUS_LOAD  MEM[168] accepted 1
  139:  328:-       | 328:-       | 328:-       | 328:-       | 324:ldq     r3=1  BUS_LOAD  MEM[320] accepted 1
  140:  328:addq    | 328:-       | 328:-       | 328:-       | 328:-       BUS_LOAD  MEM[320] accepted 1
  141:  332:-       | 328:addq    | 328:-       | 328:-       | 328:-       BUS_LOAD  MEM[328] accepted 1
  142:  332:-       | 332:-       | 328:addq    | 328:-       | 328:-       BUS_LOAD  MEM[328] accepted 1
  143:  332:-       | 332:-       | 332:-       | 328:addq    | 328:-       BUS_LOAD  MEM[328] accepted 1
  144:  332:-       | 332:-       | 332:-       | 332:-       | 328:addq    r2=39997  BUS_LOAD  MEM[328] accepted 1
  145:  332:stq     | 332:-       | 332:-       | 332:-       | 332:-       BUS_LOAD  MEM[328] accepted 1
  146:  336:-       | 332:stq     | 332:-       | 332:-       | 332:-       BUS_LOAD  MEM[328] accepted 1
  147:  336:-       | 336:-       | 332:stq     | 332:-       | 332:-       BUS_LOAD  MEM[328] accepted 1
  148:  336:-       | 336:-       | 336:-       | 332:stq     | 332:-       BUS_STORE MEM[168] = 39997 accepted 1
  149:  336:-       | 336:-       | 336:-       | 336:-       | 332:stq     BUS_LOAD  MEM[328] accepted 1
  150:  336:addq    | 336:-       | 336:-       | 336:-       | 336:-       BUS_LOAD  MEM[328] accepted 1
  151:  340:-       | 336:addq    | 336:-       | 336:-       | 336:-       BUS_LOAD  MEM[336] accepted 1
  152:  340:-       | 340:-       | 336:addq    | 336:-       | 336:-       BUS_LOAD  MEM[336] accepted 1
  153:  340:-       | 340:-       | 340:-       | 336:addq    | 336:-       BUS_LOAD  MEM[336] accepted 1
  154:  340:-       | 340:-       | 340:-       | 340:-       | 336:addq    r0=32  BUS_LOAD  MEM[336] accepted 1
  155:  340:addq    | 340:-       | 340:-       | 340:-       | 340:-       BUS_LOAD  MEM[336] accepted 1
  156:  344:-       | 340:addq    | 340:-       | 340:-       | 340:-       BUS_LOAD  MEM[336] accepted 1
  157:  344:-       | 344:-       | 340:addq    | 340:-       | 340:-       BUS_LOAD  MEM[336] accepted 1
  158:  344:-       | 344:-       | 344:-       | 340:addq    | 340:-       BUS_LOAD  MEM[336] accepted 1
  159:  344:-       | 344:-       | 344:-       | 344:-       | 340:addq    r1=176  BUS_LOAD  MEM[336] accepted 1
  160:  344:addq    | 344:-       | 344:-       | 344:-       | 344:-       BUS_LOAD  MEM[336] accepted 1
  161:  348:-       | 344:addq    | 344:-       | 344:-       | 344:-       BUS_LOAD  MEM[344] accepted 1
  162:  348:-       | 348:-       | 344:addq    | 344:-       | 344:-       BUS_LOAD  MEM[344] accepted 1
  163:  348:-       | 348:-       | 348:-       | 344:addq    | 344:-       BUS_LOAD  MEM[344] accepted 1
  164:  348:-       | 348:-       | 348:-       | 348:-       | 344:addq    r5=3  BUS_LOAD  MEM[344] accepted 1
  165:  348:cmpult  | 348:-       | 348:-       | 348:-       | 348:-       BUS_LOAD  MEM[344] accepted 1
  166:  352:-       | 348:cmpult  | 348:-       | 348:-       | 348:-       BUS_LOAD  MEM[344] accepted 1
  167:  352:-       | 352:-       | 348:cmpult  | 348:-       | 348:-       BUS_LOAD  MEM[344] accepted 1
  168:  352:-       | 352:-       | 352:-       | 348:cmpult  | 348:-       BUS_LOAD  MEM[344] accepted 1
  169:  352:-       | 352:-       | 352:-       | 352:-       | 348:cmpult  r4=1  BUS_LOAD  MEM[344] accepted 1
  170:  352:bne     | 352:-       | 352:-       | 352:-       | 352:-       BUS_LOAD  MEM[344] accepted 1
  171:  356:-       | 352:bne     | 352:-       | 352:-       | 352:-       BUS_LOAD  MEM[352] accepted 1
  172:  356:-       | 356:-       | 352:bne     | 352:-       | 352:-       BUS_LOAD  MEM[352] accepted 1
  173:  356:-       | 356:-       | 356:-       | 352:bne     | 352:-       BUS_LOAD  MEM[352] accepted 1
  174:  316:-       | 356:-       | 356:-       | 356:-       | 352:bne     BUS_LOAD  MEM[312] accepted 1
  175:  316:ldq     | 316:-       | 356:-       | 356:-       | 356:-       BUS_LOAD  MEM[312] accepted 1
  176:  320:-       | 316:ldq     | 316:-       | 356:-       | 356:-       BUS_LOAD  MEM[312] accepted 1
  177:  320:-       | 320:-       | 316:ldq     | 316:-       | 356:-       BUS_LOAD  MEM[312] accepted 1
  178:  320:-       | 320:-       | 320:-       | 316:ldq     | 316:-       BUS_LOAD  MEM[32] accepted 1
  179:  320:-       | 320:-       | 320:-       | 320:-       | 316:ldq     r2=1  BUS_LOAD  MEM[312] accepted 1
  180:  320:mulq    | 320:-       | 320:-       | 320:-       | 320:-       BUS_LOAD  MEM[312] accepted 1
  181:  324:-       | 320:mulq    | 320:-       | 320:-       | 320:-       BUS_LOAD  MEM[320] accepted 1
  182:  324:-       | 324:-       | 320:mulq    | 320:-       | 320:-       BUS_LOAD  MEM[320] accepted 1
  183:  324:-       | 324:-       | 324:-       | 320:mulq    | 320:-       BUS_LOAD  MEM[320] accepted 1
  184:  324:-       | 324:-       | 324:-       | 324:-       | 320:mulq    r2=9999  BUS_LOAD  MEM[320] accepted 1
  185:  324:ldq     | 324:-       | 324:-       | 324:-       | 324:-       BUS_LOAD  MEM[320] accepted 1
  186:  328:-       | 324:ldq     | 324:-       | 324:-       | 324:-       BUS_LOAD  MEM[320] accepted 1
  187:  328:-       | 328:-       | 324:ldq     | 324:-       | 324:-       BUS_LOAD  MEM[320] accepted 1
  188:  328:-       | 328:-       | 328:-       | 324:ldq     | 324:-       BUS_LOAD  MEM[176] accepted 1
  189:  328:-       | 328:-       | 328:-       | 328:-       | 324:ldq     r3=4  BUS_LOAD  MEM[320] accepted 1
  190:  328:addq    | 328:-       | 328:-       | 328:-       | 328:-       BUS_LOAD  MEM[320] accepted 1
  191:  332:-       | 328:addq    | 328:-       | 328:-       | 328:-       BUS_LOAD  MEM[328] accepted 1
  192:  332:-       | 332:-       | 328:addq    | 328:-       | 328:-       BUS_LOAD  MEM[328] accepted 1
  193:  332:-       | 332:-       | 332:-       | 328:addq    | 328:-       BUS_LOAD  MEM[328] accepted 1
  194:  332:-       | 332:-       | 332:-       | 332:-       | 328:addq    r2=10003  BUS_LOAD  MEM[328] accepted 1
  195:  332:stq     | 332:-       | 332:-       | 332:-       | 332:-       BUS_LOAD  MEM[328] accepted 1
  196:  336:-       | 332:stq     | 332:-       | 332:-       | 332:-       BUS_LOAD  MEM[328] accepted 1
  197:  336:-       | 336:-       | 332:stq     | 332:-       | 332:-       BUS_LOAD  MEM[328] accepted 1
  198:  336:-       | 336:-       | 336:-       | 332:stq     | 332:-       BUS_STORE MEM[176] = 10003 accepted 1
  199:  336:-       | 336:-       | 336:-       | 336:-       | 332:stq     BUS_LOAD  MEM[328] accepted 1
  200:  336:addq    | 336:-       | 336:-       | 336:-       | 336:-       BUS_LOAD  MEM[328] accepted 1
  201:  340:-       | 336:addq    | 336:-       | 336:-       | 336:-       BUS_LOAD  MEM[336] accepted 1
  202:  340:-       | 340:-       | 336:addq    | 336:-       | 336:-       BUS_LOAD  MEM[336] accepted 1
  203:  340:-       | 340:-       | 340:-       | 336:addq    | 336:-       BUS_LOAD  MEM[336] accepted 1
  204:  340:-       | 340:-       | 340:-       | 340:-       | 336:addq    r0=40  BUS_LOAD  MEM[336] accepted 1
  205:  340:addq    | 340:-       | 340:-       | 340:-       | 340:-       BUS_LOAD  MEM[336] accepted 1
  206:  344:-       | 340:addq    | 340:-       | 340:-       | 340:-       BUS_LOAD  MEM[336] accepted 1
  207:  344:-       | 344:-       | 340:addq    | 340:-       | 340:-       BUS_LOAD  MEM[336] accepted 1
  208:  344:-       | 344:-       | 344:-       | 340:addq    | 340:-       BUS_LOAD  MEM[336] accepted 1
  209:  344:-       | 344:-       | 344:-       | 344:-       | 340:addq    r1=184  BUS_LOAD  MEM[336] accepted 1
  210:  344:addq    | 344:-       | 344:-       | 344:-       | 344:-       BUS_LOAD  MEM[336] accepted 1
  211:  348:-       | 344:addq    | 344:-       | 344:-       | 344:-       BUS_LOAD  MEM[344] accepted 1
  212:  348:-       | 348:-       | 344:addq    | 344:-       | 344:-       BUS_LOAD  MEM[344] accepted 1
  213:  348:-       | 348:-       | 348:-       | 344:addq    | 344:-       BUS_LOAD  MEM[344] accepted 1
  214:  348:-       | 348:-       | 348:-       | 348:-       | 344:addq    r5=4  BUS_LOAD  MEM[344] accepted 1
  215:  348:cmpult  | 348:-       | 348:-       | 348:-       | 348:-       BUS_LOAD  MEM[344] accepted 1
  216:  352:-       | 348:cmpult  | 348:-       | 348:-       | 348:-       BUS_LOAD  MEM[344] accepted 1
  217:  352:-       | 352:-       | 348:cmpult  | 348:-       | 348:-       BUS_LOAD  MEM[344] accepted 1
  218:  352:-       | 352:-       | 352:-       | 348:cmpult  | 348:-       BUS_LOAD  MEM[344] accepted 1
  219:  352:-       | 352:-       | 352:-       | 352:-       | 348:cmpult  r4=1  BUS_LOAD  MEM[344] accepted 1
  220:  352:bne     | 352:-       | 352:-       | 352:-       | 352:-       BUS_LOAD  MEM[344] accepted 1
  221:  356:-       | 352:bne     | 352:-       | 352:-       | 352:-       BUS_LOAD  MEM[352] accepted 1
  222:  356:-       | 356:-       | 352:bne     | 352:-       | 352:-       BUS_LOAD  MEM[352] accepted 1
  223:  356:-       | 356:-       | 356:-       | 352:bne     | 352:-       BUS_LOAD  MEM[352] accepted 1
  224:  316:-       | 356:-       | 356:-       | 356:-       | 352:bne     BUS_LOAD  MEM[312] accepted 1
  225:  316:ldq     | 316:-       | 356:-       | 356:-       | 356:-       BUS_LOAD  MEM[312] accepted 1
  226:  320:-       | 316:ldq     | 316:-       | 356:-       | 356:-       BUS_LOAD  MEM[312] accepted 1
  227:  320:-       | 320:-       | 316:ldq     | 316:-       | 356:-       BUS_LOAD  MEM[312] accepted 1
  228:  320:-       | 320:-       | 320:-       | 316:ldq     | 316:-       BUS_LOAD  MEM[40] accepted 1
  229:  320:-       | 320:-       | 320:-       | 320:-       | 316:ldq     r2=5  BUS_LOAD  MEM[312] accepted 1
  230:  320:mulq    | 320:-       | 320:-       | 320:-       | 320:-       BUS_LOAD  MEM[312] accepted 1
  231:  324:-       | 320:mulq    | 320:-       | 320:-       | 320:-       BUS_LOAD  MEM[320] accepted 1
  232:  324:-       | 324:-       | 320:mulq    | 320:-       | 320:-       BUS_LOAD  MEM[320] accepted 1
  233:  324:-       | 324:-       | 324:-       | 320:mulq    | 320:-       BUS_LOAD  MEM[320] accepted 1
  234:  324:-       | 324:-       | 324:-       | 324:-       | 320:mulq    r2=49995  BUS_LOAD  MEM[320] accepted 1
  235:  324:ldq     | 324:-       | 324:-       | 324:-       | 324:-       BUS_LOAD  MEM[320] accepted 1
  236:  328:-       | 324:ldq     | 324:-       | 324:-       | 324:-       BUS_LOAD  MEM[320] accepted 1
  237:  328:-       | 328:-       | 324:ldq     | 324:-       | 324:-       BUS_LOAD  MEM[320] accepted 1
  238:  328:-       | 328:-       | 328:-       | 324:ldq     | 324:-       BUS_LOAD  MEM[184] accepted 1
  239:  328:-       | 328:-       | 328:-       | 328:-       | 324:ldq     r3=2  BUS_LOAD  MEM[320] accepted 1
  240:  328:addq    | 328:-       | 328:-       | 328:-       | 328:-       BUS_LOAD  MEM[320] accepted 1
  241:  332:-       | 328:addq    | 328:-       | 328:-       | 328:-       BUS_LOAD  MEM[328] accepted 1
  242:  332:-       | 332:-       | 328:addq    | 328:-       | 328:-       BUS_LOAD  MEM[328] accepted 1
  243:  332:-       | 332:-       | 332:-       | 328:addq    | 328:-       BUS_LOAD  MEM[328] accepted 1
  244:  332:-       | 332:-       | 332:-       | 332:-       | 328:addq    r2=49997  BUS_LOAD  MEM[328] accepted 1
  245:  332:stq     | 332:-       | 332:-       | 332:-       | 332:-       BUS_LOAD  MEM[328] accepted 1
  246:  336:-       | 332:stq     | 332:-       | 332:-       | 332:-       BUS_LOAD  MEM[328] accepted 1
  247:  336:-       | 336:-       | 332:stq     | 332:-       | 332:-       BUS_LOAD  MEM[328] accepted 1
  248:  336:-       | 336:-       | 336:-       | 332:stq     | 332:-       BUS_STORE MEM[184] = 49997 accepted 1
  249:  336:-       | 336:-       | 336:-       | 336:-       | 332:stq     BUS_LOAD  MEM[328] accepted 1
  250:  336:addq    | 336:-       | 336:-       | 336:-       | 336:-       BUS_LOAD  MEM[328] accepted 1
  251:  340:-       | 336:addq    | 336:-       | 336:-       | 336:-       BUS_LOAD  MEM[336] accepted 1
  252:  340:-       | 340:-       | 336:addq    | 336:-       | 336:-       BUS_LOAD  MEM[336] accepted 1
  253:  340:-       | 340:-       | 340:-       | 336:addq    | 336:-       BUS_LOAD  MEM[336] accepted 1
  254:  340:-       | 340:-       | 340:-       | 340:-       | 336:addq    r0=48  BUS_LOAD  MEM[336] accepted 1
  255:  340:addq    | 340:-       | 340:-       | 340:-       | 340:-       BUS_LOAD  MEM[336] accepted 1
  256:  344:-       | 340:addq    | 340:-       | 340:-       | 340:-       BUS_LOAD  MEM[336] accepted 1
  257:  344:-       | 344:-       | 340:addq    | 340:-       | 340:-       BUS_LOAD  MEM[336] accepted 1
  258:  344:-       | 344:-       | 344:-       | 340:addq    | 340:-       BUS_LOAD  MEM[336] accepted 1
  259:  344:-       | 344:-       | 344:-       | 344:-       | 340:addq    r1=192  BUS_LOAD  MEM[336] accepted 1
  260:  344:addq    | 344:-       | 344:-       | 344:-       | 344:-       BUS_LOAD  MEM[336] accepted 1
  261:  348:-       | 344:addq    | 344:-       | 344:-       | 344:-       BUS_LOAD  MEM[344] accepted 1
  262:  348:-       | 348:-       | 344:addq    | 344:-       | 344:-       BUS_LOAD  MEM[344] accepted 1
  263:  348:-       | 348:-       | 348:-       | 344:addq    | 344:-       BUS_LOAD  MEM[344] accepted 1
  264:  348:-       | 348:-       | 348:-       | 348:-       | 344:addq    r5=5  BUS_LOAD  MEM[344] accepted 1
  265:  348:cmpult  | 348:-       | 348:-       | 348:-       | 348:-       BUS_LOAD  MEM[344] accepted 1
  266:  352:-       | 348:cmpult  | 348:-       | 348:-       | 348:-       BUS_LOAD  MEM[344] accepted 1
  267:  352:-       | 352:-       | 348:cmpult  | 348:-       | 348:-       BUS_LOAD  MEM[344] accepted 1
  268:  352:-       | 352:-       | 352:-       | 348:cmpult  | 348:-       BUS_LOAD  MEM[344] accepted 1
  269:  352:-       | 352:-       | 352:-       | 352:-       | 348:cmpult  r4=1  BUS_LOAD  MEM[344] accepted 1
  270:  352:bne     | 352:-       | 352:-       | 352:-       | 352:-       BUS_LOAD  MEM[344] accepted 1
  271:  356:-       | 352:bne     | 352:-       | 352:-       | 352:-       BUS_LOAD  MEM[352] accepted 1
  272:  356:-       | 356:-       | 352:bne     | 352:-       | 352:-       BUS_LOAD  MEM[352] accepted 1
  273:  356:-       | 356:-       | 356:-       | 352:bne     | 352:-       BUS_LOAD  MEM[352] accepted 1
  274:  316:-       | 356:-       | 356:-       | 356:-       | 352:bne     BUS_LOAD  MEM[312] accepted 1
  275:  316:ldq     | 316:-       | 356:-       | 356:-       | 356:-       BUS_LOAD  MEM[312] accepted 1
  276:  320:-       | 316:ldq     | 316:-       | 356:-       | 356:-       BUS_LOAD  MEM[312] accepted 1
  277:  320:-       | 320:-       | 316:ldq     | 316:-       | 356:-       BUS_LOAD  MEM[312] accepted 1
  278:  320:-       | 320:-       | 320:-       | 316:ldq     | 316:-       BUS_LOAD  MEM[48] accepted 1
  279:  320:-       | 320:-       | 320:-       | 320:-       | 316:ldq     r2=9  BUS_LOAD  MEM[312] accepted 1
  280:  320:mulq    | 320:-       | 320:-       | 320:-       | 320:-       BUS_LOAD  MEM[312] accepted 1
  281:  324:-       | 320:mulq    | 320:-       | 320:-       | 320:-       BUS_LOAD  MEM[320] accepted 1
  282:  324:-       | 324:-       | 320:mulq    | 320:-       | 320:-       BUS_LOAD  MEM[320] accepted 1
  283:  324:-       | 324:-       | 324:-       | 320:mulq    | 320:-       BUS_LOAD  MEM[320] accepted 1
  284:  324:-       | 324:-       | 324:-       | 324:-       | 320:mulq    r2=89991  BUS_LOAD  MEM[320] accepted 1
  285:  324:ldq     | 324:-       | 324:-       | 324:-       | 324:-       BUS_LOAD  MEM[320] accepted 1
  286:  328:-       | 324:ldq     | 324:-       | 324:-       | 324:-       BUS_LOAD  MEM[320] accepted 1
  287:  328:-       | 328:-       | 324:ldq     | 324:-       | 324:-       BUS_LOAD  MEM[320] accepted 1
  288:  328:-       | 328:-       | 328:-       | 324:ldq     | 324:-       BUS_LOAD  MEM[192] accepted 1
  289:  328:-       | 328:-       | 328:-       | 328:-       | 324:ldq     r3=1  BUS_LOAD  MEM[320] accepted 1
  290:  328:addq    | 328:-       | 328:-       | 328:-       | 328:-       BUS_LOAD  MEM[320] accepted 1
  291:  332:-       | 328:addq    | 328:-       | 328:-       | 328:-       BUS_LOAD  MEM[328] accepted 1
  292:  332:-       | 332:-       | 328:addq    | 328:-       | 328:-       BUS_LOAD  MEM[328] accepted 1
  293:  332:-       | 332:-       | 332:-       | 328:addq    | 328:-       BUS_LOAD  MEM[328] accepted 1
  294:  332:-       | 332:-       | 332:-       | 332:-       | 328:addq    r2=89992  BUS_LOAD  MEM[328] accepted 1
  295:  332:stq     | 332:-       | 332:-       | 332:-       | 332:-       BUS_LOAD  MEM[328] accepted 1
  296:  336:-       | 332:stq     | 332:-       | 332:-       | 332:-       BUS_LOAD  MEM[328] accepted 1
  297:  336:-       | 336:-       | 332:stq     | 332:-       | 332:-       BUS_LOAD  MEM[328] accepted 1
  298:  336:-       | 336:-       | 336:-       | 332:stq     | 332:-       BUS_STORE MEM[192] = 89992 accepted 1
  299:  336:-       | 336:-       | 336:-       | 336:-       | 332:stq     BUS_LOAD  MEM[328] accepted 1
  300:  336:addq    | 336:-       | 336:-       | 336:-       | 336:-       BUS_LOAD  MEM[328] accepted 1
  301:  340:-       | 336:addq    | 336:-       | 336:-       | 336:-       BUS_LOAD  MEM[336] accepted 1
  302:  340:-       | 340:-       | 336:addq    | 336:-       | 336:-       BUS_LOAD  MEM[336] accepted 1
  303:  340:-       | 340:-       | 340:-       | 336:addq    | 336:-       BUS_LOAD  MEM[336] accepted 1
  304:  340:-       | 340:-       | 340:-       | 340:-       | 336:addq    r0=56  BUS_LOAD  MEM[336] accepted 1
  305:  340:addq    | 340:-       | 340:-       | 340:-       | 340:-       BUS_LOAD  MEM[336] accepted 1
  306:  344:-       | 340:addq    | 340:-       | 340:-       | 340:-       BUS_LOAD  MEM[336] accepted 1
  307:  344:-       | 344:-       | 340:addq    | 340:-       | 340:-       BUS_LOAD  MEM[336] accepted 1
  308:  344:-       | 344:-       | 344:-       | 340:addq    | 340:-       BUS_LOAD  MEM[336] accepted 1
  309:  344:-       | 344:-       | 344:-       | 344:-       | 340:addq    r1=200  BUS_LOAD  MEM[336] accepted 1
  310:  344:addq    | 344:-       | 344:-       | 344:-       | 344:-       BUS_LOAD  MEM[336] accepted 1
  311:  348:-       | 344:addq    | 344:-       | 344:-       | 344:-       BUS_LOAD  MEM[344] accepted 1
  312:  348:-       | 348:-       | 344:addq    | 344:-       | 344:-       BUS_LOAD  MEM[344] accepted 1
  313:  348:-       | 348:-       | 348:-       | 344:addq    | 344:-       BUS_LOAD  MEM[344] accepted 1
  314:  348:-       | 348:-       | 348:-       | 348:-       | 344:addq    r5=6  BUS_LOAD  MEM[344] accepted 1
  315:  348:cmpult  | 348:-       | 348:-       | 348:-       | 348:-       BUS_LOAD  MEM[344] accepted 1
  316:  352:-       | 348:cmpult  | 348:-       | 348:-       | 348:-       BUS_LOAD  MEM[344] accepted 1
  317:  352:-       | 352:-       | 348:cmpult  | 348:-       | 348:-       BUS_LOAD  MEM[344] accepted 1
  318:  352:-       | 352:-       | 352:-       | 348:cmpult  | 348:-       BUS_LOAD  MEM[344] accepted 1
  319:  352:-       | 352:-       | 352:-       | 352:-       | 348:cmpult  r4=1  BUS_LOAD  MEM[344] accepted 1
  320:  352:bne     | 352:-       | 352:-       | 352:-       | 352:-       BUS_LOAD  MEM[344] accepted 1
  321:  356:-       | 352:bne     | 352:-       | 352:-       | 352:-       BUS_LOAD  MEM[352] accepted 1
  322:  356:-       | 356:-       | 352:bne     | 352:-       | 352:-       BUS_LOAD  MEM[352] accepted 1
  323:  356:-       | 356:-       | 356:-       | 352:bne     | 352:-       BUS_LOAD  MEM[352] accepted 1
  324:  316:-       | 356:-       | 356:-       | 356:-       | 352:bne     BUS_LOAD  MEM[312] accepted 1
  325:  316:ldq     | 316:-       | 356:-       | 356:-       | 356:-       BUS_LOAD  MEM[312] accepted 1
  326:  320:-       | 316:ldq     | 316:-       | 356:-       | 356:-       BUS_LOAD  MEM[312] accepted 1
  327:  320:-       | 320:-       | 316:ldq     | 316:-       | 356:-       BUS_LOAD  MEM[312] accepted 1
  328:  320:-       | 320:-       | 320:-       | 316:ldq     | 316:-       BUS_LOAD  MEM[56] accepted 1
  329:  320:-       | 320:-       | 320:-       | 320:-       | 316:ldq     r2=2  BUS_LOAD  MEM[312] accepted 1
  330:  320:mulq    | 320:-       | 320:-       | 320:-       | 320:-       BUS_LOAD  MEM[312] accepted 1
  331:  324:-       | 320:mulq    | 320:-       | 320:-       | 320:-       BUS_LOAD  MEM[320] accepted 1
  332:  324:-       | 324:-       | 320:mulq    | 320:-       | 320:-       BUS_LOAD  MEM[320] accepted 1
  333:  324:-       | 324:-       | 324:-       | 320:mulq    | 320:-       BUS_LOAD  MEM[320] accepted 1
  334:  324:-       | 324:-       | 324:-       | 324:-       | 320:mulq    r2=19998  BUS_LOAD  MEM[320] accepted 1
  335:  324:ldq     | 324:-       | 324:-       | 324:-       | 324:-       BUS_LOAD  MEM[320] accepted 1
  336:  328:-       | 324:ldq     | 324:-       | 324:-       | 324:-       BUS_LOAD  MEM[320] accepted 1
  337:  328:-       | 328:-       | 324:ldq     | 324:-       | 324:-       BUS_LOAD  MEM[320] accepted 1
  338:  328:-       | 328:-       | 328:-       | 324:ldq     | 324:-       BUS_LOAD  MEM[200] accepted 1
  339:  328:-       | 328:-       | 328:-       | 328:-       | 324:ldq     r3=3  BUS_LOAD  MEM[320] accepted 1
  340:  328:addq    | 328:-       | 328:-       | 328:-       | 328:-       BUS_LOAD  MEM[320] accepted 1
  341:  332:-       | 328:addq    | 328:-       | 328:-       | 328:-       BUS_LOAD  MEM[328] accepted 1
  342:  332:-       | 332:-       | 328:addq    | 328:-       | 328:-       BUS_LOAD  MEM[328] accepted 1
  343:  332:-       | 332:-       | 332:-       | 328:addq    | 328:-       BUS_LOAD  MEM[328] accepted 1
  344:  332:-       | 332:-       | 332:-       | 332:-       | 328:addq    r2=20001  BUS_LOAD  MEM[328] accepted 1
  345:  332:stq     | 332:-       | 332:-       | 332:-       | 332:-       BUS_LOAD  MEM[328] accepted 1
  346:  336:-       | 332:stq     | 332:-       | 332:-       | 332:-       BUS_LOAD  MEM[328] accepted 1
  347:  336:-       | 336:-       | 332:stq     | 332:-       | 332:-       BUS_LOAD  MEM[328] accepted 1
  348:  336:-       | 336:-       | 336:-       | 332:stq     | 332:-       BUS_STORE MEM[200] = 20001 accepted 1
  349:  336:-       | 336:-       | 336:-       | 336:-       | 332:stq     BUS_LOAD  MEM[328] accepted 1
  350:  336:addq    | 336:-       | 336:-       | 336:-       | 336:-       BUS_LOAD  MEM[328] accepted 1
  351:  340:-       | 336:addq    | 336:-       | 336:-       | 336:-       BUS_LOAD  MEM[336] accepted 1
  352:  340:-       | 340:-       | 336:addq    | 336:-       | 336:-       BUS_LOAD  MEM[336] accepted 1
  353:  340:-       | 340:-       | 340:-       | 336:addq    | 336:-       BUS_LOAD  MEM[336] accepted 1
  354:  340:-       | 340:-       | 340:-       | 340:-       | 336:addq    r0=64  BUS_LOAD  MEM[336] accepted 1
  355:  340:addq    | 340:-       | 340:-       | 340:-       | 340:-       BUS_LOAD  MEM[336] accepted 1
  356:  344:-       | 340:addq    | 340:-       | 340:-       | 340:-       BUS_LOAD  MEM[336] accepted 1
  357:  344:-       | 344:-       | 340:addq    | 340:-       | 340:-       BUS_LOAD  MEM[336] accepted 1
  358:  344:-       | 344:-       | 344:-       | 340:addq    | 340:-       BUS_LOAD  MEM[336] accepted 1
  359:  344:-       | 344:-       | 344:-       | 344:-       | 340:addq    r1=208  BUS_LOAD  MEM[336] accepted 1
  360:  344:addq    | 344:-       | 344:-       | 344:-       | 344:-       BUS_LOAD  MEM[336] accepted 1
  361:  348:-       | 344:addq    | 344:-       | 344:-       | 344:-       BUS_LOAD  MEM[344] accepted 1
  362:  348:-       | 348:-       | 344:addq    | 344:-       | 344:-       BUS_LOAD  MEM[344] accepted 1
  363:  348:-       | 348:-       | 348:-       | 344:addq    | 344:-       BUS_LOAD  MEM[344] accepted 1
  364:  348:-       | 348:-       | 348:-       | 348:-       | 344:addq    r5=7  BUS_LOAD  MEM[344] accepted 1
  365:  348:cmpult  | 348:-       | 348:-       | 348:-       | 348:-       BUS_LOAD  MEM[344] accepted 1
  366:  352:-       | 348:cmpult  | 348:-       | 348:-       | 348:-       BUS_LOAD  MEM[344] accepted 1
  367:  352:-       | 352:-       | 348:cmpult  | 348:-       | 348:-       BUS_LOAD  MEM[344] accepted 1
  368:  352:-       | 352:-       | 352:-       | 348:cmpult  | 348:-       BUS_LOAD  MEM[344] accepted 1
  369:  352:-       | 352:-       | 352:-       | 352:-       | 348:cmpult  r4=1  BUS_LOAD  MEM[344] accepted 1
  370:  352:bne     | 352:-       | 352:-       | 352:-       | 352:-       BUS_LOAD  MEM[344] accepted 1
  371:  356:-       | 352:bne     | 352:-       | 352:-       | 352:-       BUS_LOAD  MEM[352] accepted 1
  372:  356:-       | 356:-       | 352:bne     | 352:-       | 352:-       BUS_LOAD  MEM[352] accepted 1
  373:  356:-       | 356:-       | 356:-       | 352:bne     | 352:-       BUS_LOAD  MEM[352] accepted 1
  374:  316:-       | 356:-       | 356:-       | 356:-       | 352:bne     BUS_LOAD  MEM[312] accepted 1
  375:  316:ldq     | 316:-       | 356:-       | 356:-       | 356:-       BUS_LOAD  MEM[312] accepted 1
  376:  320:-       | 316:ldq     | 316:-       | 356:-       | 356:-       BUS_LOAD  MEM[312] accepted 1
  377:  320:-       | 320:-       | 316:ldq     | 316:-       | 356:-       BUS_LOAD  MEM[312] accepted 1
  378:  320:-       | 320:-       | 320:-       | 316:ldq     | 316:-       BUS_LOAD  MEM[64] accepted 1
  379:  320:-       | 320:-       | 320:-       | 320:-       | 316:ldq     r2=6  BUS_LOAD  MEM[312] accepted 1
  380:  320:mulq    | 320:-       | 320:-       | 320:-       | 320:-       BUS_LOAD  MEM[312] accepted 1
  381:  324:-       | 320:mulq    | 320:-       | 320:-       | 320:-       BUS_LOAD  MEM[320] accepted 1
  382:  324:-       | 324:-       | 320:mulq    | 320:-       | 320:-       BUS_LOAD  MEM[320] accepted 1
  383:  324:-       | 324:-       | 324:-       | 320:mulq    | 320:-       BUS_LOAD  MEM[320] accepted 1
  384:  324:-       | 324:-       | 324:-       | 324:-       | 320:mulq    r2=59994  BUS_LOAD  MEM[320] accepted 1
  385:  324:ldq     | 324:-       | 324:-       | 324:-       | 324:-       BUS_LOAD  MEM[320] accepted 1
  386:  328:-       | 324:ldq     | 324:-       | 324:-       | 324:-       BUS_LOAD  MEM[320] accepted 1
  387:  328:-       | 328:-       | 324:ldq     | 324:-       | 324:-       BUS_LOAD  MEM[320] accepted 1
  388:  328:-       | 328:-       | 328:-       | 324:ldq     | 324:-       BUS_LOAD  MEM[208] accepted 1
  389:  328:-       | 328:-       | 328:-       | 328:-       | 324:ldq     r3=5  BUS_LOAD  MEM[320] accepted 1
  390:  328:addq    | 328:-       | 328:-       | 328:-       | 328:-       BUS_LOAD  MEM[320] accepted 1
  391:  332:-       | 328:addq    | 328:-       | 328:-       | 328:-       BUS_LOAD  MEM[328] accepted 1
  392:  332:-       | 332:-       | 328:addq    | 328:-       | 328:-       BUS_LOAD  MEM[328] accepted 1
  393:  332:-       | 332:-       | 332:-       | 328:addq    | 328:-       BUS_LOAD  MEM[328] accepted 1
  394:  332:-       | 332:-       | 332:-       | 332:-       | 328:addq    r2=59999  BUS_LOAD  MEM[328] accepted 1
  395:  332:stq     | 332:-       | 332:-       | 332:-       | 332:-       BUS_LOAD  MEM[328] accepted 1
  396:  336:-       | 332:stq     | 332:-       | 332:-       | 332:-       BUS_LOAD  MEM[328] accepted 1
  397:  336:-       | 336:-       | 332:stq     | 332:-       | 332:-       BUS_LOAD  MEM[328] accepted 1
  398:  336:-       | 336:-       | 336:-       | 332:stq     | 332:-       BUS_STORE MEM[208] = 59999 accepted 1
  399:  336:-       | 336:-       | 336:-       | 336:-       | 332:stq     BUS_LOAD  MEM[328] accepted 1
  400:  336:addq    | 336:-       | 336:-       | 336:-       | 336:-       BUS_LOAD  MEM[328] accepted 1
  401:  340:-       | 336:addq    | 336:-       | 336:-       | 336:-       BUS_LOAD  MEM[336] accepted 1
  402:  340:-       | 340:-       | 336:addq    | 336:-       | 336:-       BUS_LOAD  MEM[336] accepted 1
  403:  340:-       | 340:-       | 340:-       | 336:addq    | 336:-       BUS_LOAD  MEM[336] accepted 1
  404:  340:-       | 340:-       | 340:-       | 340:-       | 336:addq    r0=72  BUS_LOAD  MEM[336] accepted 1
  405:  340:addq    | 340:-       | 340:-       | 340:-       | 340:-       BUS_LOAD  MEM[336] accepted 1
  406:  344:-       | 340:addq    | 340:-       | 340:-       | 340:-       BUS_LOAD  MEM[336] accepted 1
  407:  344:-       | 344:-       | 340:addq    | 340:-       | 340:-       BUS_LOAD  MEM[336] accepted 1
  408:  344:-       | 344:-       | 344:-       | 340:addq    | 340:-       BUS_LOAD  MEM[336] accepted 1
  409:  344:-       | 344:-       | 344:-       | 344:-       | 340:addq    r1=216  BUS_LOAD  MEM[336] accepted 1
  410:  344:addq    | 344:-       | 344:-       | 344:-       | 344:-       BUS_LOAD  MEM[336] accepted 1
  411:  348:-       | 344:addq    | 344:-       | 344:-       | 344:-       BUS_LOAD  MEM[344] accepted 1
  412:  348:-       | 348:-       | 344:addq    | 344:-       | 344:-       BUS_LOAD  MEM[344] accepted 1
  413:  348:-       | 348:-       | 348:-       | 344:addq    | 344:-       BUS_LOAD  MEM[344] accepted 1
  414:  348:-       | 348:-       | 348:-       | 348:-       | 344:addq    r5=8  BUS_LOAD  MEM[344] accepted 1
  415:  348:cmpult  | 348:-       | 348:-       | 348:-       | 348:-       BUS_LOAD  MEM[344] accepted 1
  416:  352:-       | 348:cmpult  | 348:-       | 348:-       | 348:-       BUS_LOAD  MEM[344] accepted 1
  417:  352:-       | 352:-       | 348:cmpult  | 348:-       | 348:-       BUS_LOAD  MEM[344] accepted 1
  418:  352:-       | 352:-       | 352:-       | 348:cmpult  | 348:-       BUS_LOAD  MEM[344] accepted 1
  419:  352:-       | 352:-       | 352:-       | 352:-       | 348:cmpult  r4=1  BUS_LOAD  MEM[344] accepted 1
  420:  352:bne     | 352:-       | 352:-       | 352:-       | 352:-       BUS_LOAD  MEM[344] accepted 1
  421:  356:-       | 352:bne     | 352:-       | 352:-       | 352:-       BUS_LOAD  MEM[352] accepted 1
  422:  356:-       | 356:-       | 352:bne     | 352:-       | 352:-       BUS_LOAD  MEM[352] accepted 1
  423:  356:-       | 356:-       | 356:-       | 352:bne     | 352:-       BUS_LOAD  MEM[352] accepted 1
  424:  316:-       | 356:-       | 356:-       | 356:-       | 352:bne     BUS_LOAD  MEM[312] accepted 1
  425:  316:ldq     | 316:-       | 356:-       | 356:-       | 356:-       BUS_LOAD  MEM[312] accepted 1
  426:  320:-       | 316:ldq     | 316:-       | 356:-       | 356:-       BUS_LOAD  MEM[312] accepted 1
  427:  320:-       | 320:-       | 316:ldq     | 316:-       | 356:-       BUS_LOAD  MEM[312] accepted 1
  428:  320:-       | 320:-       | 320:-       | 316:ldq     | 316:-       BUS_LOAD  MEM[72] accepted 1
  429:  320:-       | 320:-       | 320:-       | 320:-       | 316:ldq     r2=5  BUS_LOAD  MEM[312] accepted 1
  430:  320:mulq    | 320:-       | 320:-       | 320:-       | 320:-       BUS_LOAD  MEM[312] accepted 1
  431:  324:-       | 320:mulq    | 320:-       | 320:-       | 320:-       BUS_LOAD  MEM[320] accepted 1
  432:  324:-       | 324:-       | 320:mulq    | 320:-       | 320:-       BUS_LOAD  MEM[320] accepted 1
  433:  324:-       | 324:-       | 324:-       | 320:mulq    | 320:-       BUS_LOAD  MEM[320] accepted 1
  434:  324:-       | 324:-       | 324:-       | 324:-       | 320:mulq    r2=49995  BUS_LOAD  MEM[320] accepted 1
  435:  324:ldq     | 324:-       | 324:-       | 324:-       | 324:-       BUS_LOAD  MEM[320] accepted 1
  436:  328:-       | 324:ldq     | 324:-       | 324:-       | 324:-       BUS_LOAD  MEM[320] accepted 1
  437:  328:-       | 328:-       | 324:ldq     | 324:-       | 324:-       BUS_LOAD  MEM[320] accepted 1
  438:  328:-       | 328:-       | 328:-       | 324:ldq     | 324:-       BUS_LOAD  MEM[216] accepted 1
  439:  328:-       | 328:-       | 328:-       | 328:-       | 324:ldq     r3=6  BUS_LOAD  MEM[320] accepted 1
  440:  328:addq    | 328:-       | 328:-       | 328:-       | 328:-       BUS_LOAD  MEM[320] accepted 1
  441:  332:-       | 328:addq    | 328:-       | 328:-       | 328:-       BUS_LOAD  MEM[328] accepted 1
  442:  332:-       | 332:-       | 328:addq    | 328:-       | 328:-       BUS_LOAD  MEM[328] accepted 1
  443:  332:-       | 332:-       | 332:-       | 328:addq    | 328:-       BUS_LOAD  MEM[328] accepted 1
  444:  332:-       | 332:-       | 332:-       | 332:-       | 328:addq    r2=50001  BUS_LOAD  MEM[328] accepted 1
  445:  332:stq     | 332:-       | 332:-       | 332:-       | 332:-       BUS_LOAD  MEM[328] accepted 1
  446:  336:-       | 332:stq     | 332:-       | 332:-       | 332:-       BUS_LOAD  MEM[328] accepted 1
  447:  336:-       | 336:-       | 332:stq     | 332:-       | 332:-       BUS_LOAD  MEM[328] accepted 1
  448:  336:-       | 336:-       | 336:-       | 332:stq     | 332:-       BUS_STORE MEM[216] = 50001 accepted 1
  449:  336:-       | 336:-       | 336:-       | 336:-       | 332:stq     BUS_LOAD  MEM[328] accepted 1
  450:  336:addq    | 336:-       | 336:-       | 336:-       | 336:-       BUS_LOAD  MEM[328] accepted 1
  451:  340:-       | 336:addq    | 336:-       | 336:-       | 336:-       BUS_LOAD  MEM[336] accepted 1
  452:  340:-       | 340:-       | 336:addq    | 336:-       | 336:-       BUS_LOAD  MEM[336] accepted 1
  453:  340:-       | 340:-       | 340:-       | 336:addq    | 336:-       BUS_LOAD  MEM[336] accepted 1
  454:  340:-       | 340:-       | 340:-       | 340:-       | 336:addq    r0=80  BUS_LOAD  MEM[336] accepted 1
  455:  340:addq    | 340:-       | 340:-       | 340:-       | 340:-       BUS_LOAD  MEM[336] accepted 1
  456:  344:-       | 340:addq    | 340:-       | 340:-       | 340:-       BUS_LOAD  MEM[336] accepted 1
  457:  344:-       | 344:-       | 340:addq    | 340:-       | 340:-       BUS_LOAD  MEM[336] accepted 1
  458:  344:-       | 344:-       | 344:-       | 340:addq    | 340:-       BUS_LOAD  MEM[336] accepted 1
  459:  344:-       | 344:-       | 344:-       | 344:-       | 340:addq    r1=224  BUS_LOAD  MEM[336] accepted 1
  460:  344:addq    | 344:-       | 344:-       | 344:-       | 344:-       BUS_LOAD  MEM[336] accepted 1
  461:  348:-       | 344:addq    | 344:-       | 344:-       | 344:-       BUS_LOAD  MEM[344] accepted 1
  462:  348:-       | 348:-       | 344:addq    | 344:-       | 344:-       BUS_LOAD  MEM[344] accepted 1
  463:  348:-       | 348:-       | 348:-       | 344:addq    | 344:-       BUS_LOAD  MEM[344] accepted 1
  464:  348:-       | 348:-       | 348:-       | 348:-       | 344:addq    r5=9  BUS_LOAD  MEM[344] accepted 1
  465:  348:cmpult  | 348:-       | 348:-       | 348:-       | 348:-       BUS_LOAD  MEM[344] accepted 1
  466:  352:-       | 348:cmpult  | 348:-       | 348:-       | 348:-       BUS_LOAD  MEM[344] accepted 1
  467:  352:-       | 352:-       | 348:cmpult  | 348:-       | 348:-       BUS_LOAD  MEM[344] accepted 1
  468:  352:-       | 352:-       | 352:-       | 348:cmpult  | 348:-       BUS_LOAD  MEM[344] accepted 1
  469:  352:-       | 352:-       | 352:-       | 352:-       | 348:cmpult  r4=1  BUS_LOAD  MEM[344] accepted 1
  470:  352:bne     | 352:-       | 352:-       | 352:-       | 352:-       BUS_LOAD  MEM[344] accepted 1
  471:  356:-       | 352:bne     | 352:-       | 352:-       | 352:-       BUS_LOAD  MEM[352] accepted 1
  472:  356:-       | 356:-       | 352:bne     | 352:-       | 352:-       BUS_LOAD  MEM[352] accepted 1
  473:  356:-       | 356:-       | 356:-       | 352:bne     | 352:-       BUS_LOAD  MEM[352] accepted 1
  474:  316:-       | 356:-       | 356:-       | 356:-       | 352:bne     BUS_LOAD  MEM[312] accepted 1
  475:  316:ldq     | 316:-       | 356:-       | 356:-       | 356:-       BUS_LOAD  MEM[312] accepted 1
  476:  320:-       | 316:ldq     | 316:-       | 356:-       | 356:-       BUS_LOAD  MEM[312] accepted 1
  477:  320:-       | 320:-       | 316:ldq     | 316:-       | 356:-       BUS_LOAD  MEM[312] accepted 1
  478:  320:-       | 320:-       | 320:-       | 316:ldq     | 316:-       BUS_LOAD  MEM[80] accepted 1
  479:  320:-       | 320:-       | 320:-       | 320:-       | 316:ldq     r2=3  BUS_LOAD  MEM[312] accepted 1
  480:  320:mulq    | 320:-       | 320:-       | 320:-       | 320:-       BUS_LOAD  MEM[312] accepted 1
  481:  324:-       | 320:mulq    | 320:-       | 320:-       | 320:-       BUS_LOAD  MEM[320] accepted 1
  482:  324:-       | 324:-       | 320:mulq    | 320:-       | 320:-       BUS_LOAD  MEM[320] accepted 1
  483:  324:-       | 324:-       | 324:-       | 320:mulq    | 320:-       BUS_LOAD  MEM[320] accepted 1
  484:  324:-       | 324:-       | 324:-       | 324:-       | 320:mulq    r2=29997  BUS_LOAD  MEM[320] accepted 1
  485:  324:ldq     | 324:-       | 324:-       | 324:-       | 324:-       BUS_LOAD  MEM[320] accepted 1
  486:  328:-       | 324:ldq     | 324:-       | 324:-       | 324:-       BUS_LOAD  MEM[320] accepted 1
  487:  328:-       | 328:-       | 324:ldq     | 324:-       | 324:-       BUS_LOAD  MEM[320] accepted 1
  488:  328:-       | 328:-       | 328:-       | 324:ldq     | 324:-       BUS_LOAD  MEM[224] accepted 1
  489:  328:-       | 328:-       | 328:-       | 328:-       | 324:ldq     r3=2  BUS_LOAD  MEM[320] accepted 1
  490:  328:addq    | 328:-       | 328:-       | 328:-       | 328:-       BUS_LOAD  MEM[320] accepted 1
  491:  332:-       | 328:addq    | 328:-       | 328:-       | 328:-       BUS_LOAD  MEM[328] accepted 1
  492:  332:-       | 332:-       | 328:addq    | 328:-       | 328:-       BUS_LOAD  MEM[328] accepted 1
  493:  332:-       | 332:-       | 332:-       | 328:addq    | 328:-       BUS_LOAD  MEM[328] accepted 1
  494:  332:-       | 332:-       | 332:-       | 332:-       | 328:addq    r2=29999  BUS_LOAD  MEM[328] accepted 1
  495:  332:stq     | 332:-       | 332:-       | 332:-       | 332:-       BUS_LOAD  MEM[328] accepted 1
  496:  336:-       | 332:stq     | 332:-       | 332:-       | 332:-       BUS_LOAD  MEM[328] accepted 1
  497:  336:-       | 336:-       | 332:stq     | 332:-       | 332:-       BUS_LOAD  MEM[328] accepted 1
  498:  336:-       | 336:-       | 336:-       | 332:stq     | 332:-       BUS_STORE MEM[224] = 29999 accepted 1
  499:  336:-       | 336:-       | 336:-       | 336:-       | 332:stq     BUS_LOAD  MEM[328] accepted 1
  500:  336:addq    | 336:-       | 336:-       | 336:-       | 336:-       BUS_LOAD  MEM[328] accepted 1
  501:  340:-       | 336:addq    | 336:-       | 336:-       | 336:-       BUS_LOAD  MEM[336] accepted 1
  502:  340:-       | 340:-       | 336:addq    | 336:-       | 336:-       BUS_LOAD  MEM[336] accepted 1
  503:  340:-       | 340:-       | 340:-       | 336:addq    | 336:-       BUS_LOAD  MEM[336] accepted 1
  504:  340:-       | 340:-       | 340:-       | 340:-       | 336:addq    r0=88  BUS_LOAD  MEM[336] accepted 1
  505:  340:addq    | 340:-       | 340:-       | 340:-       | 340:-       BUS_LOAD  MEM[336] accepted 1
  506:  344:-       | 340:addq    | 340:-       | 340:-       | 340:-       BUS_LOAD  MEM[336] accepted 1
  507:  344:-       | 344:-       | 340:addq    | 340:-       | 340:-       BUS_LOAD  MEM[336] accepted 1
  508:  344:-       | 344:-       | 344:-       | 340:addq    | 340:-       BUS_LOAD  MEM[336] accepted 1
  509:  344:-       | 344:-       | 344:-       | 344:-       | 340:addq    r1=232  BUS_LOAD  MEM[336] accepted 1
  510:  344:addq    | 344:-       | 344:-       | 344:-       | 344:-       BUS_LOAD  MEM[336] accepted 1
  511:  348:-       | 344:addq    | 344:-       | 344:-       | 344:-       BUS_LOAD  MEM[344] accepted 1
  512:  348:-       | 348:-       | 344:addq    | 344:-       | 344:-       BUS_LOAD  MEM[344] accepted 1
  513:  348:-       | 348:-       | 348:-       | 344:addq    | 344:-       BUS_LOAD  MEM[344] accepted 1
  514:  348:-       | 348:-       | 348:-       | 348:-       | 344:addq    r5=10  BUS_LOAD  MEM[344] accepted 1
  515:  348:cmpult  | 348:-       | 348:-       | 348:-       | 348:-       BUS_LOAD  MEM[344] accepted 1
  516:  352:-       | 348:cmpult  | 348:-       | 348:-       | 348:-       BUS_LOAD  MEM[344] accepted 1
  517:  352:-       | 352:-       | 348:cmpult  | 348:-       | 348:-       BUS_LOAD  MEM[344] accepted 1
  518:  352:-       | 352:-       | 352:-       | 348:cmpult  | 348:-       BUS_LOAD  MEM[344] accepted 1
  519:  352:-       | 352:-       | 352:-       | 352:-       | 348:cmpult  r4=1  BUS_LOAD  MEM[344] accepted 1
  520:  352:bne     | 352:-       | 352:-       | 352:-       | 352:-       BUS_LOAD  MEM[344] accepted 1
  521:  356:-       | 352:bne     | 352:-       | 352:-       | 352:-       BUS_LOAD  MEM[352] accepted 1
  522:  356:-       | 356:-       | 352:bne     | 352:-       | 352:-       BUS_LOAD  MEM[352] accepted 1
  523:  356:-       | 356:-       | 356:-       | 352:bne     | 352:-       BUS_LOAD  MEM[352] accepted 1
  524:  316:-       | 356:-       | 356:-       | 356:-       | 352:bne     BUS_LOAD  MEM[312] accepted 1
  525:  316:ldq     | 316:-       | 356:-       | 356:-       | 356:-       BUS_LOAD  MEM[312] accepted 1
  526:  320:-       | 316:ldq     | 316:-       | 356:-       | 356:-       BUS_LOAD  MEM[312] accepted 1
  527:  320:-       | 320:-       | 316:ldq     | 316:-       | 356:-       BUS_LOAD  MEM[312] accepted 1
  528:  320:-       | 320:-       | 320:-       | 316:ldq     | 316:-       BUS_LOAD  MEM[88] accepted 1
  529:  320:-       | 320:-       | 320:-       | 320:-       | 316:ldq     r2=5  BUS_LOAD  MEM[312] accepted 1
  530:  320:mulq    | 320:-       | 320:-       | 320:-       | 320:-       BUS_LOAD  MEM[312] accepted 1
  531:  324:-       | 320:mulq    | 320:-       | 320:-       | 320:-       BUS_LOAD  MEM[320] accepted 1
  532:  324:-       | 324:-       | 320:mulq    | 320:-       | 320:-       BUS_LOAD  MEM[320] accepted 1
  533:  324:-       | 324:-       | 324:-       | 320:mulq    | 320:-       BUS_LOAD  MEM[320] accepted 1
  534:  324:-       | 324:-       | 324:-       | 324:-       | 320:mulq    r2=49995  BUS_LOAD  MEM[320] accepted 1
  535:  324:ldq     | 324:-       | 324:-       | 324:-       | 324:-       BUS_LOAD  MEM[320] accepted 1
  536:  328:-       | 324:ldq     | 324:-       | 324:-       | 324:-       BUS_LOAD  MEM[320] accepted 1
  537:  328:-       | 328:-       | 324:ldq     | 324:-       | 324:-       BUS_LOAD  MEM[320] accepted 1
  538:  328:-       | 328:-       | 328:-       | 324:ldq     | 324:-       BUS_LOAD  MEM[232] accepted 1
  539:  328:-       | 328:-       | 328:-       | 328:-       | 324:ldq     r3=3  BUS_LOAD  MEM[320] accepted 1
  540:  328:addq    | 328:-       | 328:-       | 328:-       | 328:-       BUS_LOAD  MEM[320] accepted 1
  541:  332:-       | 328:addq    | 328:-       | 328:-       | 328:-       BUS_LOAD  MEM[328] accepted 1
  542:  332:-       | 332:-       | 328:addq    | 328:-       | 328:-       BUS_LOAD  MEM[328] accepted 1
  543:  332:-       | 332:-       | 332:-       | 328:addq    | 328:-       BUS_LOAD  MEM[328] accepted 1
  544:  332:-       | 332:-       | 332:-       | 332:-       | 328:addq    r2=49998  BUS_LOAD  MEM[328] accepted 1
  545:  332:stq     | 332:-       | 332:-       | 332:-       | 332:-       BUS_LOAD  MEM[328] accepted 1
  546:  336:-       | 332:stq     | 332:-       | 332:-       | 332:-       BUS_LOAD  MEM[328] accepted 1
  547:  336:-       | 336:-       | 332:stq     | 332:-       | 332:-       BUS_LOAD  MEM[328] accepted 1
  548:  336:-       | 336:-       | 336:-       | 332:stq     | 332:-       BUS_STORE MEM[232] = 49998 accepted 1
  549:  336:-       | 336:-       | 336:-       | 336:-       | 332:stq     BUS_LOAD  MEM[328] accepted 1
  550:  336:addq    | 336:-       | 336:-       | 336:-       | 336:-       BUS_LOAD  MEM[328] accepted 1
  551:  340:-       | 336:addq    | 336:-       | 336:-       | 336:-       BUS_LOAD  MEM[336] accepted 1
  552:  340:-       | 340:-       | 336:addq    | 336:-       | 336:-       BUS_LOAD  MEM[336] accepted 1
  553:  340:-       | 340:-       | 340:-       | 336:addq    | 336:-       BUS_LOAD  MEM[336] accepted 1
  554:  340:-       | 340:-       | 340:-       | 340:-       | 336:addq    r0=96  BUS_LOAD  MEM[336] accepted 1
  555:  340:addq    | 340:-       | 340:-       | 340:-       | 340:-       BUS_LOAD  MEM[336] accepted 1
  556:  344:-       | 340:addq    | 340:-       | 340:-       | 340:-       BUS_LOAD  MEM[336] accepted 1
  557:  344:-       | 344:-       | 340:addq    | 340:-       | 340:-       BUS_LOAD  MEM[336] accepted 1
  558:  344:-       | 344:-       | 344:-       | 340:addq    | 340:-       BUS_LOAD  MEM[336] accepted 1
  559:  344:-       | 344:-       | 344:-       | 344:-       | 340:addq    r1=240  BUS_LOAD  MEM[336] accepted 1
  560:  344:addq    | 344:-       | 344:-       | 344:-       | 344:-       BUS_LOAD  MEM[336] accepted 1
  561:  348:-       | 344:addq    | 344:-       | 344:-       | 344:-       BUS_LOAD  MEM[344] accepted 1
  562:  348:-       | 348:-       | 344:addq    | 344:-       | 344:-       BUS_LOAD  MEM[344] accepted 1
  563:  348:-       | 348:-       | 348:-       | 344:addq    | 344:-       BUS_LOAD  MEM[344] accepted 1
  564:  348:-       | 348:-       | 348:-       | 348:-       | 344:addq    r5=11  BUS_LOAD  MEM[344] accepted 1
  565:  348:cmpult  | 348:-       | 348:-       | 348:-       | 348:-       BUS_LOAD  MEM[344] accepted 1
  566:  352:-       | 348:cmpult  | 348:-       | 348:-       | 348:-       BUS_LOAD  MEM[344] accepted 1
  567:  352:-       | 352:-       | 348:cmpult  | 348:-       | 348:-       BUS_LOAD  MEM[344] accepted 1
  568:  352:-       | 352:-       | 352:-       | 348:cmpult  | 348:-       BUS_LOAD  MEM[344] accepted 1
  569:  352:-       | 352:-       | 352:-       | 352:-       | 348:cmpult  r4=1  BUS_LOAD  MEM[344] accepted 1
  570:  352:bne     | 352:-       | 352:-       | 352:-       | 352:-       BUS_LOAD  MEM[344] accepted 1
  571:  356:-       | 352:bne     | 352:-       | 352:-       | 352:-       BUS_LOAD  MEM[352] accepted 1
  572:  356:-       | 356:-       | 352:bne     | 352:-       | 352:-       BUS_LOAD  MEM[352] accepted 1
  573:  356:-       | 356:-       | 356:-       | 352:bne     | 352:-       BUS_LOAD  MEM[352] accepted 1
  574:  316:-       | 356:-       | 356:-       | 356:-       | 352:bne     BUS_LOAD  MEM[312] accepted 1
  575:  316:ldq     | 316:-       | 356:-       | 356:-       | 356:-       BUS_LOAD  MEM[312] accepted 1
  576:  320:-       | 316:ldq     | 316:-       | 356:-       | 356:-       BUS_LOAD  MEM[312] accepted 1
  577:  320:-       | 320:-       | 316:ldq     | 316:-       | 356:-       BUS_LOAD  MEM[312] accepted 1
  578:  320:-       | 320:-       | 320:-       | 316:ldq     | 316:-       BUS_LOAD  MEM[96] accepted 1
  579:  320:-       | 320:-       | 320:-       | 320:-       | 316:ldq     r2=8  BUS_LOAD  MEM[312] accepted 1
  580:  320:mulq    | 320:-       | 320:-       | 320:-       | 320:-       BUS_LOAD  MEM[312] accepted 1
  581:  324:-       | 320:mulq    | 320:-       | 320:-       | 320:-       BUS_LOAD  MEM[320] accepted 1
  582:  324:-       | 324:-       | 320:mulq    | 320:-       | 320:-       BUS_LOAD  MEM[320] accepted 1
  583:  324:-       | 324:-       | 324:-       | 320:mulq    | 320:-       BUS_LOAD  MEM[320] accepted 1
  584:  324:-       | 324:-       | 324:-       | 324:-       | 320:mulq    r2=79992  BUS_LOAD  MEM[320] accepted 1
  585:  324:ldq     | 324:-       | 324:-       | 324:-       | 324:-       BUS_LOAD  MEM[320] accepted 1
  586:  328:-       | 324:ldq     | 324:-       | 324:-       | 324:-       BUS_LOAD  MEM[320] accepted 1
  587:  328:-       | 328:-       | 324:ldq     | 324:-       | 324:-       BUS_LOAD  MEM[320] accepted 1
  588:  328:-       | 328:-       | 328:-       | 324:ldq     | 324:-       BUS_LOAD  MEM[240] accepted 1
  589:  328:-       | 328:-       | 328:-       | 328:-       | 324:ldq     r3=7  BUS_LOAD  MEM[320] accepted 1
  590:  328:addq    | 328:-       | 328:-       | 328:-       | 328:-       BUS_LOAD  MEM[320] accepted 1
  591:  332:-       | 328:addq    | 328:-       | 328:-       | 328:-       BUS_LOAD  MEM[328] accepted 1
  592:  332:-       | 332:-       | 328:addq    | 328:-       | 328:-       BUS_LOAD  MEM[328] accepted 1
  593:  332:-       | 332:-       | 332:-       | 328:addq    | 328:-       BUS_LOAD  MEM[328] accepted 1
  594:  332:-       | 332:-       | 332:-       | 332:-       | 328:addq    r2=79999  BUS_LOAD  MEM[328] accepted 1
  595:  332:stq     | 332:-       | 332:-       | 332:-       | 332:-       BUS_LOAD  MEM[328] accepted 1
  596:  336:-       | 332:stq     | 332:-       | 332:-       | 332:-       BUS_LOAD  MEM[328] accepted 1
  597:  336:-       | 336:-       | 332:stq     | 332:-       | 332:-       BUS_LOAD  MEM[328] accepted 1
  598:  336:-       | 336:-       | 336:-       | 332:stq     | 332:-       BUS_STORE MEM[240] = 79999 accepted 1
  599:  336:-       | 336:-       | 336:-       | 336:-       | 332:stq     BUS_LOAD  MEM[328] accepted 1
  600:  336:addq    | 336:-       | 336:-       | 336:-       | 336:-       BUS_LOAD  MEM[328] accepted 1
  601:  340:-       | 336:addq    | 336:-       | 336:-       | 336:-       BUS_LOAD  MEM[336] accepted 1
  602:  340:-       | 340:-       | 336:addq    | 336:-       | 336:-       BUS_LOAD  MEM[336] accepted 1
  603:  340:-       | 340:-       | 340:-       | 336:addq    | 336:-       BUS_LOAD  MEM[336] accepted 1
  604:  340:-       | 340:-       | 340:-       | 340:-       | 336:addq    r0=104  BUS_LOAD  MEM[336] accepted 1
  605:  340:addq    | 340:-       | 340:-       | 340:-       | 340:-       BUS_LOAD  MEM[336] accepted 1
  606:  344:-       | 340:addq    | 340:-       | 340:-       | 340:-       BUS_LOAD  MEM[336] accepted 1
  607:  344:-       | 344:-       | 340:addq    | 340:-       | 340:-       BUS_LOAD  MEM[336] accepted 1
  608:  344:-       | 344:-       | 344:-       | 340:addq    | 340:-       BUS_LOAD  MEM[336] accepted 1
  609:  344:-       | 344:-       | 344:-       | 344:-       | 340:addq    r1=248  BUS_LOAD  MEM[336] accepted 1
  610:  344:addq    | 344:-       | 344:-       | 344:-       | 344:-       BUS_LOAD  MEM[336] accepted 1
  611:  348:-       | 344:addq    | 344:-       | 344:-       | 344:-       BUS_LOAD  MEM[344] accepted 1
  612:  348:-       | 348:-       | 344:addq    | 344:-       | 344:-       BUS_LOAD  MEM[344] accepted 1
  613:  348:-       | 348:-       | 348:-       | 344:addq    | 344:-       BUS_LOAD  MEM[344] accepted 1
  614:  348:-       | 348:-       | 348:-       | 348:-       | 344:addq    r5=12  BUS_LOAD  MEM[344] accepted 1
  615:  348:cmpult  | 348:-       | 348:-       | 348:-       | 348:-       BUS_LOAD  MEM[344] accepted 1
  616:  352:-       | 348:cmpult  | 348:-       | 348:-       | 348:-       BUS_LOAD  MEM[344] accepted 1
  617:  352:-       | 352:-       | 348:cmpult  | 348:-       | 348:-       BUS_LOAD  MEM[344] accepted 1
  618:  352:-       | 352:-       | 352:-       | 348:cmpult  | 348:-       BUS_LOAD  MEM[344] accepted 1
  619:  352:-       | 352:-       | 352:-       | 352:-       | 348:cmpult  r4=1  BUS_LOAD  MEM[344] accepted 1
  620:  352:bne     | 352:-       | 352:-       | 352:-       | 352:-       BUS_LOAD  MEM[344] accepted 1
  621:  356:-       | 352:bne     | 352:-       | 352:-       | 352:-       BUS_LOAD  MEM[352] accepted 1
  622:  356:-       | 356:-       | 352:bne     | 352:-       | 352:-       BUS_LOAD  MEM[352] accepted 1
  623:  356:-       | 356:-       | 356:-       | 352:bne     | 352:-       BUS_LOAD  MEM[352] accepted 1
  624:  316:-       | 356:-       | 356:-       | 356:-       | 352:bne     BUS_LOAD  MEM[312] accepted 1
  625:  316:ldq     | 316:-       | 356:-       | 356:-       | 356:-       BUS_LOAD  MEM[312] accepted 1
  626:  320:-       | 316:ldq     | 316:-       | 356:-       | 356:-       BUS_LOAD  MEM[312] accepted 1
  627:  320:-       | 320:-       | 316:ldq     | 316:-       | 356:-       BUS_LOAD  MEM[312] accepted 1
  628:  320:-       | 320:-       | 320:-       | 316:ldq     | 316:-       BUS_LOAD  MEM[104] accepted 1
  629:  320:-       | 320:-       | 320:-       | 320:-       | 316:ldq     r2=9  BUS_LOAD  MEM[312] accepted 1
  630:  320:mulq    | 320:-       | 320:-       | 320:-       | 320:-       BUS_LOAD  MEM[312] accepted 1
  631:  324:-       | 320:mulq    | 320:-       | 320:-       | 320:-       BUS_LOAD  MEM[320] accepted 1
  632:  324:-       | 324:-       | 320:mulq    | 320:-       | 320:-       BUS_LOAD  MEM[320] accepted 1
  633:  324:-       | 324:-       | 324:-       | 320:mulq    | 320:-       BUS_LOAD  MEM[320] accepted 1
  634:  324:-       | 324:-       | 324:-       | 324:-       | 320:mulq    r2=89991  BUS_LOAD  MEM[320] accepted 1
  635:  324:ldq     | 324:-       | 324:-       | 324:-       | 324:-       BUS_LOAD  MEM[320] accepted 1
  636:  328:-       | 324:ldq     | 324:-       | 324:-       | 324:-       BUS_LOAD  MEM[320] accepted 1
  637:  328:-       | 328:-       | 324:ldq     | 324:-       | 324:-       BUS_LOAD  MEM[320] accepted 1
  638:  328:-       | 328:-       | 328:-       | 324:ldq     | 324:-       BUS_LOAD  MEM[248] accepted 1
  639:  328:-       | 328:-       | 328:-       | 328:-       | 324:ldq     r3=3  BUS_LOAD  MEM[320] accepted 1
  640:  328:addq    | 328:-       | 328:-       | 328:-       | 328:-       BUS_LOAD  MEM[320] accepted 1
  641:  332:-       | 328:addq    | 328:-       | 328:-       | 328:-       BUS_LOAD  MEM[328] accepted 1
  642:  332:-       | 332:-       | 328:addq    | 328:-       | 328:-       BUS_LOAD  MEM[328] accepted 1
  643:  332:-       | 332:-       | 332:-       | 328:addq    | 328:-       BUS_LOAD  MEM[328] accepted 1
  644:  332:-       | 332:-       | 332:-       | 332:-       | 328:addq    r2=89994  BUS_LOAD  MEM[328] accepted 1
  645:  332:stq     | 332:-       | 332:-       | 332:-       | 332:-       BUS_LOAD  MEM[328] accepted 1
  646:  336:-       | 332:stq     | 332:-       | 332:-       | 332:-       BUS_LOAD  MEM[328] accepted 1
  647:  336:-       | 336:-       | 332:stq     | 332:-       | 332:-       BUS_LOAD  MEM[328] accepted 1
  648:  336:-       | 336:-       | 336:-       | 332:stq     | 332:-       BUS_STORE MEM[248] = 89994 accepted 1
  649:  336:-       | 336:-       | 336:-       | 336:-       | 332:stq     BUS_LOAD  MEM[328] accepted 1
  650:  336:addq    | 336:-       | 336:-       | 336:-       | 336:-       BUS_LOAD  MEM[328] accepted 1
  651:  340:-       | 336:addq    | 336:-       | 336:-       | 336:-       BUS_LOAD  MEM[336] accepted 1
  652:  340:-       | 340:-       | 336:addq    | 336:-       | 336:-       BUS_LOAD  MEM[336] accepted 1
  653:  340:-       | 340:-       | 340:-       | 336:addq    | 336:-       BUS_LOAD  MEM[336] accepted 1
  654:  340:-       | 340:-       | 340:-       | 340:-       | 336:addq    r0=112  BUS_LOAD  MEM[336] accepted 1
  655:  340:addq    | 340:-       | 340:-       | 340:-       | 340:-       BUS_LOAD  MEM[336] accepted 1
  656:  344:-       | 340:addq    | 340:-       | 340:-       | 340:-       BUS_LOAD  MEM[336] accepted 1
  657:  344:-       | 344:-       | 340:addq    | 340:-       | 340:-       BUS_LOAD  MEM[336] accepted 1
  658:  344:-       | 344:-       | 344:-       | 340:addq    | 340:-       BUS_LOAD  MEM[336] accepted 1
  659:  344:-       | 344:-       | 344:-       | 344:-       | 340:addq    r1=256  BUS_LOAD  MEM[336] accepted 1
  660:  344:addq    | 344:-       | 344:-       | 344:-       | 344:-       BUS_LOAD  MEM[336] accepted 1
  661:  348:-       | 344:addq    | 344:-       | 344:-       | 344:-       BUS_LOAD  MEM[344] accepted 1
  662:  348:-       | 348:-       | 344:addq    | 344:-       | 344:-       BUS_LOAD  MEM[344] accepted 1
  663:  348:-       | 348:-       | 348:-       | 344:addq    | 344:-       BUS_LOAD  MEM[344] accepted 1
  664:  348:-       | 348:-       | 348:-       | 348:-       | 344:addq    r5=13  BUS_LOAD  MEM[344] accepted 1
  665:  348:cmpult  | 348:-       | 348:-       | 348:-       | 348:-       BUS_LOAD  MEM[344] accepted 1
  666:  352:-       | 348:cmpult  | 348:-       | 348:-       | 348:-       BUS_LOAD  MEM[344] accepted 1
  667:  352:-       | 352:-       | 348:cmpult  | 348:-       | 348:-       BUS_LOAD  MEM[344] accepted 1
  668:  352:-       | 352:-       | 352:-       | 348:cmpult  | 348:-       BUS_LOAD  MEM[344] accepted 1
  669:  352:-       | 352:-       | 352:-       | 352:-       | 348:cmpult  r4=1  BUS_LOAD  MEM[344] accepted 1
  670:  352:bne     | 352:-       | 352:-       | 352:-       | 352:-       BUS_LOAD  MEM[344] accepted 1
  671:  356:-       | 352:bne     | 352:-       | 352:-       | 352:-       BUS_LOAD  MEM[352] accepted 1
  672:  356:-       | 356:-       | 352:bne     | 352:-       | 352:-       BUS_LOAD  MEM[352] accepted 1
  673:  356:-       | 356:-       | 356:-       | 352:bne     | 352:-       BUS_LOAD  MEM[352] accepted 1
  674:  316:-       | 356:-       | 356:-       | 356:-       | 352:bne     BUS_LOAD  MEM[312] accepted 1
  675:  316:ldq     | 316:-       | 356:-       | 356:-       | 356:-       BUS_LOAD  MEM[312] accepted 1
  676:  320:-       | 316:ldq     | 316:-       | 356:-       | 356:-       BUS_LOAD  MEM[312] accepted 1
  677:  320:-       | 320:-       | 316:ldq     | 316:-       | 356:-       BUS_LOAD  MEM[312] accepted 1
  678:  320:-       | 320:-       | 320:-       | 316:ldq     | 316:-       BUS_LOAD  MEM[112] accepted 1
  679:  320:-       | 320:-       | 320:-       | 320:-       | 316:ldq     r2=7  BUS_LOAD  MEM[312] accepted 1
  680:  320:mulq    | 320:-       | 320:-       | 320:-       | 320:-       BUS_LOAD  MEM[312] accepted 1
  681:  324:-       | 320:mulq    | 320:-       | 320:-       | 320:-       BUS_LOAD  MEM[320] accepted 1
  682:  324:-       | 324:-       | 320:mulq    | 320:-       | 320:-       BUS_LOAD  MEM[320] accepted 1
  683:  324:-       | 324:-       | 324:-       | 320:mulq    | 320:-       BUS_LOAD  MEM[320] accepted 1
  684:  324:-       | 324:-       | 324:-       | 324:-       | 320:mulq    r2=69993  BUS_LOAD  MEM[320] accepted 1
  685:  324:ldq     | 324:-       | 324:-       | 324:-       | 324:-       BUS_LOAD  MEM[320] accepted 1
  686:  328:-       | 324:ldq     | 324:-       | 324:-       | 324:-       BUS_LOAD  MEM[320] accepted 1
  687:  328:-       | 328:-       | 324:ldq     | 324:-       | 324:-       BUS_LOAD  MEM[320] accepted 1
  688:  328:-       | 328:-       | 328:-       | 324:ldq     | 324:-       BUS_LOAD  MEM[256] accepted 1
  689:  328:-       | 328:-       | 328:-       | 328:-       | 324:ldq     r3=0  BUS_LOAD  MEM[320] accepted 1
  690:  328:addq    | 328:-       | 328:-       | 328:-       | 328:-       BUS_LOAD  MEM[320] accepted 1
  691:  332:-       | 328:addq    | 328:-       | 328:-       | 328:-       BUS_LOAD  MEM[328] accepted 1
  692:  332:-       | 332:-       | 328:addq    | 328:-       | 328:-       BUS_LOAD  MEM[328] accepted 1
  693:  332:-       | 332:-       | 332:-       | 328:addq    | 328:-       BUS_LOAD  MEM[328] accepted 1
  694:  332:-       | 332:-       | 332:-       | 332:-       | 328:addq    r2=69993  BUS_LOAD  MEM[328] accepted 1
  695:  332:stq     | 332:-       | 332:-       | 332:-       | 332:-       BUS_LOAD  MEM[328] accepted 1
  696:  336:-       | 332:stq     | 332:-       | 332:-       | 332:-       BUS_LOAD  MEM[328] accepted 1
  697:  336:-       | 336:-       | 332:stq     | 332:-       | 332:-       BUS_LOAD  MEM[328] accepted 1
  698:  336:-       | 336:-       | 336:-       | 332:stq     | 332:-       BUS_STORE MEM[256] = 69993 accepted 1
  699:  336:-       | 336:-       | 336:-       | 336:-       | 332:stq     BUS_LOAD  MEM[328] accepted 1
  700:  336:addq    | 336:-       | 336:-       | 336:-       | 336:-       BUS_LOAD  MEM[328] accepted 1
  701:  340:-       | 336:addq    | 336:-       | 336:-       | 336:-       BUS_LOAD  MEM[336] accepted 1
  702:  340:-       | 340:-       | 336:addq    | 336:-       | 336:-       BUS_LOAD  MEM[336] accepted 1
  703:  340:-       | 340:-       | 340:-       | 336:addq    | 336:-       BUS_LOAD  MEM[336] accepted 1
  704:  340:-       | 340:-       | 340:-       | 340:-       | 336:addq    r0=120  BUS_LOAD  MEM[336] accepted 1
  705:  340:addq    | 340:-       | 340:-       | 340:-       | 340:-       BUS_LOAD  MEM[336] accepted 1
  706:  344:-       | 340:addq    | 340:-       | 340:-       | 340:-       BUS_LOAD  MEM[336] accepted 1
  707:  344:-       | 344:-       | 340:addq    | 340:-       | 340:-       BUS_LOAD  MEM[336] accepted 1
  708:  344:-       | 344:-       | 344:-       | 340:addq    | 340:-       BUS_LOAD  MEM[336] accepted 1
  709:  344:-       | 344:-       | 344:-       | 344:-       | 340:addq    r1=264  BUS_LOAD  MEM[336] accepted 1
  710:  344:addq    | 344:-       | 344:-       | 344:-       | 344:-       BUS_LOAD  MEM[336] accepted 1
  711:  348:-       | 344:addq    | 344:-       | 344:-       | 344:-       BUS_LOAD  MEM[344] accepted 1
  712:  348:-       | 348:-       | 344:addq    | 344:-       | 344:-       BUS_LOAD  MEM[344] accepted 1
  713:  348:-       | 348:-       | 348:-       | 344:addq    | 344:-       BUS_LOAD  MEM[344] accepted 1
  714:  348:-       | 348:-       | 348:-       | 348:-       | 344:addq    r5=14  BUS_LOAD  MEM[344] accepted 1
  715:  348:cmpult  | 348:-       | 348:-       | 348:-       | 348:-       BUS_LOAD  MEM[344] accepted 1
  716:  352:-       | 348:cmpult  | 348:-       | 348:-       | 348:-       BUS_LOAD  MEM[344] accepted 1
  717:  352:-       | 352:-       | 348:cmpult  | 348:-       | 348:-       BUS_LOAD  MEM[344] accepted 1
  718:  352:-       | 352:-       | 352:-       | 348:cmpult  | 348:-       BUS_LOAD  MEM[344] accepted 1
  719:  352:-       | 352:-       | 352:-       | 352:-       | 348:cmpult  r4=1  BUS_LOAD  MEM[344] accepted 1
  720:  352:bne     | 352:-       | 352:-       | 352:-       | 352:-       BUS_LOAD  MEM[344] accepted 1
  721:  356:-       | 352:bne     | 352:-       | 352:-       | 352:-       BUS_LOAD  MEM[352] accepted 1
  722:  356:-       | 356:-       | 352:bne     | 352:-       | 352:-       BUS_LOAD  MEM[352] accepted 1
  723:  356:-       | 356:-       | 356:-       | 352:bne     | 352:-       BUS_LOAD  MEM[352] accepted 1
  724:  316:-       | 356:-       | 356:-       | 356:-       | 352:bne     BUS_LOAD  MEM[312] accepted 1
  725:  316:ldq     | 316:-       | 356:-       | 356:-       | 356:-       BUS_LOAD  MEM[312] accepted 1
  726:  320:-       | 316:ldq     | 316:-       | 356:-       | 356:-       BUS_LOAD  MEM[312] accepted 1
  727:  320:-       | 320:-       | 316:ldq     | 316:-       | 356:-       BUS_LOAD  MEM[312] accepted 1
  728:  320:-       | 320:-       | 320:-       | 316:ldq     | 316:-       BUS_LOAD  MEM[120] accepted 1
  729:  320:-       | 320:-       | 320:-       | 320:-       | 316:ldq     r2=9  BUS_LOAD  MEM[312] accepted 1
  730:  320:mulq    | 320:-       | 320:-       | 320:-       | 320:-       BUS_LOAD  MEM[312] accepted 1
  731:  324:-       | 320:mulq    | 320:-       | 320:-       | 320:-       BUS_LOAD  MEM[320] accepted 1
  732:  324:-       | 324:-       | 320:mulq    | 320:-       | 320:-       BUS_LOAD  MEM[320] accepted 1
  733:  324:-       | 324:-       | 324:-       | 320:mulq    | 320:-       BUS_LOAD  MEM[320] accepted 1
  734:  324:-       | 324:-       | 324:-       | 324:-       | 320:mulq    r2=89991  BUS_LOAD  MEM[320] accepted 1
  735:  324:ldq     | 324:-       | 324:-       | 324:-       | 324:-       BUS_LOAD  MEM[320] accepted 1
  736:  328:-       | 324:ldq     | 324:-       | 324:-       | 324:-       BUS_LOAD  MEM[320] accepted 1
  737:  328:-       | 328:-       | 324:ldq     | 324:-       | 324:-       BUS_LOAD  MEM[320] accepted 1
  738:  328:-       | 328:-       | 328:-       | 324:ldq     | 324:-       BUS_LOAD  MEM[264] accepted 1
  739:  328:-       | 328:-       | 328:-       | 328:-       | 324:ldq     r3=9  BUS_LOAD  MEM[320] accepted 1
  740:  328:addq    | 328:-       | 328:-       | 328:-       | 328:-       BUS_LOAD  MEM[320] accepted 1
  741:  332:-       | 328:addq    | 328:-       | 328:-       | 328:-       BUS_LOAD  MEM[328] accepted 1
  742:  332:-       | 332:-       | 328:addq    | 328:-       | 328:-       BUS_LOAD  MEM[328] accepted 1
  743:  332:-       | 332:-       | 332:-       | 328:addq    | 328:-       BUS_LOAD  MEM[328] accepted 1
  744:  332:-       | 332:-       | 332:-       | 332:-       | 328:addq    r2=90000  BUS_LOAD  MEM[328] accepted 1
  745:  332:stq     | 332:-       | 332:-       | 332:-       | 332:-       BUS_LOAD  MEM[328] accepted 1
  746:  336:-       | 332:stq     | 332:-       | 332:-       | 332:-       BUS_LOAD  MEM[328] accepted 1
  747:  336:-       | 336:-       | 332:stq     | 332:-       | 332:-       BUS_LOAD  MEM[328] accepted 1
  748:  336:-       | 336:-       | 336:-       | 332:stq     | 332:-       BUS_STORE MEM[264] = 90000 accepted 1
  749:  336:-       | 336:-       | 336:-       | 336:-       | 332:stq     BUS_LOAD  MEM[328] accepted 1
  750:  336:addq    | 336:-       | 336:-       | 336:-       | 336:-       BUS_LOAD  MEM[328] accepted 1
  751:  340:-       | 336:addq    | 336:-       | 336:-       | 336:-       BUS_LOAD  MEM[336] accepted 1
  752:  340:-       | 340:-       | 336:addq    | 336:-       | 336:-       BUS_LOAD  MEM[336] accepted 1
  753:  340:-       | 340:-       | 340:-       | 336:addq    | 336:-       BUS_LOAD  MEM[336] accepted 1
  754:  340:-       | 340:-       | 340:-       | 340:-       | 336:addq    r0=128  BUS_LOAD  MEM[336] accepted 1
  755:  340:addq    | 340:-       | 340:-       | 340:-       | 340:-       BUS_LOAD  MEM[336] accepted 1
  756:  344:-       | 340:addq    | 340:-       | 340:-       | 340:-       BUS_LOAD  MEM[336] accepted 1
  757:  344:-       | 344:-       | 340:addq    | 340:-       | 340:-       BUS_LOAD  MEM[336] accepted 1
  758:  344:-       | 344:-       | 344:-       | 340:addq    | 340:-       BUS_LOAD  MEM[336] accepted 1
  759:  344:-       | 344:-       | 344:-       | 344:-       | 340:addq    r1=272  BUS_LOAD  MEM[336] accepted 1
  760:  344:addq    | 344:-       | 344:-       | 344:-       | 344:-       BUS_LOAD  MEM[336] accepted 1
  761:  348:-       | 344:addq    | 344:-       | 344:-       | 344:-       BUS_LOAD  MEM[344] accepted 1
  762:  348:-       | 348:-       | 344:addq    | 344:-       | 344:-       BUS_LOAD  MEM[344] accepted 1
  763:  348:-       | 348:-       | 348:-       | 344:addq    | 344:-       BUS_LOAD  MEM[344] accepted 1
  764:  348:-       | 348:-       | 348:-       | 348:-       | 344:addq    r5=15  BUS_LOAD  MEM[344] accepted 1
  765:  348:cmpult  | 348:-       | 348:-       | 348:-       | 348:-       BUS_LOAD  MEM[344] accepted 1
  766:  352:-       | 348:cmpult  | 348:-       | 348:-       | 348:-       BUS_LOAD  MEM[344] accepted 1
  767:  352:-       | 352:-       | 348:cmpult  | 348:-       | 348:-       BUS_LOAD  MEM[344] accepted 1
  768:  352:-       | 352:-       | 352:-       | 348:cmpult  | 348:-       BUS_LOAD  MEM[344] accepted 1
  769:  352:-       | 352:-       | 352:-       | 352:-       | 348:cmpult  r4=1  BUS_LOAD  MEM[344] accepted 1
  770:  352:bne     | 352:-       | 352:-       | 352:-       | 352:-       BUS_LOAD  MEM[344] accepted 1
  771:  356:-       | 352:bne     | 352:-       | 352:-       | 352:-       BUS_LOAD  MEM[352] accepted 1
  772:  356:-       | 356:-       | 352:bne     | 352:-       | 352:-       BUS_LOAD  MEM[352] accepted 1
  773:  356:-       | 356:-       | 356:-       | 352:bne     | 352:-       BUS_LOAD  MEM[352] accepted 1
  774:  316:-       | 356:-       | 356:-       | 356:-       | 352:bne     BUS_LOAD  MEM[312] accepted 1
  775:  316:ldq     | 316:-       | 356:-       | 356:-       | 356:-       BUS_LOAD  MEM[312] accepted 1
  776:  320:-       | 316:ldq     | 316:-       | 356:-       | 356:-       BUS_LOAD  MEM[312] accepted 1
  777:  320:-       | 320:-       | 316:ldq     | 316:-       | 356:-       BUS_LOAD  MEM[312] accepted 1
  778:  320:-       | 320:-       | 320:-       | 316:ldq     | 316:-       BUS_LOAD  MEM[128] accepted 1
  779:  320:-       | 320:-       | 320:-       | 320:-       | 316:ldq     r2=3  BUS_LOAD  MEM[312] accepted 1
  780:  320:mulq    | 320:-       | 320:-       | 320:-       | 320:-       BUS_LOAD  MEM[312] accepted 1
  781:  324:-       | 320:mulq    | 320:-       | 320:-       | 320:-       BUS_LOAD  MEM[320] accepted 1
  782:  324:-       | 324:-       | 320:mulq    | 320:-       | 320:-       BUS_LOAD  MEM[320] accepted 1
  783:  324:-       | 324:-       | 324:-       | 320:mulq    | 320:-       BUS_LOAD  MEM[320] accepted 1
  784:  324:-       | 324:-       | 324:-       | 324:-       | 320:mulq    r2=29997  BUS_LOAD  MEM[320] accepted 1
  785:  324:ldq     | 324:-       | 324:-       | 324:-       | 324:-       BUS_LOAD  MEM[320] accepted 1
  786:  328:-       | 324:ldq     | 324:-       | 324:-       | 324:-       BUS_LOAD  MEM[320] accepted 1
  787:  328:-       | 328:-       | 324:ldq     | 324:-       | 324:-       BUS_LOAD  MEM[320] accepted 1
  788:  328:-       | 328:-       | 328:-       | 324:ldq     | 324:-       BUS_LOAD  MEM[272] accepted 1
  789:  328:-       | 328:-       | 328:-       | 328:-       | 324:ldq     r3=5  BUS_LOAD  MEM[320] accepted 1
  790:  328:addq    | 328:-       | 328:-       | 328:-       | 328:-       BUS_LOAD  MEM[320] accepted 1
  791:  332:-       | 328:addq    | 328:-       | 328:-       | 328:-       BUS_LOAD  MEM[328] accepted 1
  792:  332:-       | 332:-       | 328:addq    | 328:-       | 328:-       BUS_LOAD  MEM[328] accepted 1
  793:  332:-       | 332:-       | 332:-       | 328:addq    | 328:-       BUS_LOAD  MEM[328] accepted 1
  794:  332:-       | 332:-       | 332:-       | 332:-       | 328:addq    r2=30002  BUS_LOAD  MEM[328] accepted 1
  795:  332:stq     | 332:-       | 332:-       | 332:-       | 332:-       BUS_LOAD  MEM[328] accepted 1
  796:  336:-       | 332:stq     | 332:-       | 332:-       | 332:-       BUS_LOAD  MEM[328] accepted 1
  797:  336:-       | 336:-       | 332:stq     | 332:-       | 332:-       BUS_LOAD  MEM[328] accepted 1
  798:  336:-       | 336:-       | 336:-       | 332:stq     | 332:-       BUS_STORE MEM[272] = 30002 accepted 1
  799:  336:-       | 336:-       | 336:-       | 336:-       | 332:stq     BUS_LOAD  MEM[328] accepted 1
  800:  336:addq    | 336:-       | 336:-       | 336:-       | 336:-       BUS_LOAD  MEM[328] accepted 1
  801:  340:-       | 336:addq    | 336:-       | 336:-       | 336:-       BUS_LOAD  MEM[336] accepted 1
  802:  340:-       | 340:-       | 336:addq    | 336:-       | 336:-       BUS_LOAD  MEM[336] accepted 1
  803:  340:-       | 340:-       | 340:-       | 336:addq    | 336:-       BUS_LOAD  MEM[336] accepted 1
  804:  340:-       | 340:-       | 340:-       | 340:-       | 336:addq    r0=136  BUS_LOAD  MEM[336] accepted 1
  805:  340:addq    | 340:-       | 340:-       | 340:-       | 340:-       BUS_LOAD  MEM[336] accepted 1
  806:  344:-       | 340:addq    | 340:-       | 340:-       | 340:-       BUS_LOAD  MEM[336] accepted 1
  807:  344:-       | 344:-       | 340:addq    | 340:-       | 340:-       BUS_LOAD  MEM[336] accepted 1
  808:  344:-       | 344:-       | 344:-       | 340:addq    | 340:-       BUS_LOAD  MEM[336] accepted 1
  809:  344:-       | 344:-       | 344:-       | 344:-       | 340:addq    r1=280  BUS_LOAD  MEM[336] accepted 1
  810:  344:addq    | 344:-       | 344:-       | 344:-       | 344:-       BUS_LOAD  MEM[336] accepted 1
  811:  348:-       | 344:addq    | 344:-       | 344:-       | 344:-       BUS_LOAD  MEM[344] accepted 1
  812:  348:-       | 348:-       | 344:addq    | 344:-       | 344:-       BUS_LOAD  MEM[344] accepted 1
  813:  348:-       | 348:-       | 348:-       | 344:addq    | 344:-       BUS_LOAD  MEM[344] accepted 1
  814:  348:-       | 348:-       | 348:-       | 348:-       | 344:addq    r5=16  BUS_LOAD  MEM[344] accepted 1
  815:  348:cmpult  | 348:-       | 348:-       | 348:-       | 348:-       BUS_LOAD  MEM[344] accepted 1
  816:  352:-       | 348:cmpult  | 348:-       | 348:-       | 348:-       BUS_LOAD  MEM[344] accepted 1
  817:  352:-       | 352:-       | 348:cmpult  | 348:-       | 348:-       BUS_LOAD  MEM[344] accepted 1
  818:  352:-       | 352:-       | 352:-       | 348:cmpult  | 348:-       BUS_LOAD  MEM[344] accepted 1
  819:  352:-       | 352:-       | 352:-       | 352:-       | 348:cmpult  r4=1  BUS_LOAD  MEM[344] accepted 1
  820:  352:bne     | 352:-       | 352:-       | 352:-       | 352:-       BUS_LOAD  MEM[344] accepted 1
  821:  356:-       | 352:bne     | 352:-       | 352:-       | 352:-       BUS_LOAD  MEM[352] accepted 1
  822:  356:-       | 356:-       | 352:bne     | 352:-       | 352:-       BUS_LOAD  MEM[352] accepted 1
  823:  356:-       | 356:-       | 356:-       | 352:bne     | 352:-       BUS_LOAD  MEM[352] accepted 1
  824:  316:-       | 356:-       | 356:-       | 356:-       | 352:bne     BUS_LOAD  MEM[312] accepted 1
  825:  316:ldq     | 316:-       | 356:-       | 356:-       | 356:-       BUS_LOAD  MEM[312] accepted 1
  826:  320:-       | 316:ldq     | 316:-       | 356:-       | 356:-       BUS_LOAD  MEM[312] accepted 1
  827:  320:-       | 320:-       | 316:ldq     | 316:-       | 356:-       BUS_LOAD  MEM[312] accepted 1
  828:  320:-       | 320:-       | 320:-       | 316:ldq     | 316:-       BUS_LOAD  MEM[136] accepted 1
  829:  320:-       | 320:-       | 320:-       | 320:-       | 316:ldq     r2=2  BUS_LOAD  MEM[312] accepted 1
  830:  320:mulq    | 320:-       | 320:-       | 320:-       | 320:-       BUS_LOAD  MEM[312] accepted 1
  831:  324:-       | 320:mulq    | 320:-       | 320:-       | 320:-       BUS_LOAD  MEM[320] accepted 1
  832:  324:-       | 324:-       | 320:mulq    | 320:-       | 320:-       BUS_LOAD  MEM[320] accepted 1
  833:  324:-       | 324:-       | 324:-       | 320:mulq    | 320:-       BUS_LOAD  MEM[320] accepted 1
  834:  324:-       | 324:-       | 324:-       | 324:-       | 320:mulq    r2=19998  BUS_LOAD  MEM[320] accepted 1
  835:  324:ldq     | 324:-       | 324:-       | 324:-       | 324:-       BUS_LOAD  MEM[320] accepted 1
  836:  328:-       | 324:ldq     | 324:-       | 324:-       | 324:-       BUS_LOAD  MEM[320] accepted 1
  837:  328:-       | 328:-       | 324:ldq     | 324:-       | 324:-       BUS_LOAD  MEM[320] accepted 1
  838:  328:-       | 328:-       | 328:-       | 324:ldq     | 324:-       BUS_LOAD  MEM[280] accepted 1
  839:  328:-       | 328:-       | 328:-       | 328:-       | 324:ldq     r3=0  BUS_LOAD  MEM[320] accepted 1
  840:  328:addq    | 328:-       | 328:-       | 328:-       | 328:-       BUS_LOAD  MEM[320] accepted 1
  841:  332:-       | 328:addq    | 328:-       | 328:-       | 328:-       BUS_LOAD  MEM[328] accepted 1
  842:  332:-       | 332:-       | 328:addq    | 328:-       | 328:-       BUS_LOAD  MEM[328] accepted 1
  843:  332:-       | 332:-       | 332:-       | 328:addq    | 328:-       BUS_LOAD  MEM[328] accepted 1
  844:  332:-       | 332:-       | 332:-       | 332:-       | 328:addq    r2=19998  BUS_LOAD  MEM[328] accepted 1
  845:  332:stq     | 332:-       | 332:-       | 332:-       | 332:-       BUS_LOAD  MEM[328] accepted 1
  846:  336:-       | 332:stq     | 332:-       | 332:-       | 332:-       BUS_LOAD  MEM[328] accepted 1
  847:  336:-       | 336:-       | 332:stq     | 332:-       | 332:-       BUS_LOAD  MEM[328] accepted 1
  848:  336:-       | 336:-       | 336:-       | 332:stq     | 332:-       BUS_STORE MEM[280] = 19998 accepted 1
  849:  336:-       | 336:-       | 336:-       | 336:-       | 332:stq     BUS_LOAD  MEM[328] accepted 1
  850:  336:addq    | 336:-       | 336:-       | 336:-       | 336:-       BUS_LOAD  MEM[328] accepted 1
  851:  340:-       | 336:addq    | 336:-       | 336:-       | 336:-       BUS_LOAD  MEM[336] accepted 1
  852:  340:-       | 340:-       | 336:addq    | 336:-       | 336:-       BUS_LOAD  MEM[336] accepted 1
  853:  340:-       | 340:-       | 340:-       | 336:addq    | 336:-       BUS_LOAD  MEM[336] accepted 1
  854:  340:-       | 340:-       | 340:-       | 340:-       | 336:addq    r0=144  BUS_LOAD  MEM[336] accepted 1
  855:  340:addq    | 340:-       | 340:-       | 340:-       | 340:-       BUS_LOAD  MEM[336] accepted 1
  856:  344:-       | 340:addq    | 340:-       | 340:-       | 340:-       BUS_LOAD  MEM[336] accepted 1
  857:  344:-       | 344:-       | 340:addq    | 340:-       | 340:-       BUS_LOAD  MEM[336] accepted 1
  858:  344:-       | 344:-       | 344:-       | 340:addq    | 340:-       BUS_LOAD  MEM[336] accepted 1
  859:  344:-       | 344:-       | 344:-       | 344:-       | 340:addq    r1=288  BUS_LOAD  MEM[336] accepted 1
  860:  344:addq    | 344:-       | 344:-       | 344:-       | 344:-       BUS_LOAD  MEM[336] accepted 1
  861:  348:-       | 344:addq    | 344:-       | 344:-       | 344:-       BUS_LOAD  MEM[344] accepted 1
  862:  348:-       | 348:-       | 344:addq    | 344:-       | 344:-       BUS_LOAD  MEM[344] accepted 1
  863:  348:-       | 348:-       | 348:-       | 344:addq    | 344:-       BUS_LOAD  MEM[344] accepted 1
  864:  348:-       | 348:-       | 348:-       | 348:-       | 344:addq    r5=17  BUS_LOAD  MEM[344] accepted 1
  865:  348:cmpult  | 348:-       | 348:-       | 348:-       | 348:-       BUS_LOAD  MEM[344] accepted 1
  866:  352:-       | 348:cmpult  | 348:-       | 348:-       | 348:-       BUS_LOAD  MEM[344] accepted 1
  867:  352:-       | 352:-       | 348:cmpult  | 348:-       | 348:-       BUS_LOAD  MEM[344] accepted 1
  868:  352:-       | 352:-       | 352:-       | 348:cmpult  | 348:-       BUS_LOAD  MEM[344] accepted 1
  869:  352:-       | 352:-       | 352:-       | 352:-       | 348:cmpult  r4=1  BUS_LOAD  MEM[344] accepted 1
  870:  352:bne     | 352:-       | 352:-       | 352:-       | 352:-       BUS_LOAD  MEM[344] accepted 1
  871:  356:-       | 352:bne     | 352:-       | 352:-       | 352:-       BUS_LOAD  MEM[352] accepted 1
  872:  356:-       | 356:-       | 352:bne     | 352:-       | 352:-       BUS_LOAD  MEM[352] accepted 1
  873:  356:-       | 356:-       | 356:-       | 352:bne     | 352:-       BUS_LOAD  MEM[352] accepted 1
  874:  316:-       | 356:-       | 356:-       | 356:-       | 352:bne     BUS_LOAD  MEM[312] accepted 1
  875:  316:ldq     | 316:-       | 356:-       | 356:-       | 356:-       BUS_LOAD  MEM[312] accepted 1
  876:  320:-       | 316:ldq     | 316:-       | 356:-       | 356:-       BUS_LOAD  MEM[312] accepted 1
  877:  320:-       | 320:-       | 316:ldq     | 316:-       | 356:-       BUS_LOAD  MEM[312] accepted 1
  878:  320:-       | 320:-       | 320:-       | 316:ldq     | 316:-       BUS_LOAD  MEM[144] accepted 1
  879:  320:-       | 320:-       | 320:-       | 320:-       | 316:ldq     r2=3  BUS_LOAD  MEM[312] accepted 1
  880:  320:mulq    | 320:-       | 320:-       | 320:-       | 320:-       BUS_LOAD  MEM[312] accepted 1
  881:  324:-       | 320:mulq    | 320:-       | 320:-       | 320:-       BUS_LOAD  MEM[320] accepted 1
  882:  324:-       | 324:-       | 320:mulq    | 320:-       | 320:-       BUS_LOAD  MEM[320] accepted 1
  883:  324:-       | 324:-       | 324:-       | 320:mulq    | 320:-       BUS_LOAD  MEM[320] accepted 1
  884:  324:-       | 324:-       | 324:-       | 324:-       | 320:mulq    r2=29997  BUS_LOAD  MEM[320] accepted 1
  885:  324:ldq     | 324:-       | 324:-       | 324:-       | 324:-       BUS_LOAD  MEM[320] accepted 1
  886:  328:-       | 324:ldq     | 324:-       | 324:-       | 324:-       BUS_LOAD  MEM[320] accepted 1
  887:  328:-       | 328:-       | 324:ldq     | 324:-       | 324:-       BUS_LOAD  MEM[320] accepted 1
  888:  328:-       | 328:-       | 328:-       | 324:ldq     | 324:-       BUS_LOAD  MEM[288] accepted 1
  889:  328:-       | 328:-       | 328:-       | 328:-       | 324:ldq     r3=4  BUS_LOAD  MEM[320] accepted 1
  890:  328:addq    | 328:-       | 328:-       | 328:-       | 328:-       BUS_LOAD  MEM[320] accepted 1
  891:  332:-       | 328:addq    | 328:-       | 328:-       | 328:-       BUS_LOAD  MEM[328] accepted 1
  892:  332:-       | 332:-       | 328:addq    | 328:-       | 328:-       BUS_LOAD  MEM[328] accepted 1
  893:  332:-       | 332:-       | 332:-       | 328:addq    | 328:-       BUS_LOAD  MEM[328] accepted 1
  894:  332:-       | 332:-       | 332:-       | 332:-       | 328:addq    r2=30001  BUS_LOAD  MEM[328] accepted 1
  895:  332:stq     | 332:-       | 332:-       | 332:-       | 332:-       BUS_LOAD  MEM[328] accepted 1
  896:  336:-       | 332:stq     | 332:-       | 332:-       | 332:-       BUS_LOAD  MEM[328] accepted 1
  897:  336:-       | 336:-       | 332:stq     | 332:-       | 332:-       BUS_LOAD  MEM[328] accepted 1
  898:  336:-       | 336:-       | 336:-       | 332:stq     | 332:-       BUS_STORE MEM[288] = 30001 accepted 1
  899:  336:-       | 336:-       | 336:-       | 336:-       | 332:stq     BUS_LOAD  MEM[328] accepted 1
  900:  336:addq    | 336:-       | 336:-       | 336:-       | 336:-       BUS_LOAD  MEM[328] accepted 1
  901:  340:-       | 336:addq    | 336:-       | 336:-       | 336:-       BUS_LOAD  MEM[336] accepted 1
  902:  340:-       | 340:-       | 336:addq    | 336:-       | 336:-       BUS_LOAD  MEM[336] accepted 1
  903:  340:-       | 340:-       | 340:-       | 336:addq    | 336:-       BUS_LOAD  MEM[336] accepted 1
  904:  340:-       | 340:-       | 340:-       | 340:-       | 336:addq    r0=152  BUS_LOAD  MEM[336] accepted 1
  905:  340:addq    | 340:-       | 340:-       | 340:-       | 340:-       BUS_LOAD  MEM[336] accepted 1
  906:  344:-       | 340:addq    | 340:-       | 340:-       | 340:-       BUS_LOAD  MEM[336] accepted 1
  907:  344:-       | 344:-       | 340:addq    | 340:-       | 340:-       BUS_LOAD  MEM[336] accepted 1
  908:  344:-       | 344:-       | 344:-       | 340:addq    | 340:-       BUS_LOAD  MEM[336] accepted 1
  909:  344:-       | 344:-       | 344:-       | 344:-       | 340:addq    r1=296  BUS_LOAD  MEM[336] accepted 1
  910:  344:addq    | 344:-       | 344:-       | 344:-       | 344:-       BUS_LOAD  MEM[336] accepted 1
  911:  348:-       | 344:addq    | 344:-       | 344:-       | 344:-       BUS_LOAD  MEM[344] accepted 1
  912:  348:-       | 348:-       | 344:addq    | 344:-       | 344:-       BUS_LOAD  MEM[344] accepted 1
  913:  348:-       | 348:-       | 348:-       | 344:addq    | 344:-       BUS_LOAD  MEM[344] accepted 1
  914:  348:-       | 348:-       | 348:-       | 348:-       | 344:addq    r5=18  BUS_LOAD  MEM[344] accepted 1
  915:  348:cmpult  | 348:-       | 348:-       | 348:-       | 348:-       BUS_LOAD  MEM[344] accepted 1
  916:  352:-       | 348:cmpult  | 348:-       | 348:-       | 348:-       BUS_LOAD  MEM[344] accepted 1
  917:  352:-       | 352:-       | 348:cmpult  | 348:-       | 348:-       BUS_LOAD  MEM[344] accepted 1
  918:  352:-       | 352:-       | 352:-       | 348:cmpult  | 348:-       BUS_LOAD  MEM[344] accepted 1
  919:  352:-       | 352:-       | 352:-       | 352:-       | 348:cmpult  r4=0  BUS_LOAD  MEM[344] accepted 1
  920:  352:bne     | 352:-       | 352:-       | 352:-       | 352:-       BUS_LOAD  MEM[344] accepted 1
  921:  356:-       | 352:bne     | 352:-       | 352:-       | 352:-       BUS_LOAD  MEM[352] accepted 1
  922:  356:-       | 356:-       | 352:bne     | 352:-       | 352:-       BUS_LOAD  MEM[352] accepted 1
  923:  356:-       | 356:-       | 356:-       | 352:bne     | 352:-       BUS_LOAD  MEM[352] accepted 1
  924:  356:-       | 356:-       | 356:-       | 356:-       | 352:bne     BUS_LOAD  MEM[352] accepted 1
  925:  356:halt    | 356:-       | 356:-       | 356:-       | 356:-       BUS_LOAD  MEM[352] accepted 1
  926:  360:-       | 356:halt    | 356:-       | 356:-       | 356:-       BUS_LOAD  MEM[352] accepted 1
  927:  360:-       | 360:-       | 356:halt    | 356:-       | 356:-       BUS_LOAD  MEM[352] accepted 1
  928:  360:-       | 360:-       | 360:-       | 356:halt    | 356:-       BUS_LOAD  MEM[352] accepted 1
  929:  360:-       | 360:-       | 360:-       | 360:-       | 356:halt    BUS_LOAD  MEM[352] accepted 1
