16:26:57    16 -->                                                             [tcl] ucliGUI::connect -toolargs -ucligui -toolexe dve -report 14298 3 /home/zyuxuan/classes/eecs470/projects/project3/DVEfiles//crash_10.10-16.26/ -full64 -pid 24362 -toolin /tmp/vcs_20151010202655_24361_zyuxuan..stdin -toolout /tmp/vcs_20151010202655_24361_zyuxuan..stdout  
16:26:57    17 -->                                                                 [tcl] set ucliGUI::state
16:26:57    18 -->                                                                     [tcl] gui_update_simulator_buttons
16:26:58    19 -->                                                                         [tcl] set ucliGUI::state
16:26:58    20 -->                                                                             [tcl] ucliCore::getToolPID
16:26:58    21 -->                                                                                 [tcl] synopsys::env hasTB
16:26:58    22 -->                                                                                     [tcl] trigger_hier_stack_context_switch 0
16:26:58    23 -->                                                                                         [tcl] synUtils::setDVEInitPhase 1
16:26:58    24 -->                                                                                             [tcl] gui_get_env SIMSETUP::SIMVPD
16:26:58    25 --> ...  [tcl] synopsys::dump -type VPD -file /home/zyuxuan/classes/eecs470/projects/project3/inter.vpd -locking
16:26:58    26 --> ...      [tcl] synopsys::dump -autoflush on -fid VPD0
16:26:58    27 --> ...          [tcl] set ::dve_fid VPD0
16:26:58    28 --> ...              [tcl] synUtils::setDVEInitPhase 0
16:26:58    29 --> ...                  [tcl] ucliCore::getToolPID
16:26:58    30 --> ...                      [tcl] synUtils::sendTool -active _icl_setToolSocket /tmp/smlnpdCovmb
16:26:58    31 --> ...                          [tcl] synUtils::sendTool -active {_icl_start_rpc -version "K-2015.09_Full64" -sync_file /tmp/vcs_dve_rpc.zyuxuan.24362}
16:26:58    32 --> ...                              [tcl] synUtils::sendTool -active {_icl_createSharedMemory /tmp/vcs_dve_general.zyuxuan.24362}
16:26:58    33 --> ...                                  [tcl] dveMisc::vbusExpand testbench
16:26:58    34 --> ...                                      [tcl] dveMisc::vbusExpand _vcs_unit__466272505
16:26:58    35 --> ...                                          [tcl] ucliGUI::vpdAddHierarchy -scope testbench -depth 1 -file /home/zyuxuan/classes/eecs470/projects/project3/inter.vpd; synopsys::dump -flush VPD0
16:26:58    36 --> ...                                              [tcl] ucliGUI::getSignalValues -scope testbench -radix {binary binary hexadecimal hexadecimal symbolic hexadecimal hexadecimal hexadecimal hexadecimal hexadecimal hexadecimal hexadecimal hexadecimal hexadecimal hexadecimal binary hexadecimal hexadecimal hexadecimal binary hexadecimal hexadecimal binary hexadecimal hexadecimal binary hexadecimal hexadecimal binary hexadecimal hexadecimal binary } -list {clock reset {clock_count[31:0]} {instr_count[31:0]} {wb_fileno[31:0]} {proc2mem_command[1:0]} {proc2mem_addr[63:0]} {proc2mem_data[63:0]} {mem2proc_response[3:0]} {mem2proc_data[63:0]} {mem2proc_tag[3:0]} {pipeline_completed_insts[3:0]} pipeline_error_status {pipeline_commit_wr_idx[4:0]} {pipeline_commit_wr_data[63:0]} pipeline_commit_wr_en {pipeline_commit_NPC[63:0]} {if_NPC_out[63:0]} {if_IR_out[31:0]} if_valid_inst_out {if_id_NPC[63:0]} {if_id_IR[31:0]} if_id_valid_inst {id_ex_NPC[63:0]} {id_ex_IR[31:0]} id_ex_valid_inst {ex_mem_NPC[63:0]} {ex_mem_IR[31:0]} ex_mem_valid_inst {mem_wb_NPC[63:0]} {mem_wb_IR[31:0]} mem_wb_valid_inst }
16:26:58    37 --> ...                                                  [tcl] config endofsim noexit
16:26:58    38 --> ...                                                      [tcl] config onfail enable all
16:26:58    39 --> ...                                                          [tcl] config syscaddplainmembers
16:26:58    40 --> ...                                                              [tcl] config syscaddsourcenames
16:26:58    41 --> ...                                                                  [tcl] config syscaddstructtypes
16:26:58    42 --> ...                                                                      [tcl] synopsys::listing -disable
16:27:04    43 --> ...                                                                          [tcl] if [catch {gui_sim_terminate}] {gui_sim_terminate -kill}
16:27:04    44 --> ...                                                                              [tcl] synopsys::finish
16:27:04    45 --> ...                                                                                  [tcl] set ucliGUI::state
16:27:04    46 --> ...                                                                                      [tcl] set ucliGUI::state
16:27:04    47 --> ...                                                                                          [tcl] catch {senv activeDomain} dveMisc::result 
16:27:04    48 --> ...                                                                                              [tcl] set dveMisc::result
16:27:04    49 --> ...                                                                                                  [tcl] gui_update_simulator_buttons
16:27:04    50 --> ...  [tcl] catch {senv activeDomain} dveMisc::result 
16:27:04    51 --> ...      [tcl] set dveMisc::result
16:27:04    52 --> ...          [tcl] ucli_exit
