Warning-[RT_UO] Unsupported option
  Unsupported option '-full64' is ignored
Warning-[RT_UO] Unsupported option
  Unsupported option '-full64' is ignored
Chronologic VCS simulator copyright 1991-2015
Contains Synopsys proprietary information.
Compiler version K-2015.09_Full64; Runtime version K-2015.09_Full64;  Oct 10 16:26 2015
Chronologic VCS simulator copyright 1991-2015
Contains Synopsys proprietary information.
Compiler version K-2015.09_Full64; Runtime version K-2015.09_Full64;  Oct 10 16:26 2015
VCD+ Writer K-2015.09_Full64 Copyright (c) 1991-2015 by Synopsys Inc.
VCD+ Writer K-2015.09_Full64 Copyright (c) 1991-2015 by Synopsys Inc.
The file '/home/zyuxuan/classes/eecs470/projects/project3/inter.vpd' was opened successfully.
The file '/home/zyuxuan/classes/eecs470/projects/project3/inter.vpd' was opened successfully.
           V C S   S i m u l a t i o n   R e p o r t 
Time: 000 ps
CPU Time:      0.060 seconds;       Data structure size:   0.2Mb
Sat Oct 10 16:27:01 2015
           V C S   S i m u l a t i o n   R e p o r t 
Time: 000 ps
CPU Time:      0.090 seconds;       Data structure size:   0.2Mb
Sat Oct 10 16:27:04 2015
