# Preference setting overrides
gui_create_pref_key -category {Globals} -key {load_detail_for_funcov} -value_type {bool} -value {false}
gui_set_pref_value -category {Source} -key {value_annotate} -value {true}

# State setting overrides
gui_state_default_create -off -ini
gui_set_state_value -category Globals -key recent_sessions -value {{gui_load_session -ignore_errors -file /home/zyuxuan/classes/eecs470/labs/lab1/a.inter.vpd.tcl} {gui_load_session -ignore_errors -file /home/zyuxuan/classes/eecs470/labs/lab1/view01.inter.vpd.tcl}}
gui_set_state_value -category Layout -key child_console_size_x -value 319
gui_set_state_value -category Layout -key child_console_size_y -value 179
gui_set_state_value -category Layout -key child_data_colvariable -value 202
gui_set_state_value -category Layout -key child_data_size_x -value 193
gui_set_state_value -category Layout -key child_data_size_y -value 1031
gui_set_state_value -category Layout -key child_driver_size_x -value 686
gui_set_state_value -category Layout -key child_driver_size_y -value 179
gui_set_state_value -category Layout -key child_hier_col3 -value {-1}
gui_set_state_value -category Layout -key child_hier_colhier -value 234
gui_set_state_value -category Layout -key child_hier_colpd -value 0
gui_set_state_value -category Layout -key child_hier_coltype -value 111
gui_set_state_value -category Layout -key child_hier_size_x -value 296
gui_set_state_value -category Layout -key child_hier_size_y -value 1031
gui_set_state_value -category Layout -key child_schematic_docknewline -value false
gui_set_state_value -category Layout -key child_schematic_pos_x -value {-2}
gui_set_state_value -category Layout -key child_schematic_pos_y -value {-18}
gui_set_state_value -category Layout -key child_schematic_size_x -value 727
gui_set_state_value -category Layout -key child_schematic_size_y -value 555
gui_set_state_value -category Layout -key child_source_docknewline -value false
gui_set_state_value -category Layout -key child_source_pos_x -value {-2}
gui_set_state_value -category Layout -key child_source_pos_y -value {-18}
gui_set_state_value -category Layout -key child_source_size_x -value 1779
gui_set_state_value -category Layout -key child_source_size_y -value 1027
gui_set_state_value -category Layout -key child_wave_colname -value 360
gui_set_state_value -category Layout -key child_wave_colvalue -value 361
gui_set_state_value -category Layout -key child_wave_docknewline -value false
gui_set_state_value -category Layout -key child_wave_left -value 725
gui_set_state_value -category Layout -key child_wave_pos_x -value {-2}
gui_set_state_value -category Layout -key child_wave_pos_y -value {-18}
gui_set_state_value -category Layout -key child_wave_right -value 1767
gui_set_state_value -category Layout -key child_wave_size_x -value 1797
gui_set_state_value -category Layout -key child_wave_size_y -value 932
gui_set_state_value -category Layout -key main_pos_x -value 9
gui_set_state_value -category Layout -key main_pos_y -value 92
gui_set_state_value -category Layout -key main_size_x -value 2273
gui_set_state_value -category Layout -key main_size_y -value 1413
gui_set_state_value -category Layout -key stand_source_child_docknewline -value false
gui_set_state_value -category Layout -key stand_source_child_pos_x -value {-2}
gui_set_state_value -category Layout -key stand_source_child_pos_y -value {-18}
gui_set_state_value -category Layout -key stand_source_child_size_x -value 778
gui_set_state_value -category Layout -key stand_source_child_size_y -value 555
gui_set_state_value -category Layout -key stand_wave_child_docknewline -value false
gui_set_state_value -category Layout -key stand_wave_child_pos_x -value {-2}
gui_set_state_value -category Layout -key stand_wave_child_pos_y -value {-18}
gui_set_state_value -category Layout -key stand_wave_child_size_x -value 2502
gui_set_state_value -category Layout -key stand_wave_child_size_y -value 1264
gui_set_state_value -category Layout -key stand_wave_top_pos_x -value 61
gui_set_state_value -category Layout -key stand_wave_top_pos_y -value 56
gui_set_state_value -category Layout -key stand_wave_top_size_x -value 2558
gui_set_state_value -category Layout -key stand_wave_top_size_y -value 1413
gui_create_state_key -category FindDialog -key m_pMatchCase -value_type bool -value false
gui_create_state_key -category FindDialog -key m_pMatchWord -value_type bool -value false
gui_create_state_key -category FindDialog -key m_pUseCombo -value_type string -value {}
gui_create_state_key -category FindDialog -key m_pWrapAround -value_type bool -value true
gui_state_default_create -off

# Begin command logging
gui_sim_run Ucli -exe dve -args {-ucligui  -report 14298 3 /home/zyuxuan/classes/eecs470/projects/project3/DVEfiles//crash_10.10-16.26/ -full64} -dir .
